#
# A fatal error has been detected by the Java Runtime Environment:
#
#  SIGSEGV (0xb) at pc=0x00007edbfae6495d, pid=7241, tid=7696
#
# JRE version: OpenJDK Runtime Environment Temurin-21.0.10+7 (21.0.10+7) (build 21.0.10+7-LTS)
# Java VM: OpenJDK 64-Bit Server VM Temurin-21.0.10+7 (21.0.10+7-LTS, mixed mode, sharing, tiered, compressed oops, compressed class ptrs, parallel gc, linux-amd64)
# Problematic frame:
# V  [libjvm.so+0x66495d]  Compile::identify_useful_nodes(Unique_Node_List&)+0x12d
#
# Core dump will be written. Default location: Core dumps may be processed with "/usr/lib/systemd/systemd-coredump %P %u %g %s %t 9223372036854775808 %h %d" (or dumping to /home/francisco/Documentos/PlatformIO/Projects/Esp-AlexaPampas/core.7241)
#
# If you would like to submit a bug report, please visit:
#   https://github.com/adoptium/adoptium-support/issues
#

---------------  S U M M A R Y ------------

Command Line: --add-modules=ALL-SYSTEM --add-opens=java.base/java.util=ALL-UNNAMED --add-opens=java.base/java.lang=ALL-UNNAMED --add-opens=java.base/sun.nio.fs=ALL-UNNAMED -Declipse.application=org.eclipse.jdt.ls.core.id1 -Dosgi.bundles.defaultStartLevel=4 -Declipse.product=org.eclipse.jdt.ls.core.product -Djava.import.generatesMetadataFilesAtProjectRoot=false -DDetectVMInstallationsJob.disabled=true -Dfile.encoding=utf8 -XX:+UseParallelGC -XX:GCTimeRatio=4 -XX:AdaptiveSizePolicyWeight=90 -Dsun.zip.disableMemoryMapping=true -Xmx2G -Xms100m -Xlog:disable -javaagent:/home/francisco/.vscode/extensions/redhat.java-1.54.0-linux-x64/lombok/lombok-1.18.39-4050.jar -XX:+HeapDumpOnOutOfMemoryError -XX:HeapDumpPath=/home/francisco/.config/Code/User/workspaceStorage/346a9e4e5cde47f56b92528e22654273/redhat.java -Daether.dependencyCollector.impl=bf /home/francisco/.vscode/extensions/redhat.java-1.54.0-linux-x64/server/plugins/org.eclipse.equinox.launcher_1.7.100.v20251111-0406.jar -configuration /home/francisco/.config/Code/User/globalStorage/redhat.java/1.54.0/config_linux -data /home/francisco/.config/Code/User/workspaceStorage/346a9e4e5cde47f56b92528e22654273/redhat.java/jdt_ws --pipe=/run/user/1000/lsp-7ff78c5d89d40f8530e989a97ae7de0a.sock

Host: AMD Ryzen 7 5825U with Radeon Graphics, 16 cores, 15G, Linux Mint 22.1 Xia
Time: Fri May  8 14:40:42 2026 -03 elapsed time: 3.522932 seconds (0d 0h 0m 3s)

---------------  T H R E A D  ---------------

Current thread (0x00007edb6c120ec0):  JavaThread "C2 CompilerThread2" daemon [_thread_in_native, id=7696, stack(0x00007edb96800000,0x00007edb96900000) (1024K)]


Current CompileTask:
C2:3523 3299       4       java.lang.invoke.MethodType::makeImpl (109 bytes)

Stack: [0x00007edb96800000,0x00007edb96900000],  sp=0x00007edb968fcd60,  free space=1011k
Native frames: (J=compiled Java code, j=interpreted, Vv=VM code, C=native code)
V  [libjvm.so+0x66495d]  Compile::identify_useful_nodes(Unique_Node_List&)+0x12d
V  [libjvm.so+0xd5b67f]  PhaseRemoveUseless::PhaseRemoveUseless(PhaseGVN*, Unique_Node_List&, Phase::PhaseNumber)+0x9f
V  [libjvm.so+0x675c7b]  Compile::Compile(ciEnv*, ciMethod*, int, Options, DirectiveSet*)+0x147b
V  [libjvm.so+0x59ad7b]  C2Compiler::compile_method(ciEnv*, ciMethod*, int, bool, DirectiveSet*)+0x18b
V  [libjvm.so+0x67bbce]  CompileBroker::invoke_compiler_on_method(CompileTask*)+0xc9e
V  [libjvm.so+0x67ef08]  CompileBroker::compiler_thread_loop()+0x738
V  [libjvm.so+0x92f8a8]  JavaThread::thread_main_inner()+0x1d8
V  [libjvm.so+0xf84d48]  Thread::call_run()+0xa8
V  [libjvm.so+0xd0e2da]  thread_native_entry(Thread*)+0xda
C  [libc.so.6+0x9caa4]

siginfo: si_signo: 11 (SIGSEGV), si_code: 1 (SEGV_MAPERR), si_addr: 0x0000000000000080

Registers:
RAX=0x00007edb64062da0, RBX=0x0000000000000000, RCX=0x0000000000001b0e, RDX=0x0000000000000010
RSP=0x00007edb968fcd60, RBP=0x00007edb968fcdb0, RSI=0x00007edb4c2467a8, RDI=0x00000000ef81cfbf
R8 =0x00007edb64062d68, R9 =0x00007edb4c246350, R10=0x0000000000000001, R11=0x0000000000000003
R12=0x0000000000000080, R13=0x0000000000001b0d, R14=0x0000000000001735, R15=0x00007edb968fcfc0
RIP=0x00007edbfae6495d, EFLAGS=0x0000000000010246, CSGSFS=0x002b000000000033, ERR=0x0000000000000004
  TRAPNO=0x000000000000000e

XMM[0]=0x0000000000000000 0x0000000000000000
XMM[1]=0x0000000000000000 0x0000000000000000
XMM[2]=0x0000000000000000 0x0000000000000000
XMM[3]=0x0000000000000000 0x00007edb541a3e60
XMM[4]=0x00007edb4c263b48 0x00007edb4c263350
XMM[5]=0x00007edb4c262be8 0x00007edb4c262a70
XMM[6]=0x00007edb6c2b7218 0x00007edb4c265018
XMM[7]=0x00007edb4c265998 0x00007edb6c13a538
XMM[8]=0x00007edb6c169e88 0x00007edb6c1682a8
XMM[9]=0x0000000000000000 0x0000000000000002
XMM[10]=0x0000000000000000 0x46293e5939a08cea
XMM[11]=0x0000000000000000 0x4376345785d8a000
XMM[12]=0x00007edb701769c0 0x00007edb70176960
XMM[13]=0x0000000000000000 0x00007edb70176e40
XMM[14]=0x0000000000000000 0x00007edb70176f00
XMM[15]=0x0000000000000000 0x00007edb70176fc0
  MXCSR=0x00001fa2


Register to memory mapping:

RAX=0x00007edb64062da0 points into unknown readable memory: 0x0000000000000000 | 00 00 00 00 00 00 00 00
RBX=0x0 is null
RCX=0x0000000000001b0e is an unknown value
RDX=0x0000000000000010 is an unknown value
RSP=0x00007edb968fcd60 is pointing into the stack for thread: 0x00007edb6c120ec0
RBP=0x00007edb968fcdb0 is pointing into the stack for thread: 0x00007edb6c120ec0
RSI=0x00007edb4c2467a8 points into unknown readable memory: 0x7cfc06bfef81cfbf | bf cf 81 ef bf 06 fc 7c
RDI=0x00000000ef81cfbf is an unallocated location in the heap
R8 =0x00007edb64062d68 points into unknown readable memory: 0x00007edbfbceb268 | 68 b2 ce fb db 7e 00 00
R9 =0x00007edb4c246350 points into unknown readable memory: 0xdfa7a1e7e70b9feb | eb 9f 0b e7 e7 a1 a7 df
R10=0x0000000000000001 is an unknown value
R11=0x0000000000000003 is an unknown value
R12=0x0000000000000080 is an unknown value
R13=0x0000000000001b0d is an unknown value
R14=0x0000000000001735 is an unknown value
R15=0x00007edb968fcfc0 is pointing into the stack for thread: 0x00007edb6c120ec0

Top of Stack: (sp=0x00007edb968fcd60)
0x00007edb968fcd60:   00007edb968fcd80 0000000000001000
0x00007edb968fcd70:   0000000000002016 00007edb140011a0
0x00007edb968fcd80:   00007edb968fcda0 00007edb968fcfb0
0x00007edb968fcd90:   00007edb6c0931f0 00007edb968fcfc0
0x00007edb968fcda0:   00007edb968fd010 00007edb968fcfe0
0x00007edb968fcdb0:   00007edb968fce00 00007edbfb55b67f
0x00007edb968fcdc0:   00007edb00000000 00007edbfb0935af
0x00007edb968fcdd0:   00007edb6c097458 00007edbf40603e0
0x00007edb968fcde0:   00007edb6c1106a0 00007edb968fce70
0x00007edb968fcdf0:   00007edb968fcef0 00007edb968fdad0
0x00007edb968fce00:   00007edb968fda30 00007edbfae75c7b
0x00007edb968fce10:   0000000000000000 0000000000000000
0x00007edb968fce20:   00007edb6c093260 00007edb140012b0
0x00007edb968fce30:   00007edb968fceb0 0000010101010101
0x00007edb968fce40:   00007edb6c1106a0 00007edb4c1420f0
0x00007edb968fce50:   00007edb4c149420 00007edb4c14a0d8
0x00007edb968fce60:   0000000000040298 0000000000000000
0x00007edb968fce70:   0000000000000000 0000000000000000
0x00007edb968fce80:   0000000000000000 0000000000000000
0x00007edb968fce90:   0000000000000000 00007edbfb926088
0x00007edb968fcea0:   0000000000000000 0000000000000000
0x00007edb968fceb0:   0000000000000000 0000000000000000
0x00007edb968fcec0:   0000000000000000 0000000000000000
0x00007edb968fced0:   0000000000000000 0000000000000000
0x00007edb968fcee0:   0000000000000000 0000000000000000
0x00007edb968fcef0:   0000000000000000 0000000000000000
0x00007edb968fcf00:   0000000000000000 0000000000000000
0x00007edb968fcf10:   0000000000000000 00007edbfb922501
0x00007edb968fcf20:   0000000000000000 0000000000000000
0x00007edb968fcf30:   0000000000000000 00007edbfb922501
0x00007edb968fcf40:   0000000000000000 0000000000000000
0x00007edb968fcf50:   00007edbfbc2ac48 0000000000000001 

Instructions: (pc=0x00007edbfae6495d)
0x00007edbfae6485d:   8b 47 10 48 c7 04 d8 00 00 00 00 4d 8b ac 24 e0
0x00007edbfae6486d:   02 00 00 4d 85 ed 74 36 45 8b 75 28 44 89 f3 c1
0x00007edbfae6487d:   eb 05 41 3b 5f 20 0f 83 b1 01 00 00 49 8b 57 28
0x00007edbfae6488d:   44 89 f1 b8 01 00 00 00 d3 e0 48 8d 0c 9a 89 c6
0x00007edbfae6489d:   8b 11 09 d6 89 31 85 d0 0f 84 9f 01 00 00 4d 8b
0x00007edbfae648ad:   a4 24 e8 02 00 00 4d 85 e4 74 37 45 8b 6c 24 28
0x00007edbfae648bd:   44 89 eb c1 eb 05 41 3b 5f 20 0f 83 9b 01 00 00
0x00007edbfae648cd:   49 8b 57 28 44 89 e9 b8 01 00 00 00 d3 e0 48 8d
0x00007edbfae648dd:   0c 9a 89 c6 8b 11 09 d6 89 31 85 d0 0f 84 2d 01
0x00007edbfae648ed:   00 00 41 8b 4f 18 45 31 f6 85 c9 0f 84 db 00 00
0x00007edbfae648fd:   00 66 90 49 8b 57 10 44 89 f0 4c 8b 04 c2 41 8b
0x00007edbfae6490d:   50 1c 85 d2 0f 84 b5 00 00 00 48 c1 e2 03 31 db
0x00007edbfae6491d:   eb 2b 90 b8 01 00 00 00 d3 e0 89 c1 49 8b 47 28
0x00007edbfae6492d:   89 cf 4a 8d 34 a8 8b 06 09 c7 89 3e 85 c1 74 63
0x00007edbfae6493d:   48 83 c3 08 48 39 da 0f 84 7e 00 00 00 49 8b 40
0x00007edbfae6494d:   08 4c 8b 24 18 4d 85 e4 74 e6 41 f6 c4 01 75 e0
0x00007edbfae6495d:   49 83 3c 24 fe 74 d9 41 8b 4c 24 28 41 89 cd 41
0x00007edbfae6496d:   c1 ed 05 45 3b 6f 20 72 aa 49 8d 7f 20 44 89 ee
0x00007edbfae6497d:   48 89 55 b8 89 4d c0 4c 89 45 c8 e8 63 e6 97 00
0x00007edbfae6498d:   48 8b 55 b8 8b 4d c0 4c 8b 45 c8 eb 86 66 0f 1f
0x00007edbfae6499d:   44 00 00 45 8b 6f 18 41 8d 45 01 41 89 47 18 45
0x00007edbfae649ad:   3b 6f 08 73 3e 49 8b 47 10 48 83 c3 08 4e 89 24
0x00007edbfae649bd:   e8 48 39 da 75 87 0f 1f 44 00 00 41 8b 4f 18 41
0x00007edbfae649cd:   83 c6 01 41 39 ce 0f 82 27 ff ff ff 48 83 c4 28
0x00007edbfae649dd:   5b 41 5c 41 5d 41 5e 41 5f 5d c3 0f 1f 84 00 00
0x00007edbfae649ed:   00 00 00 44 89 ee 4c 89 ff 48 89 55 c0 4c 89 45
0x00007edbfae649fd:   c8 e8 cd 24 67 00 48 8b 55 c0 4c 8b 45 c8 eb a5
0x00007edbfae64a0d:   89 de 4c 89 ff e8 b9 24 67 00 e9 40 fe ff ff 41
0x00007edbfae64a1d:   8b 5f 18 8d 43 01 41 89 47 18 41 3b 5f 08 73 4b
0x00007edbfae64a2d:   49 8b 47 10 4c 89 24 d8 e9 b5 fe ff ff 49 8d 7f
0x00007edbfae64a3d:   20 89 de e8 ab e5 97 00 e9 3f fe ff ff 41 8b 5f
0x00007edbfae64a4d:   18 8d 43 01 41 89 47 18 41 3b 5f 08 73 29 49 8b 


Stack slot to memory mapping:

stack at sp + 0 slots: 0x00007edb968fcd80 is pointing into the stack for thread: 0x00007edb6c120ec0
stack at sp + 1 slots: 0x0000000000001000 is an unknown value
stack at sp + 2 slots: 0x0000000000002016 is an unknown value
stack at sp + 3 slots: 0x00007edb140011a0 points into unknown readable memory: 0x00007edbfbcd6ef0 | f0 6e cd fb db 7e 00 00
stack at sp + 4 slots: 0x00007edb968fcda0 is pointing into the stack for thread: 0x00007edb6c120ec0
stack at sp + 5 slots: 0x00007edb968fcfb0 is pointing into the stack for thread: 0x00007edb6c120ec0
stack at sp + 6 slots: 0x00007edb6c0931f0 points into unknown readable memory: 0x00007edb968fdc00 | 00 dc 8f 96 db 7e 00 00
stack at sp + 7 slots: 0x00007edb968fcfc0 is pointing into the stack for thread: 0x00007edb6c120ec0


---------------  P R O C E S S  ---------------

Threads class SMR info:
_java_thread_list=0x00007edb30617f20, length=23, elements={
0x00007edbf402ad80, 0x00007edbf421a6d0, 0x00007edbf421bc10, 0x00007edbf421d370,
0x00007edbf421e980, 0x00007edbf421fef0, 0x00007edbf4221a80, 0x00007edbf4223110,
0x00007edb7006eb40, 0x00007edb7006fdf0, 0x00007edbf4280690, 0x00007edbf42e9500,
0x00007edbf449b350, 0x00007edbf44f6a40, 0x00007edb38025a90, 0x00007edbf44f9860,
0x00007edb303f8760, 0x00007edb3033db50, 0x00007edb6c1206c0, 0x00007edb6c120ec0,
0x00007edb3055e590, 0x00007edb30609780, 0x00007edb30617360
}

Java Threads: ( => current thread )
  0x00007edbf402ad80 JavaThread "main"                              [_thread_blocked, id=7242, stack(0x00007edbfa617000,0x00007edbfa717000) (1024K)]
  0x00007edbf421a6d0 JavaThread "Reference Handler"          daemon [_thread_blocked, id=7246, stack(0x00007edbe0500000,0x00007edbe0600000) (1024K)]
  0x00007edbf421bc10 JavaThread "Finalizer"                  daemon [_thread_blocked, id=7247, stack(0x00007edbe0400000,0x00007edbe0500000) (1024K)]
  0x00007edbf421d370 JavaThread "Signal Dispatcher"          daemon [_thread_blocked, id=7248, stack(0x00007edbe0300000,0x00007edbe0400000) (1024K)]
  0x00007edbf421e980 JavaThread "Service Thread"             daemon [_thread_blocked, id=7249, stack(0x00007edbe0200000,0x00007edbe0300000) (1024K)]
  0x00007edbf421fef0 JavaThread "Monitor Deflation Thread"   daemon [_thread_blocked, id=7250, stack(0x00007edbe0100000,0x00007edbe0200000) (1024K)]
  0x00007edbf4221a80 JavaThread "C2 CompilerThread0"         daemon [_thread_blocked, id=7251, stack(0x00007edbe0000000,0x00007edbe0100000) (1024K)]
  0x00007edbf4223110 JavaThread "C1 CompilerThread0"         daemon [_thread_blocked, id=7252, stack(0x00007edb96f00000,0x00007edb97000000) (1024K)]
  0x00007edb7006eb40 JavaThread "C1 CompilerThread1"         daemon [_thread_blocked, id=7256, stack(0x00007edb96e00000,0x00007edb96f00000) (1024K)]
  0x00007edb7006fdf0 JavaThread "C1 CompilerThread2"         daemon [_thread_blocked, id=7257, stack(0x00007edb96d00000,0x00007edb96e00000) (1024K)]
  0x00007edbf4280690 JavaThread "Common-Cleaner"             daemon [_thread_blocked, id=7260, stack(0x00007edb96c00000,0x00007edb96d00000) (1024K)]
  0x00007edbf42e9500 JavaThread "Notification Thread"        daemon [_thread_blocked, id=7288, stack(0x00007edb96900000,0x00007edb96a00000) (1024K)]
  0x00007edbf449b350 JavaThread "Active Thread: Equinox Container: 12f494b5-9d8b-47cd-87f0-573f4dc2cc76"        [_thread_blocked, id=7304, stack(0x00007edb962fd000,0x00007edb963fd000) (1024K)]
  0x00007edbf44f6a40 JavaThread "Refresh Thread: Equinox Container: 12f494b5-9d8b-47cd-87f0-573f4dc2cc76" daemon [_thread_blocked, id=7307, stack(0x00007edb960fc000,0x00007edb961fc000) (1024K)]
  0x00007edb38025a90 JavaThread "Framework Event Dispatcher: Equinox Container: 12f494b5-9d8b-47cd-87f0-573f4dc2cc76" daemon [_thread_blocked, id=7308, stack(0x00007edb95ffc000,0x00007edb960fc000) (1024K)]
  0x00007edbf44f9860 JavaThread "Start Level: Equinox Container: 12f494b5-9d8b-47cd-87f0-573f4dc2cc76" daemon [_thread_in_Java, id=7309, stack(0x00007edb95efc000,0x00007edb95ffc000) (1024K)]
  0x00007edb303f8760 JavaThread "Bundle File Closer"         daemon [_thread_blocked, id=7314, stack(0x00007edb95cfb000,0x00007edb95dfb000) (1024K)]
  0x00007edb3033db50 JavaThread "SCR Component Actor"        daemon [_thread_blocked, id=7677, stack(0x00007edb96b00000,0x00007edb96c00000) (1024K)]
  0x00007edb6c1206c0 JavaThread "C2 CompilerThread1"         daemon [_thread_blocked, id=7695, stack(0x00007edb96a00000,0x00007edb96b00000) (1024K)]
=>0x00007edb6c120ec0 JavaThread "C2 CompilerThread2"         daemon [_thread_in_native, id=7696, stack(0x00007edb96800000,0x00007edb96900000) (1024K)]
  0x00007edb3055e590 JavaThread "Worker-JM"                         [_thread_blocked, id=7713, stack(0x00007edb958fa000,0x00007edb959fa000) (1024K)]
  0x00007edb30609780 JavaThread "Worker-0: Checking project encoding"        [_thread_blocked, id=7752, stack(0x00007edb963fd000,0x00007edb964fd000) (1024K)]
  0x00007edb30617360 JavaThread "Worker-1"                          [_thread_blocked, id=7757, stack(0x00007edb95afa000,0x00007edb95bfa000) (1024K)]
Total: 23

Other Threads:
  0x00007edbf42112f0 VMThread "VM Thread"                           [id=7245, stack(0x00007edbe0bef000,0x00007edbe0cef000) (1024K)]
  0x00007edbf4052c10 WatcherThread "VM Periodic Task Thread"        [id=7244, stack(0x00007edbf9624000,0x00007edbf9724000) (1024K)]
  0x00007edbf4043c50 WorkerThread "GC Thread#0"                     [id=7243, stack(0x00007edbf9f44000,0x00007edbfa044000) (1024K)]
  0x00007edb84001060 WorkerThread "GC Thread#1"                     [id=7295, stack(0x00007edb96700000,0x00007edb96800000) (1024K)]
  0x00007edb84003140 WorkerThread "GC Thread#2"                     [id=7296, stack(0x00007edb965ff000,0x00007edb966ff000) (1024K)]
  0x00007edb84003bc0 WorkerThread "GC Thread#3"                     [id=7297, stack(0x00007edb964fe000,0x00007edb965fe000) (1024K)]
  0x00007edb84004880 WorkerThread "GC Thread#4"                     [id=7306, stack(0x00007edb961fd000,0x00007edb962fd000) (1024K)]
  0x00007edb84005b90 WorkerThread "GC Thread#5"                     [id=7313, stack(0x00007edb95dfc000,0x00007edb95efc000) (1024K)]
  0x00007edb84006680 WorkerThread "GC Thread#6"                     [id=7681, stack(0x00007edb95bfb000,0x00007edb95cfb000) (1024K)]
  0x00007edb840078c0 WorkerThread "GC Thread#7"                     [id=7743, stack(0x00007edb957fa000,0x00007edb958fa000) (1024K)]
  0x00007edb84007fd0 WorkerThread "GC Thread#8"                     [id=7744, stack(0x00007edb956f9000,0x00007edb957f9000) (1024K)]
Total: 11

Threads with active compile tasks:
C2 CompilerThread2  3536 3299       4       java.lang.invoke.MethodType::makeImpl (109 bytes)
Total: 1

VM state: not at safepoint (normal execution)

VM Mutex/Monitor currently owned by a thread:  ([mutex/lock_event])
[0x00007edbfbd55f58] Metaspace_lock - owner thread: 0x0000000000000000

Heap address: 0x0000000080000000, size: 2048 MB, Compressed Oops mode: 32-bit

CDS archive(s) mapped at: [0x00007edb97000000-0x00007edb97bbb000-0x00007edb97bbb000), size 12300288, SharedBaseAddress: 0x00007edb97000000, ArchiveRelocationMode: 1.
Compressed class space mapped at: 0x00007edb98000000-0x00007edbd8000000, reserved size: 1073741824
Narrow klass base: 0x00007edb97000000, Narrow klass shift: 0, Narrow klass range: 0x100000000

GC Precious Log:
 CardTable entry size: 512
 CPUs: 16 total, 16 available
 Memory: 15386M
 Large Page Support: Disabled
 NUMA Support: Disabled
 Compressed Oops: Enabled (32-bit)
 Alignments: Space 512K, Generation 512K, Heap 2M
 Heap Min Capacity: 100M
 Heap Initial Capacity: 100M
 Heap Max Capacity: 2G
 Pre-touch: Disabled
 Parallel Workers: 13

Heap:
 PSYoungGen      total 29184K, used 13168K [0x00000000d5580000, 0x00000000d7a00000, 0x0000000100000000)
  eden space 25088K, 36% used [0x00000000d5580000,0x00000000d5e63360,0x00000000d6e00000)
  from space 4096K, 99% used [0x00000000d6e80000,0x00000000d7278fa8,0x00000000d7280000)
  to   space 6144K, 0% used [0x00000000d7400000,0x00000000d7400000,0x00000000d7a00000)
 ParOldGen       total 68608K, used 8491K [0x0000000080000000, 0x0000000084300000, 0x00000000d5580000)
  object space 68608K, 12% used [0x0000000080000000,0x000000008084ac20,0x0000000084300000)
 Metaspace       used 16866K, committed 17600K, reserved 1114112K
  class space    used 1730K, committed 2048K, reserved 1048576K

Card table byte_map: [0x00007edbfa044000,0x00007edbfa445000] _byte_map_base: 0x00007edbf9c44000

Marking Bits: (ParMarkBitMap*) 0x00007edbfbd5a140
 Begin Bits: [0x00007edbd8000000, 0x00007edbda000000)
 End Bits:   [0x00007edbda000000, 0x00007edbdc000000)

Polling page: 0x00007edbfc03a000

Metaspace:

Usage:
  Non-class:     14,78 MB used.
      Class:      1,69 MB used.
       Both:     16,47 MB used.

Virtual space:
  Non-class space:       64,00 MB reserved,      15,19 MB ( 24%) committed,  1 nodes.
      Class space:        1,00 GB reserved,       2,00 MB ( <1%) committed,  1 nodes.
             Both:        1,06 GB reserved,      17,19 MB (  2%) committed. 

Chunk freelists:
   Non-Class:  592,00 KB
       Class:  13,95 MB
        Both:  14,53 MB

MaxMetaspaceSize: unlimited
CompressedClassSpaceSize: 1,00 GB
Initial GC threshold: 21,00 MB
Current GC threshold: 21,00 MB
CDS: on
 - commit_granule_bytes: 65536.
 - commit_granule_words: 8192.
 - virtual_space_node_default_size: 8388608.
 - enlarge_chunks_in_place: 1.
 - use_allocation_guard: 0.


Internal statistics:

num_allocs_failed_limit: 0.
num_arena_births: 504.
num_arena_deaths: 0.
num_vsnodes_births: 2.
num_vsnodes_deaths: 0.
num_space_committed: 275.
num_space_uncommitted: 0.
num_chunks_returned_to_freelist: 0.
num_chunks_taken_from_freelist: 1097.
num_chunk_merges: 0.
num_chunk_splits: 714.
num_chunks_enlarged: 470.
num_inconsistent_stats: 0.

CodeHeap 'non-profiled nmethods': size=119168Kb used=1358Kb max_used=1358Kb free=117809Kb
 bounds [0x00007edbe99a0000, 0x00007edbe9c10000, 0x00007edbf0e00000]
CodeHeap 'profiled nmethods': size=119164Kb used=6661Kb max_used=6661Kb free=112502Kb
 bounds [0x00007edbe1e00000, 0x00007edbe2490000, 0x00007edbe925f000]
CodeHeap 'non-nmethods': size=7428Kb used=2385Kb max_used=2952Kb free=5042Kb
 bounds [0x00007edbe925f000, 0x00007edbe954f000, 0x00007edbe99a0000]
CodeCache: size=245760Kb, used=10404Kb, max_used=10971Kb, free=235353Kb
 total_blobs=3867, nmethods=3327, adapters=445, full_count=0
Compilation: enabled, stopped_count=0, restarted_count=0

Compilation events (20 events):
Event: 3,492 Thread 0x00007edb7006fdf0 3311       3       aQute.bnd.header.Attrs::put (25 bytes)
Event: 3,492 Thread 0x00007edb7006fdf0 nmethod 3311 0x00007edbe247b410 code [0x00007edbe247b5e0, 0x00007edbe247b950]
Event: 3,492 Thread 0x00007edb7006fdf0 3312       3       aQute.bnd.header.Attrs::putType (725 bytes)
Event: 3,493 Thread 0x00007edb7006fdf0 nmethod 3312 0x00007edbe247ba90 code [0x00007edbe247bfa0, 0x00007edbe247e1a8]
Event: 3,496 Thread 0x00007edbf4223110 3315       3       java.lang.invoke.LambdaFormEditor$TransformKey::ival (25 bytes)
Event: 3,497 Thread 0x00007edbf4223110 nmethod 3315 0x00007edbe247eb90 code [0x00007edbe247ed20, 0x00007edbe247ee18]
Event: 3,501 Thread 0x00007edbf4223110 3318       3       java.lang.invoke.BoundMethodHandle::rebind (14 bytes)
Event: 3,502 Thread 0x00007edbf4223110 nmethod 3318 0x00007edbe247ee90 code [0x00007edbe247f080, 0x00007edbe247f5c0]
Event: 3,502 Thread 0x00007edbf4223110 3319       3       java.lang.invoke.BoundMethodHandle::tooComplex (27 bytes)
Event: 3,502 Thread 0x00007edbf4223110 nmethod 3319 0x00007edbe247f790 code [0x00007edbe247f960, 0x00007edbe247fdb0]
Event: 3,502 Thread 0x00007edbf4223110 3320       3       java.lang.invoke.BoundMethodHandle::fieldCount (8 bytes)
Event: 3,502 Thread 0x00007edbf4223110 nmethod 3320 0x00007edbe247ff90 code [0x00007edbe2480160, 0x00007edbe2480448]
Event: 3,502 Thread 0x00007edbf4223110 3321       3       java.lang.invoke.LambdaForm::expressionCount (11 bytes)
Event: 3,502 Thread 0x00007edbf4223110 nmethod 3321 0x00007edbe2480590 code [0x00007edbe2480720, 0x00007edbe2480830]
Event: 3,502 Thread 0x00007edbf4223110 3322       3       java.lang.invoke.LambdaFormBuffer::insertName (106 bytes)
Event: 3,502 Thread 0x00007edbf4223110 nmethod 3322 0x00007edbe2480910 code [0x00007edbe2480ac0, 0x00007edbe2480cd8]
Event: 3,502 Thread 0x00007edbf4223110 3323       3       java.lang.invoke.InvokerBytecodeGenerator::generateCustomizedCode (34 bytes)
Event: 3,502 Thread 0x00007edbf4223110 nmethod 3323 0x00007edbe2480d90 code [0x00007edbe2480f80, 0x00007edbe2481240]
Event: 3,503 Thread 0x00007edbf4221a80 3324       4       jdk.internal.org.objectweb.asm.ByteVector::put12 (64 bytes)
Event: 3,504 Thread 0x00007edbf4221a80 nmethod 3324 0x00007edbe9af2790 code [0x00007edbe9af2920, 0x00007edbe9af2b10]

GC Heap History (10 events):
Event: 0,414 GC heap before
{Heap before GC invocations=1 (full 0):
 PSYoungGen      total 29696K, used 25600K [0x00000000d5580000, 0x00000000d7680000, 0x0000000100000000)
  eden space 25600K, 100% used [0x00000000d5580000,0x00000000d6e80000,0x00000000d6e80000)
  from space 4096K, 0% used [0x00000000d7280000,0x00000000d7280000,0x00000000d7680000)
  to   space 4096K, 0% used [0x00000000d6e80000,0x00000000d6e80000,0x00000000d7280000)
 ParOldGen       total 68608K, used 1066K [0x0000000080000000, 0x0000000084300000, 0x00000000d5580000)
  object space 68608K, 1% used [0x0000000080000000,0x000000008010aa70,0x0000000084300000)
 Metaspace       used 4207K, committed 4416K, reserved 1114112K
  class space    used 456K, committed 576K, reserved 1048576K
}
Event: 0,419 GC heap after
{Heap after GC invocations=1 (full 0):
 PSYoungGen      total 29696K, used 3508K [0x00000000d5580000, 0x00000000d7680000, 0x0000000100000000)
  eden space 25600K, 0% used [0x00000000d5580000,0x00000000d5580000,0x00000000d6e80000)
  from space 4096K, 85% used [0x00000000d6e80000,0x00000000d71ed2a0,0x00000000d7280000)
  to   space 4096K, 0% used [0x00000000d7280000,0x00000000d7280000,0x00000000d7680000)
 ParOldGen       total 68608K, used 1074K [0x0000000080000000, 0x0000000084300000, 0x00000000d5580000)
  object space 68608K, 1% used [0x0000000080000000,0x000000008010ca70,0x0000000084300000)
 Metaspace       used 4207K, committed 4416K, reserved 1114112K
  class space    used 456K, committed 576K, reserved 1048576K
}
Event: 0,642 GC heap before
{Heap before GC invocations=2 (full 0):
 PSYoungGen      total 29696K, used 29108K [0x00000000d5580000, 0x00000000d7680000, 0x0000000100000000)
  eden space 25600K, 100% used [0x00000000d5580000,0x00000000d6e80000,0x00000000d6e80000)
  from space 4096K, 85% used [0x00000000d6e80000,0x00000000d71ed2a0,0x00000000d7280000)
  to   space 4096K, 0% used [0x00000000d7280000,0x00000000d7280000,0x00000000d7680000)
 ParOldGen       total 68608K, used 1074K [0x0000000080000000, 0x0000000084300000, 0x00000000d5580000)
  object space 68608K, 1% used [0x0000000080000000,0x000000008010ca70,0x0000000084300000)
 Metaspace       used 8007K, committed 8320K, reserved 1114112K
  class space    used 819K, committed 960K, reserved 1048576K
}
Event: 0,646 GC heap after
{Heap after GC invocations=2 (full 0):
 PSYoungGen      total 29696K, used 4070K [0x00000000d5580000, 0x00000000d7680000, 0x0000000100000000)
  eden space 25600K, 0% used [0x00000000d5580000,0x00000000d5580000,0x00000000d6e80000)
  from space 4096K, 99% used [0x00000000d7280000,0x00000000d7679800,0x00000000d7680000)
  to   space 4096K, 0% used [0x00000000d6e80000,0x00000000d6e80000,0x00000000d7280000)
 ParOldGen       total 68608K, used 2612K [0x0000000080000000, 0x0000000084300000, 0x00000000d5580000)
  object space 68608K, 3% used [0x0000000080000000,0x000000008028d118,0x0000000084300000)
 Metaspace       used 8007K, committed 8320K, reserved 1114112K
  class space    used 819K, committed 960K, reserved 1048576K
}
Event: 0,809 GC heap before
{Heap before GC invocations=3 (full 0):
 PSYoungGen      total 29696K, used 29664K [0x00000000d5580000, 0x00000000d7680000, 0x0000000100000000)
  eden space 25600K, 99% used [0x00000000d5580000,0x00000000d6e7e9f0,0x00000000d6e80000)
  from space 4096K, 99% used [0x00000000d7280000,0x00000000d7679800,0x00000000d7680000)
  to   space 4096K, 0% used [0x00000000d6e80000,0x00000000d6e80000,0x00000000d7280000)
 ParOldGen       total 68608K, used 2612K [0x0000000080000000, 0x0000000084300000, 0x00000000d5580000)
  object space 68608K, 3% used [0x0000000080000000,0x000000008028d118,0x0000000084300000)
 Metaspace       used 9500K, committed 9856K, reserved 1114112K
  class space    used 1000K, committed 1152K, reserved 1048576K
}
Event: 0,812 GC heap after
{Heap after GC invocations=3 (full 0):
 PSYoungGen      total 29696K, used 4089K [0x00000000d5580000, 0x00000000d7680000, 0x0000000100000000)
  eden space 25600K, 0% used [0x00000000d5580000,0x00000000d5580000,0x00000000d6e80000)
  from space 4096K, 99% used [0x00000000d6e80000,0x00000000d727e770,0x00000000d7280000)
  to   space 4096K, 0% used [0x00000000d7280000,0x00000000d7280000,0x00000000d7680000)
 ParOldGen       total 68608K, used 5265K [0x0000000080000000, 0x0000000084300000, 0x00000000d5580000)
  object space 68608K, 7% used [0x0000000080000000,0x0000000080524450,0x0000000084300000)
 Metaspace       used 9500K, committed 9856K, reserved 1114112K
  class space    used 1000K, committed 1152K, reserved 1048576K
}
Event: 2,972 GC heap before
{Heap before GC invocations=4 (full 0):
 PSYoungGen      total 29696K, used 29689K [0x00000000d5580000, 0x00000000d7680000, 0x0000000100000000)
  eden space 25600K, 100% used [0x00000000d5580000,0x00000000d6e80000,0x00000000d6e80000)
  from space 4096K, 99% used [0x00000000d6e80000,0x00000000d727e770,0x00000000d7280000)
  to   space 4096K, 0% used [0x00000000d7280000,0x00000000d7280000,0x00000000d7680000)
 ParOldGen       total 68608K, used 5265K [0x0000000080000000, 0x0000000084300000, 0x00000000d5580000)
  object space 68608K, 7% used [0x0000000080000000,0x0000000080524450,0x0000000084300000)
 Metaspace       used 11584K, committed 11968K, reserved 1114112K
  class space    used 1202K, committed 1408K, reserved 1048576K
}
Event: 2,978 GC heap after
{Heap after GC invocations=4 (full 0):
 PSYoungGen      total 29696K, used 4084K [0x00000000d5580000, 0x00000000d7680000, 0x0000000100000000)
  eden space 25600K, 0% used [0x00000000d5580000,0x00000000d5580000,0x00000000d6e80000)
  from space 4096K, 99% used [0x00000000d7280000,0x00000000d767d038,0x00000000d7680000)
  to   space 4096K, 0% used [0x00000000d6e80000,0x00000000d6e80000,0x00000000d7280000)
 ParOldGen       total 68608K, used 6843K [0x0000000080000000, 0x0000000084300000, 0x00000000d5580000)
  object space 68608K, 9% used [0x0000000080000000,0x00000000806aef90,0x0000000084300000)
 Metaspace       used 11584K, committed 11968K, reserved 1114112K
  class space    used 1202K, committed 1408K, reserved 1048576K
}
Event: 3,372 GC heap before
{Heap before GC invocations=5 (full 0):
 PSYoungGen      total 29696K, used 29684K [0x00000000d5580000, 0x00000000d7680000, 0x0000000100000000)
  eden space 25600K, 100% used [0x00000000d5580000,0x00000000d6e80000,0x00000000d6e80000)
  from space 4096K, 99% used [0x00000000d7280000,0x00000000d767d038,0x00000000d7680000)
  to   space 4096K, 0% used [0x00000000d6e80000,0x00000000d6e80000,0x00000000d7280000)
 ParOldGen       total 68608K, used 6843K [0x0000000080000000, 0x0000000084300000, 0x00000000d5580000)
  object space 68608K, 9% used [0x0000000080000000,0x00000000806aef90,0x0000000084300000)
 Metaspace       used 15524K, committed 16192K, reserved 1114112K
  class space    used 1578K, committed 1920K, reserved 1048576K
}
Event: 3,380 GC heap after
{Heap after GC invocations=5 (full 0):
 PSYoungGen      total 29184K, used 4067K [0x00000000d5580000, 0x00000000d7a00000, 0x0000000100000000)
  eden space 25088K, 0% used [0x00000000d5580000,0x00000000d5580000,0x00000000d6e00000)
  from space 4096K, 99% used [0x00000000d6e80000,0x00000000d7278fa8,0x00000000d7280000)
  to   space 6144K, 0% used [0x00000000d7400000,0x00000000d7400000,0x00000000d7a00000)
 ParOldGen       total 68608K, used 8491K [0x0000000080000000, 0x0000000084300000, 0x00000000d5580000)
  object space 68608K, 12% used [0x0000000080000000,0x000000008084ac20,0x0000000084300000)
 Metaspace       used 15524K, committed 16192K, reserved 1114112K
  class space    used 1578K, committed 1920K, reserved 1048576K
}

Dll operation events (9 events):
Event: 0,002 Loaded shared library /home/francisco/.vscode/extensions/redhat.java-1.54.0-linux-x64/jre/21.0.10-linux-x86_64/lib/libjava.so
Event: 0,040 Loaded shared library /home/francisco/.vscode/extensions/redhat.java-1.54.0-linux-x64/jre/21.0.10-linux-x86_64/lib/libzip.so
Event: 0,060 Loaded shared library /home/francisco/.vscode/extensions/redhat.java-1.54.0-linux-x64/jre/21.0.10-linux-x86_64/lib/libinstrument.so
Event: 0,062 Loaded shared library /home/francisco/.vscode/extensions/redhat.java-1.54.0-linux-x64/jre/21.0.10-linux-x86_64/lib/libnio.so
Event: 0,064 Loaded shared library /home/francisco/.vscode/extensions/redhat.java-1.54.0-linux-x64/jre/21.0.10-linux-x86_64/lib/libzip.so
Event: 0,079 Loaded shared library /home/francisco/.vscode/extensions/redhat.java-1.54.0-linux-x64/jre/21.0.10-linux-x86_64/lib/libjimage.so
Event: 0,143 Loaded shared library /home/francisco/.vscode/extensions/redhat.java-1.54.0-linux-x64/jre/21.0.10-linux-x86_64/lib/libverify.so
Event: 0,470 Loaded shared library /home/francisco/.vscode/extensions/redhat.java-1.54.0-linux-x64/jre/21.0.10-linux-x86_64/lib/libnet.so
Event: 0,668 Loaded shared library /home/francisco/.config/Code/User/globalStorage/redhat.java/1.54.0/config_linux/org.eclipse.equinox.launcher/org.eclipse.equinox.launcher.gtk.linux.x86_64_1.2.1500.v20250801-0854/eclipse_11916.so

Deoptimization events (20 events):
Event: 3,289 Thread 0x00007edbf44f9860 DEOPT PACKING pc=0x00007edbe9aa3f2c sp=0x00007edb95fecc40
Event: 3,289 Thread 0x00007edbf44f9860 DEOPT UNPACKING pc=0x00007edbe92b2399 sp=0x00007edb95fecc20 mode 2
Event: 3,342 Thread 0x00007edbf44f9860 Uncommon trap: trap_request=0xffffff45 fr.pc=0x00007edbe9a935a8 relative=0x0000000000000c28
Event: 3,342 Thread 0x00007edbf44f9860 Uncommon trap: reason=unstable_if action=reinterpret pc=0x00007edbe9a935a8 method=java.util.Properties.loadConvert([CIILjava/lang/StringBuilder;)Ljava/lang/String; @ 491 c2
Event: 3,342 Thread 0x00007edbf44f9860 DEOPT PACKING pc=0x00007edbe9a935a8 sp=0x00007edb95feea30
Event: 3,342 Thread 0x00007edbf44f9860 DEOPT UNPACKING pc=0x00007edbe92b2399 sp=0x00007edb95feea10 mode 2
Event: 3,342 Thread 0x00007edbf44f9860 DEOPT PACKING pc=0x00007edbe2406e96 sp=0x00007edb95fee9e0
Event: 3,342 Thread 0x00007edbf44f9860 DEOPT UNPACKING pc=0x00007edbe92b2b2f sp=0x00007edb95fedef8 mode 0
Event: 3,368 Thread 0x00007edbf44f9860 Uncommon trap: trap_request=0xffffff45 fr.pc=0x00007edbe9a385d4 relative=0x00000000000000b4
Event: 3,368 Thread 0x00007edbf44f9860 Uncommon trap: reason=unstable_if action=reinterpret pc=0x00007edbe9a385d4 method=org.eclipse.osgi.container.ModuleRevisionBuilder.unmodifiableMap(Ljava/util/Map;)Ljava/util/Map; @ 27 c2
Event: 3,368 Thread 0x00007edbf44f9860 DEOPT PACKING pc=0x00007edbe9a385d4 sp=0x00007edb95ff04b0
Event: 3,368 Thread 0x00007edbf44f9860 DEOPT UNPACKING pc=0x00007edbe92b2399 sp=0x00007edb95ff0450 mode 2
Event: 3,436 Thread 0x00007edbf44f9860 Uncommon trap: trap_request=0xffffff45 fr.pc=0x00007edbe9ae3404 relative=0x0000000000000084
Event: 3,436 Thread 0x00007edbf44f9860 Uncommon trap: reason=unstable_if action=reinterpret pc=0x00007edbe9ae3404 method=java.lang.ref.SoftReference.get()Ljava/lang/Object; @ 6 c2
Event: 3,436 Thread 0x00007edbf44f9860 DEOPT PACKING pc=0x00007edbe9ae3404 sp=0x00007edb95ff03c0
Event: 3,436 Thread 0x00007edbf44f9860 DEOPT UNPACKING pc=0x00007edbe92b2399 sp=0x00007edb95ff0378 mode 2
Event: 3,462 Thread 0x00007edb30609780 Uncommon trap: trap_request=0xffffff45 fr.pc=0x00007edbe9a8be60 relative=0x00000000000000c0
Event: 3,462 Thread 0x00007edb30609780 Uncommon trap: reason=unstable_if action=reinterpret pc=0x00007edbe9a8be60 method=java.util.concurrent.locks.ReentrantLock$NonfairSync.initialTryLock()Z @ 25 c2
Event: 3,462 Thread 0x00007edb30609780 DEOPT PACKING pc=0x00007edbe9a8be60 sp=0x00007edb964fa610
Event: 3,462 Thread 0x00007edb30609780 DEOPT UNPACKING pc=0x00007edbe92b2399 sp=0x00007edb964fa5b0 mode 2

Classes loaded (20 events):
Event: 3,369 Loading class java/util/stream/ReferencePipeline$StatefulOp done
Event: 3,369 Loading class java/util/stream/SortedOps$OfRef done
Event: 3,370 Loading class java/util/stream/SortedOps$RefSortingSink
Event: 3,370 Loading class java/util/stream/SortedOps$AbstractRefSortingSink
Event: 3,370 Loading class java/util/stream/SortedOps$AbstractRefSortingSink done
Event: 3,370 Loading class java/util/stream/SortedOps$RefSortingSink done
Event: 3,397 Loading class java/util/zip/ZipOutputStream
Event: 3,397 Loading class java/util/zip/DeflaterOutputStream
Event: 3,397 Loading class java/util/zip/DeflaterOutputStream done
Event: 3,397 Loading class java/util/zip/ZipOutputStream done
Event: 3,412 Loading class java/io/FilenameFilter
Event: 3,413 Loading class java/io/FilenameFilter done
Event: 3,428 Loading class java/util/function/LongUnaryOperator
Event: 3,428 Loading class java/util/function/LongUnaryOperator done
Event: 3,429 Loading class java/lang/ThreadDeath
Event: 3,429 Loading class java/lang/ThreadDeath done
Event: 3,439 Loading class java/util/stream/SortedOps$SizedRefSortingSink
Event: 3,439 Loading class java/util/stream/SortedOps$SizedRefSortingSink done
Event: 3,477 Loading class java/util/concurrent/atomic/Striped64$1
Event: 3,478 Loading class java/util/concurrent/atomic/Striped64$1 done

Classes unloaded (0 events):
No events

Classes redefined (0 events):
No events

Internal exceptions (20 events):
Event: 3,251 Thread 0x00007edbf44f9860 Exception <a 'java/lang/NoSuchMethodError'{0x00000000d6722e48}: 'void java.lang.invoke.Invokers$Holder.invokeExact_MT(java.lang.Object, java.lang.Object, java.lang.Object)'> (0x00000000d6722e48) 
thrown [src/hotspot/share/interpreter/linkResolver.cpp, line 772]
Event: 3,300 Thread 0x00007edbf44f9860 Exception <a 'java/lang/NoSuchMethodError'{0x00000000d6a21378}: 'java.lang.Object java.lang.invoke.DirectMethodHandle$Holder.invokeVirtual(java.lang.Object, java.lang.Object, java.lang.Object)'> (0x00000000d6a21378) 
thrown [src/hotspot/share/interpreter/linkResolver.cpp, line 772]
Event: 3,303 Thread 0x00007edbf44f9860 Exception <a 'java/lang/NoSuchMethodError'{0x00000000d6a39918}: 'java.lang.Object java.lang.invoke.DelegatingMethodHandle$Holder.reinvoke_L(java.lang.Object, java.lang.Object, java.lang.Object, java.lang.Object, int, int)'> (0x00000000d6a39918) 
thrown [src/hotspot/share/interpreter/linkResolver.cpp, line 772]
Event: 3,306 Thread 0x00007edbf44f9860 Exception <a 'java/lang/NoSuchMethodError'{0x00000000d6a56b08}: 'java.lang.Object java.lang.invoke.DirectMethodHandle$Holder.newInvokeSpecial(java.lang.Object, java.lang.Object, java.lang.Object, java.lang.Object, java.lang.Object, java.lang.Object)'> (0x00000000d6a56b08) 
thrown [src/hotspot/share/interpreter/linkResolver.cpp, line 772]
Event: 3,311 Thread 0x00007edbf44f9860 Exception <a 'java/lang/NoSuchMethodError'{0x00000000d6a82d40}: 'void java.lang.invoke.Invokers$Holder.invokeExact_MT(java.lang.Object, java.lang.Object, java.lang.Object, java.lang.Object)'> (0x00000000d6a82d40) 
thrown [src/hotspot/share/interpreter/linkResolver.cpp, line 772]
Event: 3,333 Thread 0x00007edbf44f9860 Exception <a 'java/io/FileNotFoundException'{0x00000000d6bd74a0}> (0x00000000d6bd74a0) 
thrown [src/hotspot/share/prims/jni.cpp, line 520]
Event: 3,334 Thread 0x00007edbf44f9860 Exception <a 'java/io/FileNotFoundException'{0x00000000d6bdf180}> (0x00000000d6bdf180) 
thrown [src/hotspot/share/prims/jni.cpp, line 520]
Event: 3,412 Thread 0x00007edbf44f9860 Exception <a 'java/lang/NoSuchMethodError'{0x00000000d579c668}: 'java.lang.Object java.lang.invoke.DirectMethodHandle$Holder.newInvokeSpecial(java.lang.Object, java.lang.Object, java.lang.Object, java.lang.Object, java.lang.Object)'> (0x00000000d579c668) 
thrown [src/hotspot/share/interpreter/linkResolver.cpp, line 772]
Event: 3,423 Thread 0x00007edbf44f9860 Exception <a 'java/lang/NoSuchMethodError'{0x00000000d58a5b18}: 'java.lang.Object java.lang.invoke.DirectMethodHandle$Holder.invokeSpecial(java.lang.Object, java.lang.Object, java.lang.Object, long, java.lang.Object)'> (0x00000000d58a5b18) 
thrown [src/hotspot/share/interpreter/linkResolver.cpp, line 772]
Event: 3,423 Thread 0x00007edbf44f9860 Exception <a 'java/lang/NoSuchMethodError'{0x00000000d58ad360}: 'java.lang.Object java.lang.invoke.DirectMethodHandle$Holder.newInvokeSpecial(java.lang.Object, java.lang.Object, java.lang.Object, long)'> (0x00000000d58ad360) 
thrown [src/hotspot/share/interpreter/linkResolver.cpp, line 772]
Event: 3,424 Thread 0x00007edbf44f9860 Exception <a 'java/lang/NoSuchMethodError'{0x00000000d58b1650}: 'java.lang.Object java.lang.invoke.DirectMethodHandle$Holder.invokeSpecial(java.lang.Object, java.lang.Object, java.lang.Object, java.lang.Object, long)'> (0x00000000d58b1650) 
thrown [src/hotspot/share/interpreter/linkResolver.cpp, line 772]
Event: 3,424 Thread 0x00007edbf44f9860 Exception <a 'java/lang/NoSuchMethodError'{0x00000000d58b5270}: 'java.lang.Object java.lang.invoke.Invokers$Holder.linkToTargetMethod(java.lang.Object, java.lang.Object, long, java.lang.Object)'> (0x00000000d58b5270) 
thrown [src/hotspot/share/interpreter/linkResolver.cpp, line 772]
Event: 3,437 Thread 0x00007edbf44f9860 Exception <a 'java/lang/NoSuchMethodError'{0x00000000d591a6e0}: 'int java.lang.invoke.DirectMethodHandle$Holder.invokeStaticInit(java.lang.Object, java.lang.Object, java.lang.Object)'> (0x00000000d591a6e0) 
thrown [src/hotspot/share/interpreter/linkResolver.cpp, line 772]
Event: 3,459 Thread 0x00007edbf44f9860 Exception <a 'java/lang/IncompatibleClassChangeError'{0x00000000d59e8dd8}: Found class java.lang.Object, but interface was expected> (0x00000000d59e8dd8) 
thrown [src/hotspot/share/interpreter/linkResolver.cpp, line 840]
Event: 3,459 Thread 0x00007edbf44f9860 Exception <a 'java/lang/NoSuchMethodError'{0x00000000d59ecb20}: 'java.lang.Object java.lang.invoke.DirectMethodHandle$Holder.invokeSpecial(java.lang.Object, java.lang.Object, java.lang.Object, int, java.lang.Object, java.lang.Object)'> (0x00000000d59ecb20) 
thrown [src/hotspot/share/interpreter/linkResolver.cpp, line 772]
Event: 3,460 Thread 0x00007edbf44f9860 Exception <a 'java/lang/NoSuchMethodError'{0x00000000d5a00cb8}: 'java.lang.Object java.lang.invoke.DirectMethodHandle$Holder.newInvokeSpecial(java.lang.Object, java.lang.Object, java.lang.Object, int, java.lang.Object)'> (0x00000000d5a00cb8) 
thrown [src/hotspot/share/interpreter/linkResolver.cpp, line 772]
Event: 3,460 Thread 0x00007edbf44f9860 Exception <a 'java/lang/NoSuchMethodError'{0x00000000d5a04c38}: 'java.lang.Object java.lang.invoke.DirectMethodHandle$Holder.invokeSpecial(java.lang.Object, java.lang.Object, java.lang.Object, java.lang.Object, int, java.lang.Object)'> (0x00000000d5a04c38) 
thrown [src/hotspot/share/interpreter/linkResolver.cpp, line 772]
Event: 3,460 Thread 0x00007edbf44f9860 Exception <a 'java/lang/NoSuchMethodError'{0x00000000d5a08778}: 'java.lang.Object java.lang.invoke.Invokers$Holder.linkToTargetMethod(java.lang.Object, java.lang.Object, int, java.lang.Object, java.lang.Object)'> (0x00000000d5a08778) 
thrown [src/hotspot/share/interpreter/linkResolver.cpp, line 772]
Event: 3,461 Thread 0x00007edb30609780 Exception <a 'java/lang/NoSuchMethodError'{0x00000000d591f7f0}: 'java.lang.Object java.lang.invoke.DirectMethodHandle$Holder.invokeSpecial(java.lang.Object, java.lang.Object, int, java.lang.Object, java.lang.Object)'> (0x00000000d591f7f0) 
thrown [src/hotspot/share/interpreter/linkResolver.cpp, line 772]
Event: 3,484 Thread 0x00007edbf44f9860 Exception <a 'java/lang/NoSuchMethodError'{0x00000000d5b3a438}: 'void java.lang.invoke.DirectMethodHandle$Holder.invokeSpecial(java.lang.Object, java.lang.Object, java.lang.Object, java.lang.Object, java.lang.Object)'> (0x00000000d5b3a438) 
thrown [src/hotspot/share/interpreter/linkResolver.cpp, line 772]

ZGC Phase Switch (0 events):
No events

VM Operations (20 events):
Event: 0,747 Executing non-safepoint VM operation: HandshakeAllThreads (Deoptimize)
Event: 0,747 Executing non-safepoint VM operation: HandshakeAllThreads (Deoptimize) done
Event: 0,761 Executing non-safepoint VM operation: HandshakeAllThreads (Deoptimize)
Event: 0,761 Executing non-safepoint VM operation: HandshakeAllThreads (Deoptimize) done
Event: 0,809 Executing safepoint VM operation: ParallelGCFailedAllocation (Allocation Failure)
Event: 0,812 Executing safepoint VM operation: ParallelGCFailedAllocation (Allocation Failure) done
Event: 1,441 Executing non-safepoint VM operation: HandshakeAllThreads (Deoptimize)
Event: 1,441 Executing non-safepoint VM operation: HandshakeAllThreads (Deoptimize) done
Event: 2,441 Executing safepoint VM operation: Cleanup
Event: 2,441 Executing safepoint VM operation: Cleanup done
Event: 2,972 Executing safepoint VM operation: ParallelGCFailedAllocation (Allocation Failure)
Event: 2,978 Executing safepoint VM operation: ParallelGCFailedAllocation (Allocation Failure) done
Event: 2,980 Executing non-safepoint VM operation: HandshakeAllThreads (Deoptimize)
Event: 2,980 Executing non-safepoint VM operation: HandshakeAllThreads (Deoptimize) done
Event: 3,277 Executing safepoint VM operation: ICBufferFull
Event: 3,277 Executing safepoint VM operation: ICBufferFull done
Event: 3,370 Executing non-safepoint VM operation: HandshakeAllThreads (Deoptimize)
Event: 3,370 Executing non-safepoint VM operation: HandshakeAllThreads (Deoptimize) done
Event: 3,372 Executing safepoint VM operation: ParallelGCFailedAllocation (Allocation Failure)
Event: 3,380 Executing safepoint VM operation: ParallelGCFailedAllocation (Allocation Failure) done

Memory protections (20 events):
Event: 0,061 Protecting memory [0x00007edb96c00000,0x00007edb96c04000] with protection modes 0
Event: 0,085 Protecting memory [0x00007edb96b00000,0x00007edb96b04000] with protection modes 0
Event: 0,142 Protecting memory [0x00007edb96a00000,0x00007edb96a04000] with protection modes 0
Event: 0,197 Protecting memory [0x00007edb96900000,0x00007edb96904000] with protection modes 0
Event: 0,254 Protecting memory [0x00007edb96800000,0x00007edb96804000] with protection modes 0
Event: 0,506 Protecting memory [0x00007edb963fd000,0x00007edb96401000] with protection modes 0
Event: 0,592 Protecting memory [0x00007edb962fd000,0x00007edb96301000] with protection modes 0
Event: 0,666 Protecting memory [0x00007edb960fc000,0x00007edb96100000] with protection modes 0
Event: 0,684 Protecting memory [0x00007edb95ffc000,0x00007edb96000000] with protection modes 0
Event: 0,686 Protecting memory [0x00007edb95efc000,0x00007edb95f00000] with protection modes 0
Event: 0,844 Protecting memory [0x00007edb95cfb000,0x00007edb95cff000] with protection modes 0
Event: 2,963 Protecting memory [0x00007edb96b00000,0x00007edb96b04000] with protection modes 0
Event: 3,033 Protecting memory [0x00007edb96a00000,0x00007edb96a04000] with protection modes 0
Event: 3,033 Protecting memory [0x00007edb96800000,0x00007edb96804000] with protection modes 0
Event: 3,033 Protecting memory [0x00007edb963fd000,0x00007edb96401000] with protection modes 0
Event: 3,033 Protecting memory [0x00007edb95afa000,0x00007edb95afe000] with protection modes 0
Event: 3,033 Protecting memory [0x00007edb959fa000,0x00007edb959fe000] with protection modes 0
Event: 3,238 Protecting memory [0x00007edb958fa000,0x00007edb958fe000] with protection modes 0
Event: 3,434 Protecting memory [0x00007edb963fd000,0x00007edb96401000] with protection modes 0
Event: 3,463 Protecting memory [0x00007edb95afa000,0x00007edb95afe000] with protection modes 0

Nmethod flushes (0 events):
No events

Events (20 events):
Event: 0,666 Thread 0x00007edbf402ad80 Thread added: 0x00007edbf44f6a40
Event: 0,684 Thread 0x00007edbf44f6a40 Thread added: 0x00007edb38025a90
Event: 0,686 Thread 0x00007edbf402ad80 Thread added: 0x00007edbf44f9860
Event: 0,844 Thread 0x00007edbf44f9860 Thread added: 0x00007edb303f8760
Event: 1,020 Thread 0x00007edb6808e780 Thread exited: 0x00007edb6808e780
Event: 1,228 Thread 0x00007edb64057f80 Thread exited: 0x00007edb64057f80
Event: 1,440 Thread 0x00007edb6000acb0 Thread exited: 0x00007edb6000acb0
Event: 1,440 Thread 0x00007edb640333f0 Thread exited: 0x00007edb640333f0
Event: 2,963 Thread 0x00007edbf44f9860 Thread added: 0x00007edb3033db50
Event: 3,033 Thread 0x00007edbf4221a80 Thread added: 0x00007edb6c1206c0
Event: 3,033 Thread 0x00007edbf4221a80 Thread added: 0x00007edb6c120ec0
Event: 3,033 Thread 0x00007edbf4221a80 Thread added: 0x00007edb6c121b10
Event: 3,033 Thread 0x00007edbf4221a80 Thread added: 0x00007edb6c20ae30
Event: 3,033 Thread 0x00007edbf4221a80 Thread added: 0x00007edb6c20c130
Event: 3,238 Thread 0x00007edbf44f9860 Thread added: 0x00007edb3055e590
Event: 3,304 Thread 0x00007edb6c20c130 Thread exited: 0x00007edb6c20c130
Event: 3,306 Thread 0x00007edb6c20ae30 Thread exited: 0x00007edb6c20ae30
Event: 3,308 Thread 0x00007edb6c121b10 Thread exited: 0x00007edb6c121b10
Event: 3,432 Thread 0x00007edbf44f9860 Thread added: 0x00007edb30609780
Event: 3,462 Thread 0x00007edbf44f9860 Thread added: 0x00007edb30617360


Dynamic libraries:
80000000-84300000 rw-p 00000000 00:00 0 
84300000-d5580000 ---p 00000000 00:00 0 
d5580000-d7a00000 rw-p 00000000 00:00 0 
d7a00000-100000000 ---p 00000000 00:00 0 
5f4db8515000-5f4db8516000 r-xp 00000000 103:02 10503444                  /home/francisco/.vscode/extensions/redhat.java-1.54.0-linux-x64/jre/21.0.10-linux-x86_64/bin/java
5f4db8517000-5f4db8518000 r--p 00001000 103:02 10503444                  /home/francisco/.vscode/extensions/redhat.java-1.54.0-linux-x64/jre/21.0.10-linux-x86_64/bin/java
5f4db8518000-5f4db8519000 rw-p 00002000 103:02 10503444                  /home/francisco/.vscode/extensions/redhat.java-1.54.0-linux-x64/jre/21.0.10-linux-x86_64/bin/java
5f4de4b62000-5f4de4ba9000 rw-p 00000000 00:00 0                          [heap]
7edb0c000000-7edb0c021000 rw-p 00000000 00:00 0 
7edb0c021000-7edb10000000 ---p 00000000 00:00 0 
7edb14000000-7edb14047000 rw-p 00000000 00:00 0 
7edb14047000-7edb18000000 ---p 00000000 00:00 0 
7edb18000000-7edb18021000 rw-p 00000000 00:00 0 
7edb18021000-7edb1c000000 ---p 00000000 00:00 0 
7edb1c000000-7edb1c03a000 rw-p 00000000 00:00 0 
7edb1c03a000-7edb20000000 ---p 00000000 00:00 0 
7edb20000000-7edb20135000 rw-p 00000000 00:00 0 
7edb20135000-7edb24000000 ---p 00000000 00:00 0 
7edb24000000-7edb24021000 rw-p 00000000 00:00 0 
7edb24021000-7edb28000000 ---p 00000000 00:00 0 
7edb28000000-7edb28021000 rw-p 00000000 00:00 0 
7edb28021000-7edb2c000000 ---p 00000000 00:00 0 
7edb2c000000-7edb2c021000 rw-p 00000000 00:00 0 
7edb2c021000-7edb30000000 ---p 00000000 00:00 0 
7edb30000000-7edb308c0000 rw-p 00000000 00:00 0 
7edb308c0000-7edb34000000 ---p 00000000 00:00 0 
7edb34000000-7edb34021000 rw-p 00000000 00:00 0 
7edb34021000-7edb38000000 ---p 00000000 00:00 0 
7edb38000000-7edb38030000 rw-p 00000000 00:00 0 
7edb38030000-7edb3c000000 ---p 00000000 00:00 0 
7edb3c000000-7edb3c2fb000 rw-p 00000000 00:00 0 
7edb3c2fb000-7edb40000000 ---p 00000000 00:00 0 
7edb40000000-7edb40021000 rw-p 00000000 00:00 0 
7edb40021000-7edb44000000 ---p 00000000 00:00 0 
7edb44000000-7edb44021000 rw-p 00000000 00:00 0 
7edb44021000-7edb48000000 ---p 00000000 00:00 0 
7edb48000000-7edb48021000 rw-p 00000000 00:00 0 
7edb48021000-7edb4c000000 ---p 00000000 00:00 0 
7edb4c000000-7edb4c3fa000 rw-p 00000000 00:00 0 
7edb4c3fa000-7edb50000000 ---p 00000000 00:00 0 
7edb50000000-7edb50021000 rw-p 00000000 00:00 0 
7edb50021000-7edb54000000 ---p 00000000 00:00 0 
7edb54000000-7edb5440e000 rw-p 00000000 00:00 0 
7edb5440e000-7edb58000000 ---p 00000000 00:00 0 
7edb58000000-7edb58021000 rw-p 00000000 00:00 0 
7edb58021000-7edb5c000000 ---p 00000000 00:00 0 
7edb5c000000-7edb5c021000 rw-p 00000000 00:00 0 
7edb5c021000-7edb60000000 ---p 00000000 00:00 0 
7edb60000000-7edb600b5000 rw-p 00000000 00:00 0 
7edb600b5000-7edb64000000 ---p 00000000 00:00 0 
7edb64000000-7edb641eb000 rw-p 00000000 00:00 0 
7edb641eb000-7edb68000000 ---p 00000000 00:00 0 
7edb68000000-7edb6810e000 rw-p 00000000 00:00 0 
7edb6810e000-7edb6c000000 ---p 00000000 00:00 0 
7edb6c000000-7edb6c56c000 rw-p 00000000 00:00 0 
7edb6c56c000-7edb70000000 ---p 00000000 00:00 0 
7edb70000000-7edb701a9000 rw-p 00000000 00:00 0 
7edb701a9000-7edb74000000 ---p 00000000 00:00 0 
7edb74000000-7edb74021000 rw-p 00000000 00:00 0 
7edb74021000-7edb78000000 ---p 00000000 00:00 0 
7edb78000000-7edb78021000 rw-p 00000000 00:00 0 
7edb78021000-7edb7c000000 ---p 00000000 00:00 0 
7edb7c000000-7edb7c021000 rw-p 00000000 00:00 0 
7edb7c021000-7edb80000000 ---p 00000000 00:00 0 
7edb80000000-7edb80021000 rw-p 00000000 00:00 0 
7edb80021000-7edb84000000 ---p 00000000 00:00 0 
7edb84000000-7edb84021000 rw-p 00000000 00:00 0 
7edb84021000-7edb88000000 ---p 00000000 00:00 0 
7edb88000000-7edb88021000 rw-p 00000000 00:00 0 
7edb88021000-7edb8c000000 ---p 00000000 00:00 0 
7edb8c000000-7edb8c3f0000 rw-p 00000000 00:00 0 
7edb8c3f0000-7edb8c770000 rw-p 00000000 00:00 0 
7edb8c770000-7edb8c7f0000 rw-p 00000000 00:00 0 
7edb8c7f0000-7edb8c930000 rw-p 00000000 00:00 0 
7edb8c930000-7edb8c970000 rw-p 00000000 00:00 0 
7edb8c970000-7edb8caf0000 rw-p 00000000 00:00 0 
7edb8caf0000-7edb8cbc0000 rw-p 00000000 00:00 0 
7edb8cbc0000-7edb8cc00000 ---p 00000000 00:00 0 
7edb8cc00000-7edb8cf80000 rw-p 00000000 00:00 0 
7edb8cf80000-7edb90000000 ---p 00000000 00:00 0 
7edb90000000-7edb90021000 rw-p 00000000 00:00 0 
7edb90021000-7edb94000000 ---p 00000000 00:00 0 
7edb9528c000-7edb956f8000 rw-p 00000000 00:00 0 
7edb956f8000-7edb956f9000 ---p 00000000 00:00 0 
7edb956f9000-7edb957f9000 rw-p 00000000 00:00 0 
7edb957f9000-7edb957fa000 ---p 00000000 00:00 0 
7edb957fa000-7edb958fa000 rw-p 00000000 00:00 0 
7edb958fa000-7edb958fe000 ---p 00000000 00:00 0 
7edb958fe000-7edb959fa000 rw-p 00000000 00:00 0 
7edb959fa000-7edb959fe000 ---p 00000000 00:00 0 
7edb959fe000-7edb95afa000 rw-p 00000000 00:00 0 
7edb95afa000-7edb95afe000 ---p 00000000 00:00 0 
7edb95afe000-7edb95bfa000 rw-p 00000000 00:00 0 
7edb95bfa000-7edb95bfb000 ---p 00000000 00:00 0 
7edb95bfb000-7edb95cfb000 rw-p 00000000 00:00 0 
7edb95cfb000-7edb95cff000 ---p 00000000 00:00 0 
7edb95cff000-7edb95dfb000 rw-p 00000000 00:00 0 
7edb95dfb000-7edb95dfc000 ---p 00000000 00:00 0 
7edb95dfc000-7edb95efc000 rw-p 00000000 00:00 0 
7edb95efc000-7edb95f00000 ---p 00000000 00:00 0 
7edb95f00000-7edb95ffc000 rw-p 00000000 00:00 0 
7edb95ffc000-7edb96000000 ---p 00000000 00:00 0 
7edb96000000-7edb960fc000 rw-p 00000000 00:00 0 
7edb960fc000-7edb96100000 ---p 00000000 00:00 0 
7edb96100000-7edb961fc000 rw-p 00000000 00:00 0 
7edb961fc000-7edb961fd000 ---p 00000000 00:00 0 
7edb961fd000-7edb962fd000 rw-p 00000000 00:00 0 
7edb962fd000-7edb96301000 ---p 00000000 00:00 0 
7edb96301000-7edb963fd000 rw-p 00000000 00:00 0 
7edb963fd000-7edb96401000 ---p 00000000 00:00 0 
7edb96401000-7edb964fd000 rw-p 00000000 00:00 0 
7edb964fd000-7edb964fe000 ---p 00000000 00:00 0 
7edb964fe000-7edb965fe000 rw-p 00000000 00:00 0 
7edb965fe000-7edb965ff000 ---p 00000000 00:00 0 
7edb965ff000-7edb966ff000 rw-p 00000000 00:00 0 
7edb966ff000-7edb96700000 ---p 00000000 00:00 0 
7edb96700000-7edb96800000 rw-p 00000000 00:00 0 
7edb96800000-7edb96804000 ---p 00000000 00:00 0 
7edb96804000-7edb96900000 rw-p 00000000 00:00 0 
7edb96900000-7edb96904000 ---p 00000000 00:00 0 
7edb96904000-7edb96a00000 rw-p 00000000 00:00 0 
7edb96a00000-7edb96a04000 ---p 00000000 00:00 0 
7edb96a04000-7edb96b00000 rw-p 00000000 00:00 0 
7edb96b00000-7edb96b04000 ---p 00000000 00:00 0 
7edb96b04000-7edb96c00000 rw-p 00000000 00:00 0 
7edb96c00000-7edb96c04000 ---p 00000000 00:00 0 
7edb96c04000-7edb96d00000 rw-p 00000000 00:00 0 
7edb96d00000-7edb96d04000 ---p 00000000 00:00 0 
7edb96d04000-7edb96e00000 rw-p 00000000 00:00 0 
7edb96e00000-7edb96e04000 ---p 00000000 00:00 0 
7edb96e04000-7edb96f00000 rw-p 00000000 00:00 0 
7edb96f00000-7edb96f04000 ---p 00000000 00:00 0 
7edb96f04000-7edb97000000 rw-p 00000000 00:00 0 
7edb97000000-7edb97bbb000 rw-p 00001000 103:02 10503478                  /home/francisco/.vscode/extensions/redhat.java-1.54.0-linux-x64/jre/21.0.10-linux-x86_64/lib/server/classes.jsa
7edb97bbb000-7edb98000000 ---p 00000000 00:00 0 
7edb98000000-7edb98030000 rw-p 00000000 00:00 0 
7edb98030000-7edb980b0000 rw-p 00000000 00:00 0 
7edb980b0000-7edb980f0000 rw-p 00000000 00:00 0 
7edb980f0000-7edb981d0000 rw-p 00000000 00:00 0 
7edb981d0000-7edb981f0000 rw-p 00000000 00:00 0 
7edb981f0000-7edb98200000 ---p 00000000 00:00 0 
7edb98200000-7edb98210000 rw-p 00000000 00:00 0 
7edb98210000-7edbd8000000 ---p 00000000 00:00 0 
7edbd8000000-7edbdc021000 rw-p 00000000 00:00 0 
7edbdc021000-7edbe0004000 ---p 00000000 00:00 0 
7edbe0004000-7edbe0100000 rw-p 00000000 00:00 0 
7edbe0100000-7edbe0104000 ---p 00000000 00:00 0 
7edbe0104000-7edbe0200000 rw-p 00000000 00:00 0 
7edbe0200000-7edbe0204000 ---p 00000000 00:00 0 
7edbe0204000-7edbe0300000 rw-p 00000000 00:00 0 
7edbe0300000-7edbe0304000 ---p 00000000 00:00 0 
7edbe0304000-7edbe0400000 rw-p 00000000 00:00 0 
7edbe0400000-7edbe0404000 ---p 00000000 00:00 0 
7edbe0404000-7edbe0500000 rw-p 00000000 00:00 0 
7edbe0500000-7edbe0504000 ---p 00000000 00:00 0 
7edbe0504000-7edbe0600000 rw-p 00000000 00:00 0 
7edbe0600000-7edbe0b77000 r--p 00000000 103:02 16915718                  /usr/lib/locale/locale-archive
7edbe0bca000-7edbe0bee000 r--p 00000000 103:02 18227194                  /usr/share/locale-langpack/pt_BR/LC_MESSAGES/libc.mo
7edbe0bee000-7edbe0bef000 ---p 00000000 00:00 0 
7edbe0bef000-7edbe0cef000 rw-p 00000000 00:00 0 
7edbe0cef000-7edbe1e00000 rw-p 00000000 00:00 0 
7edbe1e00000-7edbe2490000 rwxp 00000000 00:00 0 
7edbe2490000-7edbe925f000 ---p 00000000 00:00 0 
7edbe925f000-7edbe954f000 rwxp 00000000 00:00 0 
7edbe954f000-7edbe99a0000 ---p 00000000 00:00 0 
7edbe99a0000-7edbe9c10000 rwxp 00000000 00:00 0 
7edbe9c10000-7edbf0e00000 ---p 00000000 00:00 0 
7edbf0e00000-7edbf3fda000 r--s 00000000 103:02 10503365                  /home/francisco/.vscode/extensions/redhat.java-1.54.0-linux-x64/jre/21.0.10-linux-x86_64/lib/modules
7edbf3fdc000-7edbf3fe0000 r--p 00000000 103:02 10789161                  /home/francisco/.config/Code/User/globalStorage/redhat.java/1.54.0/config_linux/org.eclipse.equinox.launcher/org.eclipse.equinox.launcher.gtk.linux.x86_64_1.2.1500.v20250801-0854/eclipse_11916.so
7edbf3fe0000-7edbf3fea000 r-xp 00004000 103:02 10789161                  /home/francisco/.config/Code/User/globalStorage/redhat.java/1.54.0/config_linux/org.eclipse.equinox.launcher/org.eclipse.equinox.launcher.gtk.linux.x86_64_1.2.1500.v20250801-0854/eclipse_11916.so
7edbf3fea000-7edbf3fed000 r--p 0000e000 103:02 10789161                  /home/francisco/.config/Code/User/globalStorage/redhat.java/1.54.0/config_linux/org.eclipse.equinox.launcher/org.eclipse.equinox.launcher.gtk.linux.x86_64_1.2.1500.v20250801-0854/eclipse_11916.so
7edbf3fed000-7edbf3fee000 r--p 00010000 103:02 10789161                  /home/francisco/.config/Code/User/globalStorage/redhat.java/1.54.0/config_linux/org.eclipse.equinox.launcher/org.eclipse.equinox.launcher.gtk.linux.x86_64_1.2.1500.v20250801-0854/eclipse_11916.so
7edbf3fee000-7edbf3fef000 rw-p 00011000 103:02 10789161                  /home/francisco/.config/Code/User/globalStorage/redhat.java/1.54.0/config_linux/org.eclipse.equinox.launcher/org.eclipse.equinox.launcher.gtk.linux.x86_64_1.2.1500.v20250801-0854/eclipse_11916.so
7edbf3fef000-7edbf3ff0000 rw-p 00000000 00:00 0 
7edbf3ff0000-7edbf3ffd000 r-xp 00000000 103:02 10503367                  /home/francisco/.vscode/extensions/redhat.java-1.54.0-linux-x64/jre/21.0.10-linux-x86_64/lib/libverify.so
7edbf3ffd000-7edbf3fff000 r--p 0000c000 103:02 10503367                  /home/francisco/.vscode/extensions/redhat.java-1.54.0-linux-x64/jre/21.0.10-linux-x86_64/lib/libverify.so
7edbf3fff000-7edbf4000000 rw-p 0000e000 103:02 10503367                  /home/francisco/.vscode/extensions/redhat.java-1.54.0-linux-x64/jre/21.0.10-linux-x86_64/lib/libverify.so
7edbf4000000-7edbf453d000 rw-p 00000000 00:00 0 
7edbf453d000-7edbf8000000 ---p 00000000 00:00 0 
7edbf800d000-7edbf9623000 rw-p 00000000 00:00 0 
7edbf9623000-7edbf9624000 ---p 00000000 00:00 0 
7edbf9624000-7edbf9724000 rw-p 00000000 00:00 0 
7edbf9724000-7edbf9c00000 rw-p 00000000 00:00 0 
7edbf9c04000-7edbf9c0b000 r--s 00000000 103:02 16911104                  /usr/lib/x86_64-linux-gnu/gconv/gconv-modules.cache
7edbf9c0b000-7edbf9c17000 r-xp 00000000 103:02 10503375                  /home/francisco/.vscode/extensions/redhat.java-1.54.0-linux-x64/jre/21.0.10-linux-x86_64/lib/libnet.so
7edbf9c17000-7edbf9c18000 r--p 0000b000 103:02 10503375                  /home/francisco/.vscode/extensions/redhat.java-1.54.0-linux-x64/jre/21.0.10-linux-x86_64/lib/libnet.so
7edbf9c18000-7edbf9c19000 rw-p 0000c000 103:02 10503375                  /home/francisco/.vscode/extensions/redhat.java-1.54.0-linux-x64/jre/21.0.10-linux-x86_64/lib/libnet.so
7edbf9c19000-7edbf9c2d000 r-xp 00000000 103:02 10503374                  /home/francisco/.vscode/extensions/redhat.java-1.54.0-linux-x64/jre/21.0.10-linux-x86_64/lib/libnio.so
7edbf9c2d000-7edbf9c2e000 r--p 00013000 103:02 10503374                  /home/francisco/.vscode/extensions/redhat.java-1.54.0-linux-x64/jre/21.0.10-linux-x86_64/lib/libnio.so
7edbf9c2e000-7edbf9c2f000 rw-p 00014000 103:02 10503374                  /home/francisco/.vscode/extensions/redhat.java-1.54.0-linux-x64/jre/21.0.10-linux-x86_64/lib/libnio.so
7edbf9c2f000-7edbf9cba000 rw-p 00000000 00:00 0 
7edbf9cba000-7edbf9f43000 ---p 00000000 00:00 0 
7edbf9f43000-7edbf9f44000 ---p 00000000 00:00 0 
7edbf9f44000-7edbfa044000 rw-p 00000000 00:00 0 
7edbfa044000-7edbfa066000 rw-p 00000000 00:00 0 
7edbfa066000-7edbfa2ee000 ---p 00000000 00:00 0 
7edbfa2ee000-7edbfa301000 rw-p 00000000 00:00 0 
7edbfa301000-7edbfa445000 ---p 00000000 00:00 0 
7edbfa445000-7edbfa44a000 rw-p 00000000 00:00 0 
7edbfa44a000-7edbfa52e000 ---p 00000000 00:00 0 
7edbfa52e000-7edbfa53c000 rw-p 00000000 00:00 0 
7edbfa53c000-7edbfa617000 ---p 00000000 00:00 0 
7edbfa617000-7edbfa61b000 ---p 00000000 00:00 0 
7edbfa61b000-7edbfa717000 rw-p 00000000 00:00 0 
7edbfa717000-7edbfa727000 r--p 00000000 103:02 16911117                  /usr/lib/x86_64-linux-gnu/libm.so.6
7edbfa727000-7edbfa7a6000 r-xp 00010000 103:02 16911117                  /usr/lib/x86_64-linux-gnu/libm.so.6
7edbfa7a6000-7edbfa7fe000 r--p 0008f000 103:02 16911117                  /usr/lib/x86_64-linux-gnu/libm.so.6
7edbfa7fe000-7edbfa7ff000 r--p 000e7000 103:02 16911117                  /usr/lib/x86_64-linux-gnu/libm.so.6
7edbfa7ff000-7edbfa800000 rw-p 000e8000 103:02 16911117                  /usr/lib/x86_64-linux-gnu/libm.so.6
7edbfa800000-7edbfbc1d000 r-xp 00000000 103:02 10503475                  /home/francisco/.vscode/extensions/redhat.java-1.54.0-linux-x64/jre/21.0.10-linux-x86_64/lib/server/libjvm.so
7edbfbc1d000-7edbfbcf2000 r--p 0141c000 103:02 10503475                  /home/francisco/.vscode/extensions/redhat.java-1.54.0-linux-x64/jre/21.0.10-linux-x86_64/lib/server/libjvm.so
7edbfbcf2000-7edbfbd22000 rw-p 014f1000 103:02 10503475                  /home/francisco/.vscode/extensions/redhat.java-1.54.0-linux-x64/jre/21.0.10-linux-x86_64/lib/server/libjvm.so
7edbfbd22000-7edbfbd88000 rw-p 00000000 00:00 0 
7edbfbd89000-7edbfbda4000 r-xp 00000000 103:02 10503366                  /home/francisco/.vscode/extensions/redhat.java-1.54.0-linux-x64/jre/21.0.10-linux-x86_64/lib/libzip.so
7edbfbda4000-7edbfbda5000 r--p 0001a000 103:02 10503366                  /home/francisco/.vscode/extensions/redhat.java-1.54.0-linux-x64/jre/21.0.10-linux-x86_64/lib/libzip.so
7edbfbda5000-7edbfbda6000 rw-p 0001b000 103:02 10503366                  /home/francisco/.vscode/extensions/redhat.java-1.54.0-linux-x64/jre/21.0.10-linux-x86_64/lib/libzip.so
7edbfbda6000-7edbfbdac000 rw-p 00000000 00:00 0 
7edbfbdac000-7edbfbdb5000 ---p 00000000 00:00 0 
7edbfbdb5000-7edbfbdbd000 rw-s 00000000 103:02 3145775                   /tmp/hsperfdata_francisco/7241
7edbfbdbd000-7edbfbdde000 r-xp 00000000 103:02 10503389                  /home/francisco/.vscode/extensions/redhat.java-1.54.0-linux-x64/jre/21.0.10-linux-x86_64/lib/libjava.so
7edbfbdde000-7edbfbddf000 r--p 00020000 103:02 10503389                  /home/francisco/.vscode/extensions/redhat.java-1.54.0-linux-x64/jre/21.0.10-linux-x86_64/lib/libjava.so
7edbfbddf000-7edbfbde0000 rw-p 00021000 103:02 10503389                  /home/francisco/.vscode/extensions/redhat.java-1.54.0-linux-x64/jre/21.0.10-linux-x86_64/lib/libjava.so
7edbfbde0000-7edbfbde1000 rw-p 00000000 00:00 0 
7edbfbde1000-7edbfbdfc000 r-xp 00000000 103:02 10503385                  /home/francisco/.vscode/extensions/redhat.java-1.54.0-linux-x64/jre/21.0.10-linux-x86_64/lib/libjimage.so
7edbfbdfc000-7edbfbdfd000 ---p 0001b000 103:02 10503385                  /home/francisco/.vscode/extensions/redhat.java-1.54.0-linux-x64/jre/21.0.10-linux-x86_64/lib/libjimage.so
7edbfbdfd000-7edbfbdff000 r--p 0001b000 103:02 10503385                  /home/francisco/.vscode/extensions/redhat.java-1.54.0-linux-x64/jre/21.0.10-linux-x86_64/lib/libjimage.so
7edbfbdff000-7edbfbe00000 rw-p 0001d000 103:02 10503385                  /home/francisco/.vscode/extensions/redhat.java-1.54.0-linux-x64/jre/21.0.10-linux-x86_64/lib/libjimage.so
7edbfbe00000-7edbfbe28000 r--p 00000000 103:02 16911114                  /usr/lib/x86_64-linux-gnu/libc.so.6
7edbfbe28000-7edbfbfb0000 r-xp 00028000 103:02 16911114                  /usr/lib/x86_64-linux-gnu/libc.so.6
7edbfbfb0000-7edbfbfff000 r--p 001b0000 103:02 16911114                  /usr/lib/x86_64-linux-gnu/libc.so.6
7edbfbfff000-7edbfc003000 r--p 001fe000 103:02 16911114                  /usr/lib/x86_64-linux-gnu/libc.so.6
7edbfc003000-7edbfc005000 rw-p 00202000 103:02 16911114                  /usr/lib/x86_64-linux-gnu/libc.so.6
7edbfc005000-7edbfc012000 rw-p 00000000 00:00 0 
7edbfc018000-7edbfc019000 r--p 00000000 103:02 16911128                  /usr/lib/x86_64-linux-gnu/librt.so.1
7edbfc019000-7edbfc01a000 r-xp 00001000 103:02 16911128                  /usr/lib/x86_64-linux-gnu/librt.so.1
7edbfc01a000-7edbfc01b000 r--p 00002000 103:02 16911128                  /usr/lib/x86_64-linux-gnu/librt.so.1
7edbfc01b000-7edbfc01c000 r--p 00002000 103:02 16911128                  /usr/lib/x86_64-linux-gnu/librt.so.1
7edbfc01c000-7edbfc01d000 rw-p 00003000 103:02 16911128                  /usr/lib/x86_64-linux-gnu/librt.so.1
7edbfc01d000-7edbfc01f000 rw-p 00000000 00:00 0 
7edbfc01f000-7edbfc020000 r--p 00000000 103:02 16911116                  /usr/lib/x86_64-linux-gnu/libdl.so.2
7edbfc020000-7edbfc021000 r-xp 00001000 103:02 16911116                  /usr/lib/x86_64-linux-gnu/libdl.so.2
7edbfc021000-7edbfc022000 r--p 00002000 103:02 16911116                  /usr/lib/x86_64-linux-gnu/libdl.so.2
7edbfc022000-7edbfc023000 r--p 00002000 103:02 16911116                  /usr/lib/x86_64-linux-gnu/libdl.so.2
7edbfc023000-7edbfc024000 rw-p 00003000 103:02 16911116                  /usr/lib/x86_64-linux-gnu/libdl.so.2
7edbfc024000-7edbfc025000 r--p 00000000 103:02 16911126                  /usr/lib/x86_64-linux-gnu/libpthread.so.0
7edbfc025000-7edbfc026000 r-xp 00001000 103:02 16911126                  /usr/lib/x86_64-linux-gnu/libpthread.so.0
7edbfc026000-7edbfc027000 r--p 00002000 103:02 16911126                  /usr/lib/x86_64-linux-gnu/libpthread.so.0
7edbfc027000-7edbfc028000 r--p 00002000 103:02 16911126                  /usr/lib/x86_64-linux-gnu/libpthread.so.0
7edbfc028000-7edbfc029000 rw-p 00003000 103:02 16911126                  /usr/lib/x86_64-linux-gnu/libpthread.so.0
7edbfc02d000-7edbfc037000 r-xp 00000000 103:02 10503394                  /home/francisco/.vscode/extensions/redhat.java-1.54.0-linux-x64/jre/21.0.10-linux-x86_64/lib/libinstrument.so
7edbfc037000-7edbfc038000 ---p 0000a000 103:02 10503394                  /home/francisco/.vscode/extensions/redhat.java-1.54.0-linux-x64/jre/21.0.10-linux-x86_64/lib/libinstrument.so
7edbfc038000-7edbfc039000 r--p 0000a000 103:02 10503394                  /home/francisco/.vscode/extensions/redhat.java-1.54.0-linux-x64/jre/21.0.10-linux-x86_64/lib/libinstrument.so
7edbfc039000-7edbfc03a000 rw-p 0000b000 103:02 10503394                  /home/francisco/.vscode/extensions/redhat.java-1.54.0-linux-x64/jre/21.0.10-linux-x86_64/lib/libinstrument.so
7edbfc03a000-7edbfc03b000 ---p 00000000 00:00 0 
7edbfc03b000-7edbfc03c000 r--p 00000000 00:00 0 
7edbfc03c000-7edbfc03d000 ---p 00000000 00:00 0 
7edbfc03d000-7edbfc056000 r-xp 00000000 103:02 10503384                  /home/francisco/.vscode/extensions/redhat.java-1.54.0-linux-x64/jre/21.0.10-linux-x86_64/lib/libjli.so
7edbfc056000-7edbfc057000 r--p 00018000 103:02 10503384                  /home/francisco/.vscode/extensions/redhat.java-1.54.0-linux-x64/jre/21.0.10-linux-x86_64/lib/libjli.so
7edbfc057000-7edbfc058000 rw-p 00019000 103:02 10503384                  /home/francisco/.vscode/extensions/redhat.java-1.54.0-linux-x64/jre/21.0.10-linux-x86_64/lib/libjli.so
7edbfc058000-7edbfc05a000 rw-p 00000000 00:00 0 
7edbfc05a000-7edbfc05b000 r--p 00000000 103:02 16911111                  /usr/lib/x86_64-linux-gnu/ld-linux-x86-64.so.2
7edbfc05b000-7edbfc086000 r-xp 00001000 103:02 16911111                  /usr/lib/x86_64-linux-gnu/ld-linux-x86-64.so.2
7edbfc086000-7edbfc090000 r--p 0002c000 103:02 16911111                  /usr/lib/x86_64-linux-gnu/ld-linux-x86-64.so.2
7edbfc090000-7edbfc092000 r--p 00036000 103:02 16911111                  /usr/lib/x86_64-linux-gnu/ld-linux-x86-64.so.2
7edbfc092000-7edbfc094000 rw-p 00038000 103:02 16911111                  /usr/lib/x86_64-linux-gnu/ld-linux-x86-64.so.2
7ffe0b5a4000-7ffe0b5c6000 rw-p 00000000 00:00 0                          [stack]
7ffe0b5c9000-7ffe0b5cd000 r--p 00000000 00:00 0                          [vvar]
7ffe0b5cd000-7ffe0b5cf000 r-xp 00000000 00:00 0                          [vdso]
ffffffffff600000-ffffffffff601000 --xp 00000000 00:00 0                  [vsyscall]
Total number of mappings: 269

JVMTI agents:
/home/francisco/.vscode/extensions/redhat.java-1.54.0-linux-x64/lombok/lombok-1.18.39-4050.jar path:none, loaded, initialized, instrumentlib options:none


VM Arguments:
jvm_args: --add-modules=ALL-SYSTEM --add-opens=java.base/java.util=ALL-UNNAMED --add-opens=java.base/java.lang=ALL-UNNAMED --add-opens=java.base/sun.nio.fs=ALL-UNNAMED -Declipse.application=org.eclipse.jdt.ls.core.id1 -Dosgi.bundles.defaultStartLevel=4 -Declipse.product=org.eclipse.jdt.ls.core.product -Djava.import.generatesMetadataFilesAtProjectRoot=false -DDetectVMInstallationsJob.disabled=true -Dfile.encoding=utf8 -XX:+UseParallelGC -XX:GCTimeRatio=4 -XX:AdaptiveSizePolicyWeight=90 -Dsun.zip.disableMemoryMapping=true -Xmx2G -Xms100m -Xlog:disable -javaagent:/home/francisco/.vscode/extensions/redhat.java-1.54.0-linux-x64/lombok/lombok-1.18.39-4050.jar -XX:+HeapDumpOnOutOfMemoryError -XX:HeapDumpPath=/home/francisco/.config/Code/User/workspaceStorage/346a9e4e5cde47f56b92528e22654273/redhat.java -Daether.dependencyCollector.impl=bf 
java_command: /home/francisco/.vscode/extensions/redhat.java-1.54.0-linux-x64/server/plugins/org.eclipse.equinox.launcher_1.7.100.v20251111-0406.jar -configuration /home/francisco/.config/Code/User/globalStorage/redhat.java/1.54.0/config_linux -data /home/francisco/.config/Code/User/workspaceStorage/346a9e4e5cde47f56b92528e22654273/redhat.java/jdt_ws --pipe=/run/user/1000/lsp-7ff78c5d89d40f8530e989a97ae7de0a.sock
java_class_path (initial): /home/francisco/.vscode/extensions/redhat.java-1.54.0-linux-x64/server/plugins/org.eclipse.equinox.launcher_1.7.100.v20251111-0406.jar
Launcher Type: SUN_STANDARD

[Global flags]
    uintx AdaptiveSizePolicyWeight                 = 90                                        {product} {command line}
     intx CICompilerCount                          = 12                                        {product} {ergonomic}
    uintx GCTimeRatio                              = 4                                         {product} {command line}
     bool HeapDumpOnOutOfMemoryError               = true                                   {manageable} {command line}
    ccstr HeapDumpPath                             = /home/francisco/.config/Code/User/workspaceStorage/346a9e4e5cde47f56b92528e22654273/redhat.java         {manageable} {command line}
   size_t InitialHeapSize                          = 104857600                                 {product} {command line}
   size_t MaxHeapSize                              = 2147483648                                {product} {command line}
   size_t MaxNewSize                               = 715653120                                 {product} {ergonomic}
   size_t MinHeapDeltaBytes                        = 524288                                    {product} {ergonomic}
   size_t MinHeapSize                              = 104857600                                 {product} {command line}
   size_t NewSize                                  = 34603008                                  {product} {ergonomic}
    uintx NonNMethodCodeHeapSize                   = 7602480                                {pd product} {ergonomic}
    uintx NonProfiledCodeHeapSize                  = 122027880                              {pd product} {ergonomic}
   size_t OldSize                                  = 70254592                                  {product} {ergonomic}
    uintx ProfiledCodeHeapSize                     = 122027880                              {pd product} {ergonomic}
    uintx ReservedCodeCacheSize                    = 251658240                              {pd product} {ergonomic}
     bool SegmentedCodeCache                       = true                                      {product} {ergonomic}
   size_t SoftMaxHeapSize                          = 2147483648                             {manageable} {ergonomic}
     bool UseCompressedOops                        = true                           {product lp64_product} {ergonomic}
     bool UseParallelGC                            = true                                      {product} {command line}

Logging:
Log output configuration:
 #0: stdout all=off uptime,level,tags foldmultilines=false
 #1: stderr all=off uptime,level,tags foldmultilines=false

Release file:
JAVA_VERSION="21.0.10"
MODULES="java.base java.compiler java.datatransfer java.xml java.prefs java.desktop java.instrument java.logging java.management java.security.sasl java.naming java.rmi java.management.rmi java.net.http java.scripting java.security.jgss java.transaction.xa java.sql java.sql.rowset java.xml.crypto java.se java.smartcardio jdk.accessibility jdk.internal.jvmstat jdk.attach jdk.charsets jdk.internal.opt jdk.zipfs jdk.compiler jdk.crypto.ec jdk.crypto.cryptoki jdk.dynalink jdk.internal.ed jdk.editpad jdk.hotspot.agent jdk.httpserver jdk.internal.le jdk.internal.vm.ci jdk.internal.vm.compiler jdk.internal.vm.compiler.management jdk.jartool jdk.javadoc jdk.jcmd jdk.management jdk.management.agent jdk.jconsole jdk.jdeps jdk.jdwp.agent jdk.jdi jdk.jfr jdk.jshell jdk.jsobject jdk.jstatd jdk.localedata jdk.management.jfr jdk.naming.dns jdk.naming.rmi jdk.net jdk.nio.mapmode jdk.random jdk.sctp jdk.security.auth jdk.security.jgss jdk.unsupported jdk.unsupported.desktop jdk.xml.dom"

Environment Variables:
PATH=/home/francisco/.nvm/versions/node/v24.11.0/bin:/usr/local/sbin:/usr/local/bin:/usr/sbin:/usr/bin:/sbin:/bin:/usr/games:/usr/local/games:/snap/bin:/home/francisco/development/flutter/bin:/home/francisco/Android/Sdk/emulator:/home/francisco/Android/Sdk/platform-tools
SHELL=/bin/bash
DISPLAY=:0
LANG=pt_BR.UTF-8

Active Locale:
LC_ALL=pt_BR.UTF-8
LC_COLLATE=pt_BR.UTF-8
LC_CTYPE=pt_BR.UTF-8
LC_MESSAGES=pt_BR.UTF-8
LC_MONETARY=pt_BR.UTF-8
LC_NUMERIC=pt_BR.UTF-8
LC_TIME=pt_BR.UTF-8

Signal Handlers:
   SIGSEGV: crash_handler in libjvm.so, mask=11100100010111111101111111111110, flags=SA_RESTART|SA_SIGINFO, unblocked
    SIGBUS: crash_handler in libjvm.so, mask=11100100010111111101111111111110, flags=SA_RESTART|SA_SIGINFO, unblocked
    SIGFPE: crash_handler in libjvm.so, mask=11100100010111111101111111111110, flags=SA_RESTART|SA_SIGINFO, unblocked
   SIGPIPE: javaSignalHandler in libjvm.so, mask=11100100010111111101111111111110, flags=SA_RESTART|SA_SIGINFO, blocked
   SIGXFSZ: javaSignalHandler in libjvm.so, mask=11100100010111111101111111111110, flags=SA_RESTART|SA_SIGINFO, blocked
    SIGILL: crash_handler in libjvm.so, mask=11100100010111111101111111111110, flags=SA_RESTART|SA_SIGINFO, unblocked
   SIGUSR2: SR_handler in libjvm.so, mask=00000000000000000000000000000000, flags=SA_RESTART|SA_SIGINFO, blocked
    SIGHUP: UserHandler in libjvm.so, mask=11100100010111111101111111111110, flags=SA_RESTART|SA_SIGINFO, blocked
    SIGINT: UserHandler in libjvm.so, mask=11100100010111111101111111111110, flags=SA_RESTART|SA_SIGINFO, blocked
   SIGTERM: UserHandler in libjvm.so, mask=11100100010111111101111111111110, flags=SA_RESTART|SA_SIGINFO, blocked
   SIGQUIT: UserHandler in libjvm.so, mask=11100100010111111101111111111110, flags=SA_RESTART|SA_SIGINFO, blocked
   SIGTRAP: crash_handler in libjvm.so, mask=11100100010111111101111111111110, flags=SA_RESTART|SA_SIGINFO, unblocked


Periodic native trim disabled

---------------  S Y S T E M  ---------------

OS:
DISTRIB_ID=LinuxMint
DISTRIB_RELEASE=22.1
DISTRIB_CODENAME=xia
DISTRIB_DESCRIPTION="Linux Mint 22.1 Xia"
uname: Linux 6.8.0-101-generic #101-Ubuntu SMP PREEMPT_DYNAMIC Mon Feb  9 10:15:05 UTC 2026 x86_64
OS uptime: 0 days 0:35 hours
libc: glibc 2.39 NPTL 2.39 
rlimit (soft/hard): STACK 8192k/infinity , CORE 0k/infinity , NPROC 61195/61195 , NOFILE 1048576/1048576 , AS infinity/infinity , CPU infinity/infinity , DATA infinity/infinity , FSIZE infinity/infinity , MEMLOCK 1969428k/1969428k
load average: 0,96 0,77 0,55

/proc/meminfo:
MemTotal:       15755424 kB
MemFree:         7673724 kB
MemAvailable:   10152564 kB
Buffers:          149752 kB
Cached:          2661380 kB
SwapCached:            0 kB
Active:          5939580 kB
Inactive:         975012 kB
Active(anon):    4242572 kB
Inactive(anon):        0 kB
Active(file):    1697008 kB
Inactive(file):   975012 kB
Unevictable:          64 kB
Mlocked:              64 kB
SwapTotal:       2097148 kB
SwapFree:        2097148 kB
Zswap:                 0 kB
Zswapped:              0 kB
Dirty:              2160 kB
Writeback:           284 kB
AnonPages:       4103904 kB
Mapped:          1071520 kB
Shmem:            139108 kB
KReclaimable:     115612 kB
Slab:             325192 kB
SReclaimable:     115612 kB
SUnreclaim:       209580 kB
KernelStack:       25372 kB
PageTables:        63068 kB
SecPageTables:         0 kB
NFS_Unstable:          0 kB
Bounce:                0 kB
WritebackTmp:          0 kB
CommitLimit:     9974860 kB
Committed_AS:   26721268 kB
VmallocTotal:   34359738367 kB
VmallocUsed:       76348 kB
VmallocChunk:          0 kB
Percpu:            14272 kB
HardwareCorrupted:     0 kB
AnonHugePages:         0 kB
ShmemHugePages:        0 kB
ShmemPmdMapped:        0 kB
FileHugePages:         0 kB
FilePmdMapped:         0 kB
Unaccepted:            0 kB
HugePages_Total:       0
HugePages_Free:        0
HugePages_Rsvd:        0
HugePages_Surp:        0
Hugepagesize:       2048 kB
Hugetlb:               0 kB
DirectMap4k:      584888 kB
DirectMap2M:     9275392 kB
DirectMap1G:     7340032 kB

/sys/kernel/mm/transparent_hugepage/enabled: always [madvise] never
/sys/kernel/mm/transparent_hugepage/hpage_pmd_size: 2097152
/sys/kernel/mm/transparent_hugepage/defrag (defrag/compaction efforts parameter): always defer defer+madvise [madvise] never

Process Memory:
Virtual Size: 5945380K (peak: 6006388K)
Resident Set Size: 150044K (peak: 150044K) (anon: 117556K, file: 32488K, shmem: 0K)
Swapped out: 0K
C-Heap outstanding allocations: 71136K, retained: 11015K
glibc malloc tunables: (default)

/proc/sys/kernel/threads-max (system-wide limit on the number of threads): 122391
/proc/sys/vm/max_map_count (maximum number of memory map areas a process may have): 1048576
/proc/sys/vm/swappiness (control to define how aggressively the kernel swaps out anonymous memory): 60
/proc/sys/kernel/pid_max (system-wide limit on number of process identifiers): 4194304

container information not found.
Steal ticks since vm start: 0
Steal ticks percentage since vm start:  0,000

CPU: total 16 (initial active 16) (16 cores per cpu, 2 threads per core) family 25 model 80 stepping 0 microcode 0xa500011, cx8, cmov, fxsr, ht, mmx, 3dnowpref, sse, sse2, sse3, ssse3, sse4a, sse4.1, sse4.2, popcnt, lzcnt, tsc, tscinvbit, avx, avx2, aes, erms, clmul, bmi1, bmi2, adx, sha, fma, vzeroupper, clflush, clflushopt, rdtscp, rdpid, fsrm, f16c, pku, ospke, cet_ss
CPU Model and flags from /proc/cpuinfo:
model name	: AMD Ryzen 7 5825U with Radeon Graphics
flags		: fpu vme de pse tsc msr pae mce cx8 apic sep mtrr pge mca cmov pat pse36 clflush mmx fxsr sse sse2 ht syscall nx mmxext fxsr_opt pdpe1gb rdtscp lm constant_tsc rep_good nopl nonstop_tsc cpuid extd_apicid aperfmperf rapl pni pclmulqdq monitor ssse3 fma cx16 sse4_1 sse4_2 movbe popcnt aes xsave avx f16c rdrand lahf_lm cmp_legacy svm extapic cr8_legacy abm sse4a misalignsse 3dnowprefetch osvw ibs skinit wdt tce topoext perfctr_core perfctr_nb bpext perfctr_llc mwaitx cpb cat_l3 cdp_l3 hw_pstate ssbd mba ibrs ibpb stibp vmmcall fsgsbase bmi1 avx2 smep bmi2 erms invpcid cqm rdt_a rdseed adx smap clflushopt clwb sha_ni xsaveopt xsavec xgetbv1 xsaves cqm_llc cqm_occup_llc cqm_mbm_total cqm_mbm_local user_shstk clzero irperf xsaveerptr rdpru wbnoinvd cppc arat npt lbrv svm_lock nrip_save tsc_scale vmcb_clean flushbyasid decodeassists pausefilter pfthreshold avic v_vmsave_vmload vgif v_spec_ctrl umip pku ospke vaes vpclmulqdq rdpid overflow_recov succor smca fsrm debug_swap ibpb_exit_to_user

Online cpus: 0-15
Offline cpus: 
BIOS frequency limitation: <Not Available>
Frequency switch latency (ns): 0
Available cpu frequencies: <Not Available>
Current governor: powersave
Core performance/turbo boost: <Not Available>

Memory: 4k page, physical 15755424k(10150044k free), swap 2097148k(2097148k free)
Page Sizes: 4k

vm_info: OpenJDK 64-Bit Server VM (21.0.10+7-LTS) for linux-amd64 JRE (21.0.10+7-LTS), built on 2026-01-20T00:00:00Z by "admin" with gcc 11.3.0

END.
