#
# A fatal error has been detected by the Java Runtime Environment:
#
#  SIGSEGV (0xb) at pc=0x000071c4567793ae, pid=8975, tid=9008
#
# JRE version: OpenJDK Runtime Environment Temurin-21.0.10+7 (21.0.10+7) (build 21.0.10+7-LTS)
# Java VM: OpenJDK 64-Bit Server VM Temurin-21.0.10+7 (21.0.10+7-LTS, mixed mode, sharing, tiered, compressed oops, compressed class ptrs, parallel gc, linux-amd64)
# Problematic frame:
# V  [libjvm.so+0xd793ae]  ParCompactionManager::follow_marking_stacks()+0x46e
#
# Core dump will be written. Default location: Core dumps may be processed with "/usr/lib/systemd/systemd-coredump %P %u %g %s %t 9223372036854775808 %h %d" (or dumping to /home/francisco/Documentos/PlatformIO/Projects/Esp-AlexaPampas/core.8975)
#
# If you would like to submit a bug report, please visit:
#   https://github.com/adoptium/adoptium-support/issues
#

---------------  S U M M A R Y ------------

Command Line: --add-modules=ALL-SYSTEM --add-opens=java.base/java.util=ALL-UNNAMED --add-opens=java.base/java.lang=ALL-UNNAMED --add-opens=java.base/sun.nio.fs=ALL-UNNAMED -Declipse.application=org.eclipse.jdt.ls.core.id1 -Dosgi.bundles.defaultStartLevel=4 -Declipse.product=org.eclipse.jdt.ls.core.product -Djava.import.generatesMetadataFilesAtProjectRoot=false -DDetectVMInstallationsJob.disabled=true -Dfile.encoding=utf8 -XX:+UseParallelGC -XX:GCTimeRatio=4 -XX:AdaptiveSizePolicyWeight=90 -Dsun.zip.disableMemoryMapping=true -Xmx2G -Xms100m -Xlog:disable -javaagent:/home/francisco/.vscode/extensions/redhat.java-1.54.0-linux-x64/lombok/lombok-1.18.39-4050.jar -XX:+HeapDumpOnOutOfMemoryError -XX:HeapDumpPath=/home/francisco/.config/Code/User/workspaceStorage/b6c7c1c42739e20c705c47e220ad72d4/redhat.java -Daether.dependencyCollector.impl=bf /home/francisco/.vscode/extensions/redhat.java-1.54.0-linux-x64/server/plugins/org.eclipse.equinox.launcher_1.7.100.v20251111-0406.jar -configuration /home/francisco/.config/Code/User/globalStorage/redhat.java/1.54.0/config_linux -data /home/francisco/.config/Code/User/workspaceStorage/b6c7c1c42739e20c705c47e220ad72d4/redhat.java/jdt_ws --pipe=/run/user/1000/lsp-d4c7d2230760b33015f7e7bbfb1f9d41.sock

Host: AMD Ryzen 7 5825U with Radeon Graphics, 16 cores, 15G, Linux Mint 22.1 Xia
Time: Fri May  8 18:33:25 2026 -03 elapsed time: 3.629742 seconds (0d 0h 0m 3s)

---------------  T H R E A D  ---------------

Current thread (0x000071c3e0001060):  WorkerThread "GC Thread#1"    [id=9008, stack(0x000071c3f1700000,0x000071c3f1800000) (1024K)]

Stack: [0x000071c3f1700000,0x000071c3f1800000],  sp=0x000071c3f17feae0,  free space=1018k
Native frames: (J=compiled Java code, j=interpreted, Vv=VM code, C=native code)
V  [libjvm.so+0xd793ae]  ParCompactionManager::follow_marking_stacks()+0x46e
V  [libjvm.so+0xd8792f]  PCAddThreadRootsMarkingTaskClosure::do_thread(Thread*)+0xbf
V  [libjvm.so+0xf8ffd9]  Threads::possibly_parallel_threads_do(bool, ThreadClosure*)+0xe9
V  [libjvm.so+0xd88796]  MarkFromRootsTask::work(unsigned int)+0xb6
V  [libjvm.so+0x10404e0]  WorkerThread::run()+0x80
V  [libjvm.so+0xf84d48]  Thread::call_run()+0xa8
V  [libjvm.so+0xd0e2da]  thread_native_entry(Thread*)+0xda
C  [libc.so.6+0x9caa4]

siginfo: si_signo: 11 (SIGSEGV), si_code: 128 (SI_KERNEL), si_addr: 0x0000000000000000

Registers:
RAX=0x007ffffffff737b9, RBX=0x000071c4500a4b40, RCX=0x0000010000000000, RDX=0x000071c434000000
RSP=0x000071c3f17feae0, RBP=0x000071c3f17febe0, RSI=0x0000010000000000, RDI=0x000071c45004c0e0
R8 =0x000000006e6f7344, R9 =0x000071c45004c108, R10=0x00000000d6b53388, R11=0x00000000d6b5338c
R12=0x000071c3f17feb90, R13=0x000071c456e32420, R14=0x000071c456f59720, R15=0x000071c456ef8708
RIP=0x000071c4567793ae, EFLAGS=0x0000000000010216, CSGSFS=0x002b000000000033, ERR=0x0000000000000000
  TRAPNO=0x000000000000000d

XMM[0]=0x000071c44525fcc6 0x000071c3f08f6a08
XMM[1]=0x0000000000000000 0x000071c44525fb90
XMM[2]=0x000071c3f08f6aa0 0x0000710000000000
XMM[3]=0x0000000000000000 0x000071c3f08f6a38
XMM[4]=0x0000000000000000 0x000071c44525fcc6
XMM[5]=0x000071c3f08f6a38 0x000071c3f08f6aa0
XMM[6]=0x000071c44525fcc6 0x000071c3f08f6a08
XMM[7]=0x533557a04340ab68 0xbfae52d76b67fdd1
XMM[8]=0x634006d88deadff2 0x099152015a2e3c4b
XMM[9]=0x0000000000000000 0x0000000000000000
XMM[10]=0x3f3f3f3f3f3f3f3f 0x3f3f3f3f3f3f3f3f
XMM[11]=0x9999999999999999 0x9999999999999999
XMM[12]=0x2020202020202020 0x2020202020202020
XMM[13]=0x0000000000000000 0x0000000000000000
XMM[14]=0x0000000000000000 0x0000000000000000
XMM[15]=0x0000000000000000 0x0000000000000000
  MXCSR=0x00001fa2


Register to memory mapping:

RAX=0x007ffffffff737b9 is an unknown value
RBX=0x000071c4500a4b40 points into unknown readable memory: 0x0000000000000000 | 00 00 00 00 00 00 00 00
RCX=0x0000010000000000 is an unknown value
RDX=0x000071c434000000 points into unknown readable memory: 0x2492484890004929 | 29 49 00 90 48 48 92 24
RSP=0x000071c3f17feae0 points into unknown readable memory: 0x00000000d6b53290 | 90 32 b5 d6 00 00 00 00
RBP=0x000071c3f17febe0 points into unknown readable memory: 0x000071c3f17fec90 | 90 ec 7f f1 c3 71 00 00
RSI=0x0000010000000000 is an unknown value
RDI=0x000071c45004c0e0 points into unknown readable memory: 0x0000000000000000 | 00 00 00 00 00 00 00 00
R8 =0x000000006e6f7344 is an unknown value
R9 =0x000071c45004c108 points into unknown readable memory: 0x0000000000000004 | 04 00 00 00 00 00 00 00
R10=0x00000000d6b53388 points into unknown readable memory: 0x000000006e6f7344 | 44 73 6f 6e 00 00 00 00
R11=0x00000000d6b5338c points into unknown readable memory: 00 00 00 00
R12=0x000071c3f17feb90 points into unknown readable memory: 0x000071c456e32420 | 20 24 e3 56 c4 71 00 00
R13=0x000071c456e32420: <offset 0x0000000001432420> in /home/francisco/.vscode/extensions/redhat.java-1.54.0-linux-x64/jre/21.0.10-linux-x86_64/lib/server/libjvm.so at 0x000071c455a00000
R14=0x000071c456f59720: <offset 0x0000000001559720> in /home/francisco/.vscode/extensions/redhat.java-1.54.0-linux-x64/jre/21.0.10-linux-x86_64/lib/server/libjvm.so at 0x000071c455a00000
R15=0x000071c456ef8708: <offset 0x00000000014f8708> in /home/francisco/.vscode/extensions/redhat.java-1.54.0-linux-x64/jre/21.0.10-linux-x86_64/lib/server/libjvm.so at 0x000071c455a00000

Top of Stack: (sp=0x000071c3f17feae0)
0x000071c3f17feae0:   00000000d6b53290 00000000d6b53290
0x000071c3f17feaf0:   00000000d6b53294 00000000d6b53378
0x000071c3f17feb00:   0000000000000c00 0000000000000000
0x000071c3f17feb10:   0000000000000000 0000000000000000
0x000071c3f17feb20:   0000000000000000 0000000000000000
0x000071c3f17feb30:   0000000000000000 0000000000000000
0x000071c3f17feb40:   0000000000000000 0000000000000000
0x000071c3f17feb50:   000071c380185c00 000071c380185c80
0x000071c3f17feb60:   0000000000000000 00000001ffffffff
0x000071c3f17feb70:   000071c3f17feb01 000071c45633409e
0x000071c3f17feb80:   0000000000000000 000071c3e0001060
0x000071c3f17feb90:   000071c456e32420 000071c450062eb0
0x000071c3f17feba0:   000071c300000004 000071c4500a4b40
0x000071c3f17febb0:   000071c3f17febe0 000071c3e0001410
0x000071c3f17febc0:   000071c3c40812a0 000071c4500a4b40
0x000071c3f17febd0:   000071c380185c80 00000000000003d8
0x000071c3f17febe0:   000071c3f17fec90 000071c45678792f
0x000071c3f17febf0:   000071c3c40812a0 000071c3c40812b0
0x000071c3f17fec00:   0000000000000000 000071c3c4081688
0x000071c3f17fec10:   000071c456e2b630 000071c3f17fec30
0x000071c3f17fec20:   000071c3f17fec30 000071c3c40812b0
0x000071c3f17fec30:   000071c456e32568 000071c4500a4b40
0x000071c3f17fec40:   000071c456e2b630 000071c3f17fec30
0x000071c3f17fec50:   0000000000000100 0000000000000000
0x000071c3f17fec60:   0000000000000548 000071c3640c30c8
0x000071c3f17fec70:   000071c3640c3100 0000000000000011
0x000071c3f17fec80:   000071c456ef7b18 000071c3f17fed80
0x000071c3f17fec90:   000071c3f17fecf0 000071c45698ffd9
0x000071c3f17feca0:   0000000000000000 000071c380185c80
0x000071c3f17fecb0:   000071c3e0001001 000071c3f2dfc1c0
0x000071c3f17fecc0:   000071c3f17fecf0 000071c4500a4b40
0x000071c3f17fecd0:   000071c3f17fedfc 000071c3e0001060 

Instructions: (pc=0x000071c4567793ae)
0x000071c4567792ae:   d0 29 c8 a9 ff ff 01 00 0f 85 b4 fd ff ff e9 28
0x000071c4567792be:   fe ff ff 0f 1f 80 00 00 00 00 49 8b 50 08 48 63
0x000071c4567792ce:   42 0c 83 f8 06 75 c2 48 8b ba 98 00 00 00 31 c9
0x000071c4567792de:   ba 04 00 00 00 4c 89 e6 4c 89 85 18 ff ff ff e8
0x000071c4567792ee:   4e f2 8a ff 41 80 3f 01 48 8d 05 88 f0 7b 00 48
0x000071c4567792fe:   19 c9 4c 8b 85 18 ff ff ff 83 e1 08 80 38 00 0f
0x000071c45677930e:   84 9d 03 00 00 41 80 3f 01 4d 8d 54 08 10 48 19
0x000071c45677931e:   c0 83 e0 04 49 63 54 00 0c b8 00 08 00 00 48 39
0x000071c45677932e:   c2 48 0f 46 c2 4d 8d 1c 82 48 39 c2 0f 87 78 0d
0x000071c45677933e:   00 00 4d 39 da 72 18 e9 57 ff ff ff 66 0f 1f 44
0x000071c45677934e:   00 00 49 83 c2 04 4d 39 d3 0f 86 44 ff ff ff 45
0x000071c45677935e:   8b 02 45 85 c0 74 eb 48 8d 05 44 db 77 00 48 8b
0x000071c45677936e:   15 55 0d 7e 00 be 01 00 00 00 8b 48 08 49 d3 e0
0x000071c45677937e:   4c 03 00 4c 89 c1 48 2b 0a 48 8b 52 10 48 89 c8
0x000071c45677938e:   48 8d 0d 13 e6 77 00 48 c1 e8 03 8b 09 48 d3 e8
0x000071c45677939e:   48 89 c1 48 c1 e8 06 83 e1 3f 48 d3 e6 48 89 f1
0x000071c4567793ae:   48 23 0c c2 48 89 ca 75 99 41 0f b6 37 40 84 f6
0x000071c4567793be:   0f 84 cc 0b 00 00 48 8d 05 d5 da 77 00 41 8b 78
0x000071c4567793ce:   08 8b 48 08 48 d3 e7 48 03 38 8b 47 08 85 c0 0f
0x000071c4567793de:   8e d5 08 00 00 a8 01 74 1a 48 8b 17 48 8d 35 0f
0x000071c4567793ee:   ea 56 ff 48 8b 92 00 01 00 00 48 39 f2 0f 85 7b
0x000071c4567793fe:   11 00 00 c1 f8 03 48 63 d0 48 8d 3d 32 0d 7e 00
0x000071c45677940e:   4c 89 c6 4c 89 95 00 ff ff ff 4c 89 9d 08 ff ff
0x000071c45677941e:   ff 48 89 95 10 ff ff ff 4c 89 85 18 ff ff ff e8
0x000071c45677942e:   ce 0b fb ff 4c 8b 85 18 ff ff ff 48 8b 95 10 ff
0x000071c45677943e:   ff ff 84 c0 4c 8b 9d 08 ff ff ff 4c 8b 95 00 ff
0x000071c45677944e:   ff ff 0f 84 fa fe ff ff 48 8d 3d a3 0c 7e 00 4c
0x000071c45677945e:   89 c6 4c 89 95 08 ff ff ff 4c 89 9d 10 ff ff ff
0x000071c45677946e:   e8 ed 74 00 00 41 80 3f 00 4c 8b 85 18 ff ff ff
0x000071c45677947e:   4c 8b 9d 10 ff ff ff 4c 8b 95 08 ff ff ff 0f 84
0x000071c45677948e:   c6 0e 00 00 48 8d 15 07 da 77 00 41 8b 40 08 8b
0x000071c45677949e:   4a 08 48 d3 e0 48 03 02 83 78 0c 04 75 18 48 8d 


Stack slot to memory mapping:

stack at sp + 0 slots: 0x00000000d6b53290 points into unknown readable memory: 0x00000000d6b53298 | 98 32 b5 d6 00 00 00 00
stack at sp + 1 slots: 0x00000000d6b53290 points into unknown readable memory: 0x00000000d6b53298 | 98 32 b5 d6 00 00 00 00
stack at sp + 2 slots: 0x00000000d6b53294 points into unknown readable memory: 00 00 00 00
stack at sp + 3 slots: 0x00000000d6b53378 is an oop: [Lsun.security.x509.AVA; 
{0x00000000d6b53378} - klass: 'sun/security/x509/AVA'[]
 - length: 1
stack at sp + 4 slots: 0x0000000000000c00 is an unknown value
stack at sp + 5 slots: 0x0 is null
stack at sp + 6 slots: 0x0 is null
stack at sp + 7 slots: 0x0 is null


---------------  P R O C E S S  ---------------

Threads class SMR info:
_java_thread_list=0x000071c3640c2fe0, length=30, elements={
0x000071c45002ad80, 0x000071c45021a6c0, 0x000071c45021bc00, 0x000071c45021d360,
0x000071c45021e970, 0x000071c45021fee0, 0x000071c450221a70, 0x000071c450223100,
0x000071c3cc02e230, 0x000071c4502707a0, 0x000071c45029bc30, 0x000071c4504a9500,
0x000071c4505066d0, 0x000071c388025a10, 0x000071c450509540, 0x000071c3803f7860,
0x000071c380223a00, 0x000071c3c813a840, 0x000071c3c813b260, 0x000071c3c813bfa0,
0x000071c3800cea20, 0x000071c3c0159e00, 0x000071c380170c60, 0x000071c380185c80,
0x000071c37c12fe70, 0x000071c380a2d6e0, 0x000071c36c001b70, 0x000071c348000ff0,
0x000071c450589fc0, 0x000071c3640c1e90
}

Java Threads: ( => current thread )
  0x000071c45002ad80 JavaThread "main"                              [_thread_blocked, id=8976, stack(0x000071c455817000,0x000071c455917000) (1024K)]
  0x000071c45021a6c0 JavaThread "Reference Handler"          daemon [_thread_blocked, id=8982, stack(0x000071c3f2bfd000,0x000071c3f2cfd000) (1024K)]
  0x000071c45021bc00 JavaThread "Finalizer"                  daemon [_thread_blocked, id=8983, stack(0x000071c3f2500000,0x000071c3f2600000) (1024K)]
  0x000071c45021d360 JavaThread "Signal Dispatcher"          daemon [_thread_blocked, id=8984, stack(0x000071c3f2400000,0x000071c3f2500000) (1024K)]
  0x000071c45021e970 JavaThread "Service Thread"             daemon [_thread_blocked, id=8985, stack(0x000071c3f2300000,0x000071c3f2400000) (1024K)]
  0x000071c45021fee0 JavaThread "Monitor Deflation Thread"   daemon [_thread_blocked, id=8986, stack(0x000071c3f2200000,0x000071c3f2300000) (1024K)]
  0x000071c450221a70 JavaThread "C2 CompilerThread0"         daemon [_thread_blocked, id=8987, stack(0x000071c3f2100000,0x000071c3f2200000) (1024K)]
  0x000071c450223100 JavaThread "C1 CompilerThread0"         daemon [_thread_blocked, id=8988, stack(0x000071c3f2000000,0x000071c3f2100000) (1024K)]
  0x000071c3cc02e230 JavaThread "C1 CompilerThread1"         daemon [_thread_blocked, id=8990, stack(0x000071c3f1f00000,0x000071c3f2000000) (1024K)]
  0x000071c4502707a0 JavaThread "Common-Cleaner"             daemon [_thread_blocked, id=8993, stack(0x000071c3f1c00000,0x000071c3f1d00000) (1024K)]
  0x000071c45029bc30 JavaThread "Notification Thread"        daemon [_thread_blocked, id=8997, stack(0x000071c3f1a00000,0x000071c3f1b00000) (1024K)]
  0x000071c4504a9500 JavaThread "Active Thread: Equinox Container: 78b788bb-68e0-4a4a-b9de-564b792e464b"        [_thread_blocked, id=9015, stack(0x000071c3f12fd000,0x000071c3f13fd000) (1024K)]
  0x000071c4505066d0 JavaThread "Refresh Thread: Equinox Container: 78b788bb-68e0-4a4a-b9de-564b792e464b" daemon [_thread_blocked, id=9019, stack(0x000071c3f10fc000,0x000071c3f11fc000) (1024K)]
  0x000071c388025a10 JavaThread "Framework Event Dispatcher: Equinox Container: 78b788bb-68e0-4a4a-b9de-564b792e464b" daemon [_thread_blocked, id=9020, stack(0x000071c3f0ffc000,0x000071c3f10fc000) (1024K)]
  0x000071c450509540 JavaThread "Start Level: Equinox Container: 78b788bb-68e0-4a4a-b9de-564b792e464b" daemon [_thread_blocked, id=9021, stack(0x000071c3f0efc000,0x000071c3f0ffc000) (1024K)]
  0x000071c3803f7860 JavaThread "Bundle File Closer"         daemon [_thread_blocked, id=9032, stack(0x000071c3f0cfb000,0x000071c3f0dfb000) (1024K)]
  0x000071c380223a00 JavaThread "SCR Component Actor"        daemon [_thread_blocked, id=9042, stack(0x000071c3f1e00000,0x000071c3f1f00000) (1024K)]
  0x000071c3c813a840 JavaThread "C2 CompilerThread1"         daemon [_thread_blocked, id=9044, stack(0x000071c3f1b00000,0x000071c3f1c00000) (1024K)]
  0x000071c3c813b260 JavaThread "C2 CompilerThread2"         daemon [_thread_blocked, id=9045, stack(0x000071c3f1d00000,0x000071c3f1e00000) (1024K)]
  0x000071c3c813bfa0 JavaThread "C2 CompilerThread3"         daemon [_thread_blocked, id=9046, stack(0x000071c3f1900000,0x000071c3f1a00000) (1024K)]
  0x000071c3800cea20 JavaThread "Worker-JM"                         [_thread_blocked, id=9047, stack(0x000071c3f1800000,0x000071c3f1900000) (1024K)]
  0x000071c3c0159e00 JavaThread "C1 CompilerThread2"         daemon [_thread_blocked, id=9048, stack(0x000071c3f13fd000,0x000071c3f14fd000) (1024K)]
  0x000071c380170c60 JavaThread "Worker-0: Initialize After Load"        [_thread_blocked, id=9051, stack(0x000071c3f08f8000,0x000071c3f09f8000) (1024K)]
  0x000071c380185c80 JavaThread "Worker-1: Loading available Gradle versions"        [_thread_blocked, id=9052, stack(0x000071c3f07f8000,0x000071c3f08f8000) (1024K)]
  0x000071c37c12fe70 JavaThread "C1 CompilerThread3"         daemon [_thread_blocked, id=9082, stack(0x000071c3f05f7000,0x000071c3f06f7000) (1024K)]
  0x000071c380a2d6e0 JavaThread "Java indexing"              daemon [_thread_blocked, id=9085, stack(0x000071c3f02f5000,0x000071c3f03f5000) (1024K)]
  0x000071c36c001b70 JavaThread "Worker-2"                          [_thread_blocked, id=9087, stack(0x000071c34ff00000,0x000071c350000000) (1024K)]
  0x000071c348000ff0 JavaThread "Worker-3: Updating Maven Dependencies"        [_thread_blocked, id=9088, stack(0x000071c34fe00000,0x000071c34ff00000) (1024K)]
  0x000071c450589fc0 JavaThread "pool-2-thread-1"                   [_thread_blocked, id=9089, stack(0x000071c34fd00000,0x000071c34fe00000) (1024K)]
  0x000071c3640c1e90 JavaThread "C2 CompilerThread4"         daemon [_thread_blocked, id=9090, stack(0x000071c34fc00000,0x000071c34fd00000) (1024K)]
Total: 30

Other Threads:
  0x000071c4502112e0 VMThread "VM Thread"                           [id=8981, stack(0x000071c3f2cfe000,0x000071c3f2dfe000) (1024K)]
  0x000071c450052c00 WatcherThread "VM Periodic Task Thread"        [id=8980, stack(0x000071c45487f000,0x000071c45497f000) (1024K)]
  0x000071c450043c40 WorkerThread "GC Thread#0"                     [id=8977, stack(0x000071c455144000,0x000071c455244000) (1024K)]
=>0x000071c3e0001060 WorkerThread "GC Thread#1"                     [id=9008, stack(0x000071c3f1700000,0x000071c3f1800000) (1024K)]
  0x000071c3e0003140 WorkerThread "GC Thread#2"                     [id=9010, stack(0x000071c3f15ff000,0x000071c3f16ff000) (1024K)]
  0x000071c3e0003bc0 WorkerThread "GC Thread#3"                     [id=9011, stack(0x000071c3f14fe000,0x000071c3f15fe000) (1024K)]
  0x000071c3e0004880 WorkerThread "GC Thread#4"                     [id=9017, stack(0x000071c3f11fd000,0x000071c3f12fd000) (1024K)]
  0x000071c3e0005b50 WorkerThread "GC Thread#5"                     [id=9031, stack(0x000071c3f0dfc000,0x000071c3f0efc000) (1024K)]
  0x000071c3e0006640 WorkerThread "GC Thread#6"                     [id=9043, stack(0x000071c3f0bfb000,0x000071c3f0cfb000) (1024K)]
  0x000071c3e00077e0 WorkerThread "GC Thread#7"                     [id=9049, stack(0x000071c3f0afa000,0x000071c3f0bfa000) (1024K)]
  0x000071c3e00081a0 WorkerThread "GC Thread#8"                     [id=9050, stack(0x000071c3f09f9000,0x000071c3f0af9000) (1024K)]
  0x000071c3e0008ce0 WorkerThread "GC Thread#9"                     [id=9081, stack(0x000071c3f06f8000,0x000071c3f07f8000) (1024K)]
  0x000071c3e000a2e0 WorkerThread "GC Thread#10"                    [id=9083, stack(0x000071c3f04f7000,0x000071c3f05f7000) (1024K)]
  0x000071c3e000b6e0 WorkerThread "GC Thread#11"                    [id=9084, stack(0x000071c3f03f6000,0x000071c3f04f6000) (1024K)]
  0x000071c3e000c980 WorkerThread "GC Thread#12"                    [id=9086, stack(0x000071c3f01f5000,0x000071c3f02f5000) (1024K)]
Total: 15

Threads with active compile tasks:
C2 CompilerThread0  3636 4811       4       java.util.Collections$UnmodifiableMap::getOrDefault (12 bytes)
C2 CompilerThread1  3636 4371       4       org.eclipse.osgi.internal.serviceregistry.ServiceRegistry::notifyHooksPrivileged (57 bytes)
C2 CompilerThread2  3636 4411       4       org.eclipse.osgi.internal.loader.BundleLoader::addExportedProvidersFor (167 bytes)
C2 CompilerThread3  3636 4608   !   4       org.eclipse.osgi.internal.loader.classpath.ClasspathManager::findClassImpl (328 bytes)
C2 CompilerThread4  3636 4737   !   4       java.lang.String::<init> (880 bytes)
Total: 5

VM state: at safepoint (normal execution)

VM Mutex/Monitor currently owned by a thread:  ([mutex/lock_event])
[0x000071c456f53ed8] Threads_lock - owner thread: 0x000071c4502112e0
[0x000071c456f53dd8] Heap_lock - owner thread: 0x000071c380185c80

Heap address: 0x0000000080000000, size: 2048 MB, Compressed Oops mode: 32-bit

CDS archive(s) mapped at: [0x000071c3f3000000-0x000071c3f3bbb000-0x000071c3f3bbb000), size 12300288, SharedBaseAddress: 0x000071c3f3000000, ArchiveRelocationMode: 1.
Compressed class space mapped at: 0x000071c3f4000000-0x000071c434000000, reserved size: 1073741824
Narrow klass base: 0x000071c3f3000000, Narrow klass shift: 0, Narrow klass range: 0x100000000

GC Precious Log:
 CardTable entry size: 512
 CPUs: 16 total, 16 available
 Memory: 15386M
 Large Page Support: Disabled
 NUMA Support: Disabled
 Compressed Oops: Enabled (32-bit)
 Alignments: Space 512K, Generation 512K, Heap 2M
 Heap Min Capacity: 100M
 Heap Initial Capacity: 100M
 Heap Max Capacity: 2G
 Pre-touch: Disabled
 Parallel Workers: 13

Heap:
 PSYoungGen      total 23552K, used 1056K [0x00000000d5580000, 0x00000000d7200000, 0x0000000100000000)
  eden space 22016K, 0% used [0x00000000d5580000,0x00000000d5580000,0x00000000d6b00000)
  from space 1536K, 68% used [0x00000000d6b00000,0x00000000d6c08000,0x00000000d6c80000)
  to   space 3072K, 0% used [0x00000000d6f00000,0x00000000d6f00000,0x00000000d7200000)
 ParOldGen       total 68608K, used 21637K [0x0000000080000000, 0x0000000084300000, 0x00000000d5580000)
  object space 68608K, 31% used [0x0000000080000000,0x00000000815217e0,0x0000000084300000)
 Metaspace       used 34898K, committed 35840K, reserved 1114112K
  class space    used 3522K, committed 3968K, reserved 1048576K

Card table byte_map: [0x000071c455244000,0x000071c455645000] _byte_map_base: 0x000071c454e44000

Marking Bits: (ParMarkBitMap*) 0x000071c456f5a140
 Begin Bits: [0x000071c434000000, 0x000071c436000000)
 End Bits:   [0x000071c436000000, 0x000071c438000000)

Polling page: 0x000071c457292000

Metaspace:

Usage:
  Non-class:     30,64 MB used.
      Class:      3,44 MB used.
       Both:     34,08 MB used.

Virtual space:
  Non-class space:       64,00 MB reserved,      31,12 MB ( 49%) committed,  1 nodes.
      Class space:        1,00 GB reserved,       3,88 MB ( <1%) committed,  1 nodes.
             Both:        1,06 GB reserved,      35,00 MB (  3%) committed. 

Chunk freelists:
   Non-Class:  896,00 KB
       Class:  12,11 MB
        Both:  12,98 MB

MaxMetaspaceSize: unlimited
CompressedClassSpaceSize: 1,00 GB
Initial GC threshold: 21,00 MB
Current GC threshold: 35,00 MB
CDS: on
 - commit_granule_bytes: 65536.
 - commit_granule_words: 8192.
 - virtual_space_node_default_size: 8388608.
 - enlarge_chunks_in_place: 1.
 - use_allocation_guard: 0.


Internal statistics:

num_allocs_failed_limit: 8.
num_arena_births: 654.
num_arena_deaths: 14.
num_vsnodes_births: 2.
num_vsnodes_deaths: 0.
num_space_committed: 560.
num_space_uncommitted: 0.
num_chunks_returned_to_freelist: 22.
num_chunks_taken_from_freelist: 2016.
num_chunk_merges: 10.
num_chunk_splits: 1280.
num_chunks_enlarged: 803.
num_inconsistent_stats: 0.

CodeHeap 'non-profiled nmethods': size=119168Kb used=2144Kb max_used=2144Kb free=117024Kb
 bounds [0x000071c4459a0000, 0x000071c445c10000, 0x000071c44ce00000]
CodeHeap 'profiled nmethods': size=119164Kb used=10203Kb max_used=10203Kb free=108960Kb
 bounds [0x000071c43de00000, 0x000071c43e800000, 0x000071c44525f000]
CodeHeap 'non-nmethods': size=7428Kb used=3029Kb max_used=3067Kb free=4398Kb
 bounds [0x000071c44525f000, 0x000071c4455cf000, 0x000071c4459a0000]
CodeCache: size=245760Kb, used=15376Kb, max_used=15414Kb, free=230382Kb
 total_blobs=5448, nmethods=4805, adapters=547, full_count=0
Compilation: enabled, stopped_count=0, restarted_count=0

Compilation events (20 events):
Event: 3,608 Thread 0x000071c37c12fe70 4809       3       sun.security.util.BitArray::clone (9 bytes)
Event: 3,608 Thread 0x000071c3c0159e00 4810       3       sun.security.util.BitArray::<init> (27 bytes)
Event: 3,608 Thread 0x000071c3c0159e00 nmethod 4810 0x000071c43e7f3810 code [0x000071c43e7f39c0, 0x000071c43e7f3d10]
Event: 3,608 Thread 0x000071c37c12fe70 nmethod 4809 0x000071c43e7f3e90 code [0x000071c43e7f4060, 0x000071c43e7f4468]
Event: 3,614 Thread 0x000071c450223100 4812       3       sun.net.www.MessageHeader::grow (92 bytes)
Event: 3,614 Thread 0x000071c450223100 nmethod 4812 0x000071c43e7f4590 code [0x000071c43e7f4760, 0x000071c43e7f4c20]
Event: 3,618 Thread 0x000071c3cc02e230 4813       3       java.util.regex.Pattern::newSlice (181 bytes)
Event: 3,618 Thread 0x000071c3c0159e00 4814       3       java.util.Spliterators$ArraySpliterator::<init> (40 bytes)
Event: 3,618 Thread 0x000071c3c0159e00 nmethod 4814 0x000071c43e7f4d90 code [0x000071c43e7f4f20, 0x000071c43e7f50c0]
Event: 3,619 Thread 0x000071c3cc02e230 nmethod 4813 0x000071c43e7f5190 code [0x000071c43e7f54e0, 0x000071c43e7f67a0]
Event: 3,620 Thread 0x000071c450221a70 nmethod 4010 0x000071c445ba9890 code [0x000071c445baa360, 0x000071c445bb20c8]
Event: 3,620 Thread 0x000071c450221a70 4808       4       sun.security.util.ObjectIdentifier::check (80 bytes)
Event: 3,622 Thread 0x000071c450221a70 nmethod 4808 0x000071c445bb7190 code [0x000071c445bb7320, 0x000071c445bb74c0]
Event: 3,622 Thread 0x000071c450221a70 4754       4       java.nio.Buffer::remaining (20 bytes)
Event: 3,622 Thread 0x000071c450221a70 nmethod 4754 0x000071c445bb7610 code [0x000071c445bb7780, 0x000071c445bb7818]
Event: 3,622 Thread 0x000071c450221a70 4743       4       sun.nio.cs.UnicodeDecoder::decode (24 bytes)
Event: 3,622 Thread 0x000071c450221a70 nmethod 4743 0x000071c445bb7910 code [0x000071c445bb7a80, 0x000071c445bb7b38]
Event: 3,622 Thread 0x000071c450221a70 4757       4       java.nio.HeapCharBuffer::put (16 bytes)
Event: 3,623 Thread 0x000071c450221a70 nmethod 4757 0x000071c445bb7c10 code [0x000071c445bb7da0, 0x000071c445bb7ec0]
Event: 3,623 Thread 0x000071c450221a70 4811       4       java.util.Collections$UnmodifiableMap::getOrDefault (12 bytes)

GC Heap History (20 events):
Event: 2,938 GC heap after
{Heap after GC invocations=5 (full 0):
 PSYoungGen      total 29184K, used 4093K [0x00000000d5580000, 0x00000000d7a00000, 0x0000000100000000)
  eden space 25088K, 0% used [0x00000000d5580000,0x00000000d5580000,0x00000000d6e00000)
  from space 4096K, 99% used [0x00000000d6e80000,0x00000000d727f520,0x00000000d7280000)
  to   space 6144K, 0% used [0x00000000d7400000,0x00000000d7400000,0x00000000d7a00000)
 ParOldGen       total 68608K, used 8369K [0x0000000080000000, 0x0000000084300000, 0x00000000d5580000)
  object space 68608K, 12% used [0x0000000080000000,0x000000008082c768,0x0000000084300000)
 Metaspace       used 15593K, committed 16192K, reserved 1114112K
  class space    used 1594K, committed 1856K, reserved 1048576K
}
Event: 3,094 GC heap before
{Heap before GC invocations=6 (full 0):
 PSYoungGen      total 29184K, used 29181K [0x00000000d5580000, 0x00000000d7a00000, 0x0000000100000000)
  eden space 25088K, 100% used [0x00000000d5580000,0x00000000d6e00000,0x00000000d6e00000)
  from space 4096K, 99% used [0x00000000d6e80000,0x00000000d727f520,0x00000000d7280000)
  to   space 6144K, 0% used [0x00000000d7400000,0x00000000d7400000,0x00000000d7a00000)
 ParOldGen       total 68608K, used 8369K [0x0000000080000000, 0x0000000084300000, 0x00000000d5580000)
  object space 68608K, 12% used [0x0000000080000000,0x000000008082c768,0x0000000084300000)
 Metaspace       used 18223K, committed 18944K, reserved 1114112K
  class space    used 1884K, committed 2176K, reserved 1048576K
}
Event: 3,098 GC heap after
{Heap after GC invocations=6 (full 0):
 PSYoungGen      total 30208K, used 5290K [0x00000000d5580000, 0x00000000d7980000, 0x0000000100000000)
  eden space 24576K, 0% used [0x00000000d5580000,0x00000000d5580000,0x00000000d6d80000)
  from space 5632K, 93% used [0x00000000d7400000,0x00000000d792ab38,0x00000000d7980000)
  to   space 5632K, 0% used [0x00000000d6e80000,0x00000000d6e80000,0x00000000d7400000)
 ParOldGen       total 68608K, used 8377K [0x0000000080000000, 0x0000000084300000, 0x00000000d5580000)
  object space 68608K, 12% used [0x0000000080000000,0x000000008082e768,0x0000000084300000)
 Metaspace       used 18223K, committed 18944K, reserved 1114112K
  class space    used 1884K, committed 2176K, reserved 1048576K
}
Event: 3,212 GC heap before
{Heap before GC invocations=7 (full 0):
 PSYoungGen      total 30208K, used 29866K [0x00000000d5580000, 0x00000000d7980000, 0x0000000100000000)
  eden space 24576K, 100% used [0x00000000d5580000,0x00000000d6d80000,0x00000000d6d80000)
  from space 5632K, 93% used [0x00000000d7400000,0x00000000d792ab38,0x00000000d7980000)
  to   space 5632K, 0% used [0x00000000d6e80000,0x00000000d6e80000,0x00000000d7400000)
 ParOldGen       total 68608K, used 8377K [0x0000000080000000, 0x0000000084300000, 0x00000000d5580000)
  object space 68608K, 12% used [0x0000000080000000,0x000000008082e768,0x0000000084300000)
 Metaspace       used 20731K, committed 21440K, reserved 1114112K
  class space    used 2128K, committed 2432K, reserved 1048576K
}
Event: 3,215 GC heap after
{Heap after GC invocations=7 (full 0):
 PSYoungGen      total 29696K, used 5480K [0x00000000d5580000, 0x00000000d7800000, 0x0000000100000000)
  eden space 24064K, 0% used [0x00000000d5580000,0x00000000d5580000,0x00000000d6d00000)
  from space 5632K, 97% used [0x00000000d6e80000,0x00000000d73da0d0,0x00000000d7400000)
  to   space 4096K, 0% used [0x00000000d7400000,0x00000000d7400000,0x00000000d7800000)
 ParOldGen       total 68608K, used 9749K [0x0000000080000000, 0x0000000084300000, 0x00000000d5580000)
  object space 68608K, 14% used [0x0000000080000000,0x0000000080985780,0x0000000084300000)
 Metaspace       used 20731K, committed 21440K, reserved 1114112K
  class space    used 2128K, committed 2432K, reserved 1048576K
}
Event: 3,226 GC heap before
{Heap before GC invocations=8 (full 0):
 PSYoungGen      total 29696K, used 12157K [0x00000000d5580000, 0x00000000d7800000, 0x0000000100000000)
  eden space 24064K, 27% used [0x00000000d5580000,0x00000000d5c05358,0x00000000d6d00000)
  from space 5632K, 97% used [0x00000000d6e80000,0x00000000d73da0d0,0x00000000d7400000)
  to   space 4096K, 0% used [0x00000000d7400000,0x00000000d7400000,0x00000000d7800000)
 ParOldGen       total 68608K, used 9749K [0x0000000080000000, 0x0000000084300000, 0x00000000d5580000)
  object space 68608K, 14% used [0x0000000080000000,0x0000000080985780,0x0000000084300000)
 Metaspace       used 20751K, committed 21504K, reserved 1114112K
  class space    used 2128K, committed 2432K, reserved 1048576K
}
Event: 3,227 GC heap after
{Heap after GC invocations=8 (full 0):
 PSYoungGen      total 28160K, used 3911K [0x00000000d5580000, 0x00000000d7800000, 0x0000000100000000)
  eden space 24064K, 0% used [0x00000000d5580000,0x00000000d5580000,0x00000000d6d00000)
  from space 4096K, 95% used [0x00000000d7400000,0x00000000d77d1c58,0x00000000d7800000)
  to   space 4608K, 0% used [0x00000000d6f00000,0x00000000d6f00000,0x00000000d7380000)
 ParOldGen       total 68608K, used 10715K [0x0000000080000000, 0x0000000084300000, 0x00000000d5580000)
  object space 68608K, 15% used [0x0000000080000000,0x0000000080a76d48,0x0000000084300000)
 Metaspace       used 20751K, committed 21504K, reserved 1114112K
  class space    used 2128K, committed 2432K, reserved 1048576K
}
Event: 3,227 GC heap before
{Heap before GC invocations=9 (full 1):
 PSYoungGen      total 28160K, used 3911K [0x00000000d5580000, 0x00000000d7800000, 0x0000000100000000)
  eden space 24064K, 0% used [0x00000000d5580000,0x00000000d5580000,0x00000000d6d00000)
  from space 4096K, 95% used [0x00000000d7400000,0x00000000d77d1c58,0x00000000d7800000)
  to   space 4608K, 0% used [0x00000000d6f00000,0x00000000d6f00000,0x00000000d7380000)
 ParOldGen       total 68608K, used 10715K [0x0000000080000000, 0x0000000084300000, 0x00000000d5580000)
  object space 68608K, 15% used [0x0000000080000000,0x0000000080a76d48,0x0000000084300000)
 Metaspace       used 20751K, committed 21504K, reserved 1114112K
  class space    used 2128K, committed 2432K, reserved 1048576K
}
Event: 3,247 GC heap after
{Heap after GC invocations=9 (full 1):
 PSYoungGen      total 28160K, used 0K [0x00000000d5580000, 0x00000000d7800000, 0x0000000100000000)
  eden space 24064K, 0% used [0x00000000d5580000,0x00000000d5580000,0x00000000d6d00000)
  from space 4096K, 0% used [0x00000000d7400000,0x00000000d7400000,0x00000000d7800000)
  to   space 4608K, 0% used [0x00000000d6f00000,0x00000000d6f00000,0x00000000d7380000)
 ParOldGen       total 68608K, used 13858K [0x0000000080000000, 0x0000000084300000, 0x00000000d5580000)
  object space 68608K, 20% used [0x0000000080000000,0x0000000080d889d8,0x0000000084300000)
 Metaspace       used 20738K, committed 21504K, reserved 1114112K
  class space    used 2125K, committed 2432K, reserved 1048576K
}
Event: 3,336 GC heap before
{Heap before GC invocations=10 (full 1):
 PSYoungGen      total 28160K, used 24050K [0x00000000d5580000, 0x00000000d7800000, 0x0000000100000000)
  eden space 24064K, 99% used [0x00000000d5580000,0x00000000d6cfca60,0x00000000d6d00000)
  from space 4096K, 0% used [0x00000000d7400000,0x00000000d7400000,0x00000000d7800000)
  to   space 4608K, 0% used [0x00000000d6f00000,0x00000000d6f00000,0x00000000d7380000)
 ParOldGen       total 68608K, used 13858K [0x0000000080000000, 0x0000000084300000, 0x00000000d5580000)
  object space 68608K, 20% used [0x0000000080000000,0x0000000080d889d8,0x0000000084300000)
 Metaspace       used 24633K, committed 25344K, reserved 1114112K
  class space    used 2415K, committed 2688K, reserved 1048576K
}
Event: 3,337 GC heap after
{Heap after GC invocations=10 (full 1):
 PSYoungGen      total 24064K, used 406K [0x00000000d5580000, 0x00000000d7480000, 0x0000000100000000)
  eden space 23552K, 0% used [0x00000000d5580000,0x00000000d5580000,0x00000000d6c80000)
  from space 512K, 79% used [0x00000000d6f00000,0x00000000d6f65958,0x00000000d6f80000)
  to   space 2048K, 0% used [0x00000000d7280000,0x00000000d7280000,0x00000000d7480000)
 ParOldGen       total 68608K, used 13858K [0x0000000080000000, 0x0000000084300000, 0x00000000d5580000)
  object space 68608K, 20% used [0x0000000080000000,0x0000000080d889d8,0x0000000084300000)
 Metaspace       used 24633K, committed 25344K, reserved 1114112K
  class space    used 2415K, committed 2688K, reserved 1048576K
}
Event: 3,410 GC heap before
{Heap before GC invocations=11 (full 1):
 PSYoungGen      total 24064K, used 23958K [0x00000000d5580000, 0x00000000d7480000, 0x0000000100000000)
  eden space 23552K, 100% used [0x00000000d5580000,0x00000000d6c80000,0x00000000d6c80000)
  from space 512K, 79% used [0x00000000d6f00000,0x00000000d6f65958,0x00000000d6f80000)
  to   space 2048K, 0% used [0x00000000d7280000,0x00000000d7280000,0x00000000d7480000)
 ParOldGen       total 68608K, used 13858K [0x0000000080000000, 0x0000000084300000, 0x00000000d5580000)
  object space 68608K, 20% used [0x0000000080000000,0x0000000080d889d8,0x0000000084300000)
 Metaspace       used 25989K, committed 26816K, reserved 1114112K
  class space    used 2504K, committed 2880K, reserved 1048576K
}
Event: 3,412 GC heap after
{Heap after GC invocations=11 (full 1):
 PSYoungGen      total 25088K, used 1951K [0x00000000d5580000, 0x00000000d7480000, 0x0000000100000000)
  eden space 23040K, 0% used [0x00000000d5580000,0x00000000d5580000,0x00000000d6c00000)
  from space 2048K, 95% used [0x00000000d7280000,0x00000000d7467f58,0x00000000d7480000)
  to   space 2560K, 0% used [0x00000000d6f80000,0x00000000d6f80000,0x00000000d7200000)
 ParOldGen       total 68608K, used 14647K [0x0000000080000000, 0x0000000084300000, 0x00000000d5580000)
  object space 68608K, 21% used [0x0000000080000000,0x0000000080e4dee8,0x0000000084300000)
 Metaspace       used 25989K, committed 26816K, reserved 1114112K
  class space    used 2504K, committed 2880K, reserved 1048576K
}
Event: 3,533 GC heap before
{Heap before GC invocations=12 (full 1):
 PSYoungGen      total 25088K, used 24991K [0x00000000d5580000, 0x00000000d7480000, 0x0000000100000000)
  eden space 23040K, 100% used [0x00000000d5580000,0x00000000d6c00000,0x00000000d6c00000)
  from space 2048K, 95% used [0x00000000d7280000,0x00000000d7467f58,0x00000000d7480000)
  to   space 2560K, 0% used [0x00000000d6f80000,0x00000000d6f80000,0x00000000d7200000)
 ParOldGen       total 68608K, used 14647K [0x0000000080000000, 0x0000000084300000, 0x00000000d5580000)
  object space 68608K, 21% used [0x0000000080000000,0x0000000080e4dee8,0x0000000084300000)
 Metaspace       used 29917K, committed 30848K, reserved 1114112K
  class space    used 2925K, committed 3328K, reserved 1048576K
}
Event: 3,534 GC heap after
{Heap after GC invocations=12 (full 1):
 PSYoungGen      total 24576K, used 1837K [0x00000000d5580000, 0x00000000d7300000, 0x0000000100000000)
  eden space 22528K, 0% used [0x00000000d5580000,0x00000000d5580000,0x00000000d6b80000)
  from space 2048K, 89% used [0x00000000d6f80000,0x00000000d714b7d0,0x00000000d7180000)
  to   space 1536K, 0% used [0x00000000d7180000,0x00000000d7180000,0x00000000d7300000)
 ParOldGen       total 68608K, used 16494K [0x0000000080000000, 0x0000000084300000, 0x00000000d5580000)
  object space 68608K, 24% used [0x0000000080000000,0x000000008101b820,0x0000000084300000)
 Metaspace       used 29917K, committed 30848K, reserved 1114112K
  class space    used 2925K, committed 3328K, reserved 1048576K
}
Event: 3,590 GC heap before
{Heap before GC invocations=13 (full 1):
 PSYoungGen      total 24576K, used 24365K [0x00000000d5580000, 0x00000000d7300000, 0x0000000100000000)
  eden space 22528K, 100% used [0x00000000d5580000,0x00000000d6b80000,0x00000000d6b80000)
  from space 2048K, 89% used [0x00000000d6f80000,0x00000000d714b7d0,0x00000000d7180000)
  to   space 1536K, 0% used [0x00000000d7180000,0x00000000d7180000,0x00000000d7300000)
 ParOldGen       total 68608K, used 16494K [0x0000000080000000, 0x0000000084300000, 0x00000000d5580000)
  object space 68608K, 24% used [0x0000000080000000,0x000000008101b820,0x0000000084300000)
 Metaspace       used 32744K, committed 33728K, reserved 1114112K
  class space    used 3290K, committed 3712K, reserved 1048576K
}
Event: 3,592 GC heap after
{Heap after GC invocations=13 (full 1):
 PSYoungGen      total 23552K, used 1518K [0x00000000d5580000, 0x00000000d7800000, 0x0000000100000000)
  eden space 22016K, 0% used [0x00000000d5580000,0x00000000d5580000,0x00000000d6b00000)
  from space 1536K, 98% used [0x00000000d7180000,0x00000000d72fb988,0x00000000d7300000)
  to   space 6656K, 0% used [0x00000000d6b00000,0x00000000d6b00000,0x00000000d7180000)
 ParOldGen       total 68608K, used 20555K [0x0000000080000000, 0x0000000084300000, 0x00000000d5580000)
  object space 68608K, 29% used [0x0000000080000000,0x0000000081412ec0,0x0000000084300000)
 Metaspace       used 32744K, committed 33728K, reserved 1114112K
  class space    used 3290K, committed 3712K, reserved 1048576K
}
Event: 3,623 GC heap before
{Heap before GC invocations=14 (full 1):
 PSYoungGen      total 23552K, used 16084K [0x00000000d5580000, 0x00000000d7800000, 0x0000000100000000)
  eden space 22016K, 66% used [0x00000000d5580000,0x00000000d63b9688,0x00000000d6b00000)
  from space 1536K, 98% used [0x00000000d7180000,0x00000000d72fb988,0x00000000d7300000)
  to   space 6656K, 0% used [0x00000000d6b00000,0x00000000d6b00000,0x00000000d7180000)
 ParOldGen       total 68608K, used 20555K [0x0000000080000000, 0x0000000084300000, 0x00000000d5580000)
  object space 68608K, 29% used [0x0000000080000000,0x0000000081412ec0,0x0000000084300000)
 Metaspace       used 34898K, committed 35840K, reserved 1114112K
  class space    used 3522K, committed 3968K, reserved 1048576K
}
Event: 3,625 GC heap after
{Heap after GC invocations=14 (full 1):
 PSYoungGen      total 23552K, used 1056K [0x00000000d5580000, 0x00000000d7200000, 0x0000000100000000)
  eden space 22016K, 0% used [0x00000000d5580000,0x00000000d5580000,0x00000000d6b00000)
  from space 1536K, 68% used [0x00000000d6b00000,0x00000000d6c08000,0x00000000d6c80000)
  to   space 3072K, 0% used [0x00000000d6f00000,0x00000000d6f00000,0x00000000d7200000)
 ParOldGen       total 68608K, used 21637K [0x0000000080000000, 0x0000000084300000, 0x00000000d5580000)
  object space 68608K, 31% used [0x0000000080000000,0x00000000815217e0,0x0000000084300000)
 Metaspace       used 34898K, committed 35840K, reserved 1114112K
  class space    used 3522K, committed 3968K, reserved 1048576K
}
Event: 3,625 GC heap before
{Heap before GC invocations=15 (full 2):
 PSYoungGen      total 23552K, used 1056K [0x00000000d5580000, 0x00000000d7200000, 0x0000000100000000)
  eden space 22016K, 0% used [0x00000000d5580000,0x00000000d5580000,0x00000000d6b00000)
  from space 1536K, 68% used [0x00000000d6b00000,0x00000000d6c08000,0x00000000d6c80000)
  to   space 3072K, 0% used [0x00000000d6f00000,0x00000000d6f00000,0x00000000d7200000)
 ParOldGen       total 68608K, used 21637K [0x0000000080000000, 0x0000000084300000, 0x00000000d5580000)
  object space 68608K, 31% used [0x0000000080000000,0x00000000815217e0,0x0000000084300000)
 Metaspace       used 34898K, committed 35840K, reserved 1114112K
  class space    used 3522K, committed 3968K, reserved 1048576K
}

Dll operation events (11 events):
Event: 0,001 Loaded shared library /home/francisco/.vscode/extensions/redhat.java-1.54.0-linux-x64/jre/21.0.10-linux-x86_64/lib/libjava.so
Event: 0,034 Loaded shared library /home/francisco/.vscode/extensions/redhat.java-1.54.0-linux-x64/jre/21.0.10-linux-x86_64/lib/libzip.so
Event: 0,044 Loaded shared library /home/francisco/.vscode/extensions/redhat.java-1.54.0-linux-x64/jre/21.0.10-linux-x86_64/lib/libinstrument.so
Event: 0,045 Loaded shared library /home/francisco/.vscode/extensions/redhat.java-1.54.0-linux-x64/jre/21.0.10-linux-x86_64/lib/libnio.so
Event: 0,047 Loaded shared library /home/francisco/.vscode/extensions/redhat.java-1.54.0-linux-x64/jre/21.0.10-linux-x86_64/lib/libzip.so
Event: 0,056 Loaded shared library /home/francisco/.vscode/extensions/redhat.java-1.54.0-linux-x64/jre/21.0.10-linux-x86_64/lib/libjimage.so
Event: 0,086 Loaded shared library /home/francisco/.vscode/extensions/redhat.java-1.54.0-linux-x64/jre/21.0.10-linux-x86_64/lib/libverify.so
Event: 0,355 Loaded shared library /home/francisco/.vscode/extensions/redhat.java-1.54.0-linux-x64/jre/21.0.10-linux-x86_64/lib/libnet.so
Event: 0,544 Loaded shared library /home/francisco/.config/Code/User/globalStorage/redhat.java/1.54.0/config_linux/org.eclipse.equinox.launcher/org.eclipse.equinox.launcher.gtk.linux.x86_64_1.2.1500.v20250801-0854/eclipse_11916.so
Event: 2,918 Loaded shared library /home/francisco/.vscode/extensions/redhat.java-1.54.0-linux-x64/jre/21.0.10-linux-x86_64/lib/libmanagement.so
Event: 2,919 Loaded shared library /home/francisco/.vscode/extensions/redhat.java-1.54.0-linux-x64/jre/21.0.10-linux-x86_64/lib/libmanagement_ext.so

Deoptimization events (20 events):
Event: 3,557 Thread 0x000071c348000ff0 Uncommon trap: trap_request=0xffffffde fr.pc=0x000071c445b43c34 relative=0x00000000000000f4
Event: 3,557 Thread 0x000071c348000ff0 Uncommon trap: reason=class_check action=maybe_recompile pc=0x000071c445b43c34 method=java.lang.Character.codePointAt(Ljava/lang/CharSequence;I)I @ 2 c2
Event: 3,557 Thread 0x000071c348000ff0 DEOPT PACKING pc=0x000071c445b43c34 sp=0x000071c34fefdc40
Event: 3,557 Thread 0x000071c348000ff0 DEOPT UNPACKING pc=0x000071c4452b2399 sp=0x000071c34fefdbe8 mode 2
Event: 3,557 Thread 0x000071c348000ff0 Uncommon trap: trap_request=0xffffffde fr.pc=0x000071c445b43c34 relative=0x00000000000000f4
Event: 3,557 Thread 0x000071c348000ff0 Uncommon trap: reason=class_check action=maybe_recompile pc=0x000071c445b43c34 method=java.lang.Character.codePointAt(Ljava/lang/CharSequence;I)I @ 2 c2
Event: 3,557 Thread 0x000071c348000ff0 DEOPT PACKING pc=0x000071c445b43c34 sp=0x000071c34fefdc40
Event: 3,557 Thread 0x000071c348000ff0 DEOPT UNPACKING pc=0x000071c4452b2399 sp=0x000071c34fefdbe8 mode 2
Event: 3,557 Thread 0x000071c348000ff0 Uncommon trap: trap_request=0xffffffde fr.pc=0x000071c445b43c34 relative=0x00000000000000f4
Event: 3,557 Thread 0x000071c348000ff0 Uncommon trap: reason=class_check action=maybe_recompile pc=0x000071c445b43c34 method=java.lang.Character.codePointAt(Ljava/lang/CharSequence;I)I @ 2 c2
Event: 3,557 Thread 0x000071c348000ff0 DEOPT PACKING pc=0x000071c445b43c34 sp=0x000071c34fefdc40
Event: 3,557 Thread 0x000071c348000ff0 DEOPT UNPACKING pc=0x000071c4452b2399 sp=0x000071c34fefdbe8 mode 2
Event: 3,573 Thread 0x000071c380185c80 Uncommon trap: trap_request=0xffffffec fr.pc=0x000071c445a8abb8 relative=0x0000000000000eb8
Event: 3,573 Thread 0x000071c380185c80 Uncommon trap: reason=null_assert_or_unreached0 action=make_not_entrant pc=0x000071c445a8abb8 method=java.lang.String.<init>(Ljava/nio/charset/Charset;[BII)V @ 516 c2
Event: 3,573 Thread 0x000071c380185c80 DEOPT PACKING pc=0x000071c445a8abb8 sp=0x000071c3f08f4de0
Event: 3,573 Thread 0x000071c380185c80 DEOPT UNPACKING pc=0x000071c4452b2399 sp=0x000071c3f08f4d88 mode 2
Event: 3,585 Thread 0x000071c380185c80 Uncommon trap: trap_request=0xffffff45 fr.pc=0x000071c445ae52f8 relative=0x00000000000002b8
Event: 3,585 Thread 0x000071c380185c80 Uncommon trap: reason=unstable_if action=reinterpret pc=0x000071c445ae52f8 method=java.net.URI$Parser.scan(IIJJ)I @ 42 c2
Event: 3,585 Thread 0x000071c380185c80 DEOPT PACKING pc=0x000071c445ae52f8 sp=0x000071c3f08f4000
Event: 3,585 Thread 0x000071c380185c80 DEOPT UNPACKING pc=0x000071c4452b2399 sp=0x000071c3f08f3f90 mode 2

Classes loaded (20 events):
Event: 3,623 Loading class sun/security/ssl/ClientHello$T12ClientHelloConsumer done
Event: 3,623 Loading class sun/security/ssl/ClientHello$T13ClientHelloConsumer
Event: 3,623 Loading class java/util/concurrent/atomic/AtomicLongArray
Event: 3,623 Loading class sun/security/ssl/ClientHello$T13ClientHelloConsumer done
Event: 3,623 Loading class sun/security/ssl/ClientHello$D12ClientHelloConsumer
Event: 3,623 Loading class java/util/concurrent/atomic/AtomicLongArray done
Event: 3,623 Loading class sun/security/ssl/ClientHello$D12ClientHelloConsumer done
Event: 3,623 Loading class sun/security/ssl/ClientHello$D13ClientHelloConsumer
Event: 3,623 Loading class sun/security/ssl/ClientHello$D13ClientHelloConsumer done
Event: 3,623 Loading class sun/security/ssl/ServerHello
Event: 3,623 Loading class sun/security/ssl/ServerHello done
Event: 3,623 Loading class sun/security/ssl/ServerHello$ServerHelloConsumer
Event: 3,623 Loading class sun/security/ssl/ServerHello$ServerHelloConsumer done
Event: 3,623 Loading class sun/security/ssl/ServerHello$T12ServerHelloProducer
Event: 3,623 Loading class sun/security/ssl/ServerHello$T12ServerHelloProducer done
Event: 3,623 Loading class sun/security/ssl/ServerHello$T13ServerHelloProducer
Event: 3,623 Loading class sun/security/ssl/ServerHello$T13ServerHelloProducer done
Event: 3,623 Loading class sun/security/ssl/ServerHello$T13HelloRetryRequestProducer
Event: 3,623 Loading class sun/security/ssl/ServerHello$T13HelloRetryRequestProducer done
Event: 3,623 Loading class sun/security/ssl/ServerHello$T13HelloRetryRequestReproducer

Classes unloaded (7 events):
Event: 3,230 Thread 0x000071c4502112e0 Unloading class 0x000071c3f41ac000 'java/lang/invoke/LambdaForm$MH+0x000071c3f41ac000'
Event: 3,230 Thread 0x000071c4502112e0 Unloading class 0x000071c3f41abc00 'java/lang/invoke/LambdaForm$MH+0x000071c3f41abc00'
Event: 3,230 Thread 0x000071c4502112e0 Unloading class 0x000071c3f41ab800 'java/lang/invoke/LambdaForm$MH+0x000071c3f41ab800'
Event: 3,230 Thread 0x000071c4502112e0 Unloading class 0x000071c3f41ab400 'java/lang/invoke/LambdaForm$MH+0x000071c3f41ab400'
Event: 3,230 Thread 0x000071c4502112e0 Unloading class 0x000071c3f41ab000 'java/lang/invoke/LambdaForm$BMH+0x000071c3f41ab000'
Event: 3,230 Thread 0x000071c4502112e0 Unloading class 0x000071c3f41aac00 'java/lang/invoke/LambdaForm$DMH+0x000071c3f41aac00'
Event: 3,230 Thread 0x000071c4502112e0 Unloading class 0x000071c3f41a9800 'java/lang/invoke/LambdaForm$DMH+0x000071c3f41a9800'

Classes redefined (0 events):
No events

Internal exceptions (20 events):
Event: 3,360 Thread 0x000071c450509540 Exception <a 'java/io/FileNotFoundException'{0x00000000d62b84e0}> (0x00000000d62b84e0) 
thrown [src/hotspot/share/prims/jni.cpp, line 520]
Event: 3,395 Thread 0x000071c450509540 Exception <a 'java/io/FileNotFoundException'{0x00000000d6ac85c0}> (0x00000000d6ac85c0) 
thrown [src/hotspot/share/prims/jni.cpp, line 520]
Event: 3,449 Thread 0x000071c450509540 Exception <a 'java/lang/ClassNotFoundException'{0x00000000d5a14048}: com/sun/org/apache/xml/internal/serializer/spi/XMLEntitiesProvider> (0x00000000d5a14048) 
thrown [src/hotspot/share/classfile/systemDictionary.cpp, line 312]
Event: 3,485 Thread 0x000071c450509540 Exception <a 'java/io/FileNotFoundException'{0x00000000d5dc1900}> (0x00000000d5dc1900) 
thrown [src/hotspot/share/prims/jni.cpp, line 520]
Event: 3,491 Thread 0x000071c450509540 Exception <a 'java/io/FileNotFoundException'{0x00000000d5e73c20}> (0x00000000d5e73c20) 
thrown [src/hotspot/share/prims/jni.cpp, line 520]
Event: 3,494 Thread 0x000071c450509540 Exception <a 'java/io/FileNotFoundException'{0x00000000d5f05570}> (0x00000000d5f05570) 
thrown [src/hotspot/share/prims/jni.cpp, line 520]
Event: 3,520 Thread 0x000071c45002ad80 Exception <a 'java/io/FileNotFoundException'{0x00000000d66cf5b0}> (0x00000000d66cf5b0) 
thrown [src/hotspot/share/prims/jni.cpp, line 520]
Event: 3,530 Thread 0x000071c45002ad80 Exception <a 'java/lang/NoSuchMethodError'{0x00000000d6af1b28}: 'java.lang.Object java.lang.invoke.DirectMethodHandle$Holder.invokeStatic(java.lang.Object, long, java.lang.Object)'> (0x00000000d6af1b28) 
thrown [src/hotspot/share/interpreter/linkResolver.cpp, line 772]
Event: 3,530 Thread 0x000071c45002ad80 Exception <a 'java/lang/NoSuchMethodError'{0x00000000d6b33078}: 'java.lang.Object java.lang.invoke.DirectMethodHandle$Holder.invokeStaticInit(java.lang.Object, long, java.lang.Object)'> (0x00000000d6b33078) 
thrown [src/hotspot/share/interpreter/linkResolver.cpp, line 772]
Event: 3,530 Thread 0x000071c45002ad80 Exception <a 'java/lang/NoSuchMethodError'{0x00000000d6b55d30}: 'java.lang.Object java.lang.invoke.DirectMethodHandle$Holder.newInvokeSpecial(java.lang.Object, long)'> (0x00000000d6b55d30) 
thrown [src/hotspot/share/interpreter/linkResolver.cpp, line 772]
Event: 3,543 Thread 0x000071c348000ff0 Exception <a 'java/lang/NoSuchMethodError'{0x00000000d57f26c8}: 'java.lang.Object java.lang.invoke.DirectMethodHandle$Holder.invokeStaticInit(java.lang.Object, java.lang.Object, java.lang.Object, java.lang.Object, java.lang.Object, java.lang.Object, java.lang.Object)'> (0x00000000d57f26c8) 
thrown [src/hotspot/share/interpreter/linkResolver.cpp, line 772]
Event: 3,543 Thread 0x000071c348000ff0 Exception <a 'java/lang/NoSuchMethodError'{0x00000000d57f6ea0}: 'java.lang.Object java.lang.invoke.Invokers$Holder.invoke_MT(java.lang.Object, java.lang.Object, java.lang.Object, java.lang.Object, java.lang.Object, java.lang.Object, java.lang.Object, java.lang.Object, java.lang.Object)'> (0x00000000d57f6ea0) 
thrown [src/hotspot/share/interpreter/linkResolver.cpp, line 772]
Event: 3,546 Thread 0x000071c348000ff0 Exception <a 'java/lang/NoSuchMethodError'{0x00000000d58f0e60}: 'int java.lang.invoke.DirectMethodHandle$Holder.invokeVirtual(java.lang.Object, java.lang.Object, java.lang.Object)'> (0x00000000d58f0e60) 
thrown [src/hotspot/share/interpreter/linkResolver.cpp, line 772]
Event: 3,547 Thread 0x000071c348000ff0 Exception <a 'java/lang/NoSuchMethodError'{0x00000000d590cc50}: 'int java.lang.invoke.DirectMethodHandle$Holder.invokeStaticInit(java.lang.Object, int, int)'> (0x00000000d590cc50) 
thrown [src/hotspot/share/interpreter/linkResolver.cpp, line 772]
Event: 3,547 Thread 0x000071c348000ff0 Exception <a 'java/lang/NoSuchMethodError'{0x00000000d5925308}: 'int java.lang.invoke.DirectMethodHandle$Holder.invokeStaticInit(java.lang.Object, long, long)'> (0x00000000d5925308) 
thrown [src/hotspot/share/interpreter/linkResolver.cpp, line 772]
Event: 3,547 Thread 0x000071c348000ff0 Exception <a 'java/lang/NoSuchMethodError'{0x00000000d592bca0}: 'int java.lang.invoke.DirectMethodHandle$Holder.invokeStaticInit(java.lang.Object, float, float)'> (0x00000000d592bca0) 
thrown [src/hotspot/share/interpreter/linkResolver.cpp, line 772]
Event: 3,548 Thread 0x000071c348000ff0 Exception <a 'java/lang/NoSuchMethodError'{0x00000000d595e3d0}: 'int java.lang.invoke.DirectMethodHandle$Holder.invokeStaticInit(java.lang.Object, double, double)'> (0x00000000d595e3d0) 
thrown [src/hotspot/share/interpreter/linkResolver.cpp, line 772]
Event: 3,548 Thread 0x000071c348000ff0 Exception <a 'java/lang/NoSuchMethodError'{0x00000000d5977378}: 'int java.lang.invoke.DirectMethodHandle$Holder.invokeStatic(java.lang.Object, long)'> (0x00000000d5977378) 
thrown [src/hotspot/share/interpreter/linkResolver.cpp, line 772]
Event: 3,549 Thread 0x000071c348000ff0 Exception <a 'java/lang/NoSuchMethodError'{0x00000000d59d3e20}: 'int java.lang.invoke.Invokers$Holder.linkToTargetMethod(java.lang.Object, java.lang.Object)'> (0x00000000d59d3e20) 
thrown [src/hotspot/share/interpreter/linkResolver.cpp, line 772]
Event: 3,567 Thread 0x000071c348000ff0 Exception <a 'java/lang/NoSuchMethodError'{0x00000000d5fc84a8}: 'java.lang.Object java.lang.invoke.DirectMethodHandle$Holder.invokeSpecialIFC(java.lang.Object, java.lang.Object, java.lang.Object, java.lang.Object)'> (0x00000000d5fc84a8) 
thrown [src/hotspot/share/interpreter/linkResolver.cpp, line 772]

ZGC Phase Switch (0 events):
No events

VM Operations (20 events):
Event: 3,409 Executing non-safepoint VM operation: HandshakeAllThreads (Deoptimize) done
Event: 3,409 Executing non-safepoint VM operation: HandshakeAllThreads (Deoptimize)
Event: 3,409 Executing non-safepoint VM operation: HandshakeAllThreads (Deoptimize) done
Event: 3,410 Executing safepoint VM operation: ParallelGCFailedAllocation (Allocation Failure)
Event: 3,412 Executing safepoint VM operation: ParallelGCFailedAllocation (Allocation Failure) done
Event: 3,475 Executing non-safepoint VM operation: HandshakeAllThreads (Deoptimize)
Event: 3,475 Executing non-safepoint VM operation: HandshakeAllThreads (Deoptimize) done
Event: 3,520 Executing non-safepoint VM operation: HandshakeAllThreads (Deoptimize)
Event: 3,520 Executing non-safepoint VM operation: HandshakeAllThreads (Deoptimize) done
Event: 3,532 Executing safepoint VM operation: ParallelGCFailedAllocation (Allocation Failure)
Event: 3,534 Executing safepoint VM operation: ParallelGCFailedAllocation (Allocation Failure) done
Event: 3,538 Executing non-safepoint VM operation: HandshakeAllThreads (Deoptimize)
Event: 3,539 Executing non-safepoint VM operation: HandshakeAllThreads (Deoptimize) done
Event: 3,553 Executing non-safepoint VM operation: HandshakeAllThreads (Deoptimize)
Event: 3,553 Executing non-safepoint VM operation: HandshakeAllThreads (Deoptimize) done
Event: 3,590 Executing safepoint VM operation: ParallelGCFailedAllocation (Allocation Failure)
Event: 3,592 Executing safepoint VM operation: ParallelGCFailedAllocation (Allocation Failure) done
Event: 3,614 Executing non-safepoint VM operation: HandshakeAllThreads (Deoptimize)
Event: 3,614 Executing non-safepoint VM operation: HandshakeAllThreads (Deoptimize) done
Event: 3,623 Executing safepoint VM operation: CollectForMetadataAllocation (Metadata GC Threshold)

Memory protections (20 events):
Event: 0,391 Protecting memory [0x000071c3f13fd000,0x000071c3f1401000] with protection modes 0
Event: 0,469 Protecting memory [0x000071c3f12fd000,0x000071c3f1301000] with protection modes 0
Event: 0,542 Protecting memory [0x000071c3f10fc000,0x000071c3f1100000] with protection modes 0
Event: 0,560 Protecting memory [0x000071c3f0ffc000,0x000071c3f1000000] with protection modes 0
Event: 0,562 Protecting memory [0x000071c3f0efc000,0x000071c3f0f00000] with protection modes 0
Event: 0,692 Protecting memory [0x000071c3f0cfb000,0x000071c3f0cff000] with protection modes 0
Event: 2,750 Protecting memory [0x000071c3f1e00000,0x000071c3f1e04000] with protection modes 0
Event: 2,782 Protecting memory [0x000071c3f1b00000,0x000071c3f1b04000] with protection modes 0
Event: 2,782 Protecting memory [0x000071c3f1d00000,0x000071c3f1d04000] with protection modes 0
Event: 2,782 Protecting memory [0x000071c3f1900000,0x000071c3f1904000] with protection modes 0
Event: 2,871 Protecting memory [0x000071c3f1800000,0x000071c3f1804000] with protection modes 0
Event: 2,895 Protecting memory [0x000071c3f13fd000,0x000071c3f1401000] with protection modes 0
Event: 2,960 Protecting memory [0x000071c3f08f8000,0x000071c3f08fc000] with protection modes 0
Event: 2,967 Protecting memory [0x000071c3f07f8000,0x000071c3f07fc000] with protection modes 0
Event: 3,125 Protecting memory [0x000071c3f05f7000,0x000071c3f05fb000] with protection modes 0
Event: 3,389 Protecting memory [0x000071c3f02f5000,0x000071c3f02f9000] with protection modes 0
Event: 3,506 Protecting memory [0x000071c34ff00000,0x000071c34ff04000] with protection modes 0
Event: 3,525 Protecting memory [0x000071c34fe00000,0x000071c34fe04000] with protection modes 0
Event: 3,539 Protecting memory [0x000071c34fd00000,0x000071c34fd04000] with protection modes 0
Event: 3,589 Protecting memory [0x000071c34fc00000,0x000071c34fc04000] with protection modes 0

Nmethod flushes (0 events):
No events

Events (20 events):
Event: 0,830 Thread 0x000071c3b00f7360 Thread exited: 0x000071c3b00f7360
Event: 1,036 Thread 0x000071c3c414c110 Thread exited: 0x000071c3c414c110
Event: 1,247 Thread 0x000071c3cc098820 Thread exited: 0x000071c3cc098820
Event: 1,247 Thread 0x000071c3c4022110 Thread exited: 0x000071c3c4022110
Event: 1,792 Thread 0x000071c3c4074a70 Thread exited: 0x000071c3c4074a70
Event: 1,792 Thread 0x000071c3cc02f4e0 Thread exited: 0x000071c3cc02f4e0
Event: 2,750 Thread 0x000071c450509540 Thread added: 0x000071c380223a00
Event: 2,782 Thread 0x000071c450221a70 Thread added: 0x000071c3c813a840
Event: 2,782 Thread 0x000071c450221a70 Thread added: 0x000071c3c813b260
Event: 2,782 Thread 0x000071c450221a70 Thread added: 0x000071c3c813bfa0
Event: 2,871 Thread 0x000071c450509540 Thread added: 0x000071c3800cea20
Event: 2,895 Thread 0x000071c3cc02e230 Thread added: 0x000071c3c0159e00
Event: 2,960 Thread 0x000071c450509540 Thread added: 0x000071c380170c60
Event: 2,967 Thread 0x000071c450509540 Thread added: 0x000071c380185c80
Event: 3,125 Thread 0x000071c3c0159e00 Thread added: 0x000071c37c12fe70
Event: 3,389 Thread 0x000071c450509540 Thread added: 0x000071c380a2d6e0
Event: 3,506 Thread 0x000071c380185c80 Thread added: 0x000071c36c001b70
Event: 3,525 Thread 0x000071c36c001b70 Thread added: 0x000071c348000ff0
Event: 3,539 Thread 0x000071c45002ad80 Thread added: 0x000071c450589fc0
Event: 3,589 Thread 0x000071c37c12fe70 Thread added: 0x000071c3640c1e90


Dynamic libraries:
80000000-84300000 rw-p 00000000 00:00 0 
84300000-d5580000 ---p 00000000 00:00 0 
d5580000-d7200000 rw-p 00000000 00:00 0 
d7200000-100000000 ---p 00000000 00:00 0 
653e3c9fe000-653e3c9ff000 r-xp 00000000 103:02 10503444                  /home/francisco/.vscode/extensions/redhat.java-1.54.0-linux-x64/jre/21.0.10-linux-x86_64/bin/java
653e3ca00000-653e3ca01000 r--p 00001000 103:02 10503444                  /home/francisco/.vscode/extensions/redhat.java-1.54.0-linux-x64/jre/21.0.10-linux-x86_64/bin/java
653e3ca01000-653e3ca02000 rw-p 00002000 103:02 10503444                  /home/francisco/.vscode/extensions/redhat.java-1.54.0-linux-x64/jre/21.0.10-linux-x86_64/bin/java
653e3d096000-653e3d0dd000 rw-p 00000000 00:00 0                          [heap]
71c338000000-71c338212000 rw-p 00000000 00:00 0 
71c338212000-71c33c000000 ---p 00000000 00:00 0 
71c340000000-71c3401e9000 rw-p 00000000 00:00 0 
71c3401e9000-71c344000000 ---p 00000000 00:00 0 
71c344000000-71c344021000 rw-p 00000000 00:00 0 
71c344021000-71c348000000 ---p 00000000 00:00 0 
71c348000000-71c348021000 rw-p 00000000 00:00 0 
71c348021000-71c34c000000 ---p 00000000 00:00 0 
71c34f919000-71c34fc00000 rw-p 00000000 00:00 0 
71c34fc00000-71c34fc04000 ---p 00000000 00:00 0 
71c34fc04000-71c34fd00000 rw-p 00000000 00:00 0 
71c34fd00000-71c34fd04000 ---p 00000000 00:00 0 
71c34fd04000-71c34fe00000 rw-p 00000000 00:00 0 
71c34fe00000-71c34fe04000 ---p 00000000 00:00 0 
71c34fe04000-71c34ff00000 rw-p 00000000 00:00 0 
71c34ff00000-71c34ff04000 ---p 00000000 00:00 0 
71c34ff04000-71c350000000 rw-p 00000000 00:00 0 
71c350000000-71c350021000 rw-p 00000000 00:00 0 
71c350021000-71c354000000 ---p 00000000 00:00 0 
71c354000000-71c354021000 rw-p 00000000 00:00 0 
71c354021000-71c358000000 ---p 00000000 00:00 0 
71c358000000-71c358021000 rw-p 00000000 00:00 0 
71c358021000-71c35c000000 ---p 00000000 00:00 0 
71c35c000000-71c35c021000 rw-p 00000000 00:00 0 
71c35c021000-71c360000000 ---p 00000000 00:00 0 
71c360000000-71c360021000 rw-p 00000000 00:00 0 
71c360021000-71c364000000 ---p 00000000 00:00 0 
71c364000000-71c364126000 rw-p 00000000 00:00 0 
71c364126000-71c368000000 ---p 00000000 00:00 0 
71c368000000-71c3680fa000 rw-p 00000000 00:00 0 
71c3680fa000-71c36c000000 ---p 00000000 00:00 0 
71c36c000000-71c36c12f000 rw-p 00000000 00:00 0 
71c36c12f000-71c370000000 ---p 00000000 00:00 0 
71c370000000-71c370021000 rw-p 00000000 00:00 0 
71c370021000-71c374000000 ---p 00000000 00:00 0 
71c374000000-71c374021000 rw-p 00000000 00:00 0 
71c374021000-71c378000000 ---p 00000000 00:00 0 
71c378000000-71c378021000 rw-p 00000000 00:00 0 
71c378021000-71c37c000000 ---p 00000000 00:00 0 
71c37c000000-71c37c241000 rw-p 00000000 00:00 0 
71c37c241000-71c380000000 ---p 00000000 00:00 0 
71c380000000-71c380af7000 rw-p 00000000 00:00 0 
71c380af7000-71c384000000 ---p 00000000 00:00 0 
71c384000000-71c384021000 rw-p 00000000 00:00 0 
71c384021000-71c388000000 ---p 00000000 00:00 0 
71c388000000-71c388030000 rw-p 00000000 00:00 0 
71c388030000-71c38c000000 ---p 00000000 00:00 0 
71c38c000000-71c38c021000 rw-p 00000000 00:00 0 
71c38c021000-71c390000000 ---p 00000000 00:00 0 
71c390000000-71c390021000 rw-p 00000000 00:00 0 
71c390021000-71c394000000 ---p 00000000 00:00 0 
71c394000000-71c394021000 rw-p 00000000 00:00 0 
71c394021000-71c398000000 ---p 00000000 00:00 0 
71c398000000-71c398021000 rw-p 00000000 00:00 0 
71c398021000-71c39c000000 ---p 00000000 00:00 0 
71c39c000000-71c39c254000 rw-p 00000000 00:00 0 
71c39c254000-71c3a0000000 ---p 00000000 00:00 0 
71c3a0000000-71c3a01aa000 rw-p 00000000 00:00 0 
71c3a01aa000-71c3a4000000 ---p 00000000 00:00 0 
71c3a4000000-71c3a4021000 rw-p 00000000 00:00 0 
71c3a4021000-71c3a8000000 ---p 00000000 00:00 0 
71c3a8000000-71c3a8869000 rw-p 00000000 00:00 0 
71c3a8869000-71c3ac000000 ---p 00000000 00:00 0 
71c3ac000000-71c3ac48f000 rw-p 00000000 00:00 0 
71c3ac48f000-71c3b0000000 ---p 00000000 00:00 0 
71c3b0000000-71c3b0125000 rw-p 00000000 00:00 0 
71c3b0125000-71c3b4000000 ---p 00000000 00:00 0 
71c3b4000000-71c3b4021000 rw-p 00000000 00:00 0 
71c3b4021000-71c3b8000000 ---p 00000000 00:00 0 
71c3b8000000-71c3b8a42000 rw-p 00000000 00:00 0 
71c3b8a42000-71c3bc000000 ---p 00000000 00:00 0 
71c3bc000000-71c3bc021000 rw-p 00000000 00:00 0 
71c3bc021000-71c3c0000000 ---p 00000000 00:00 0 
71c3c0000000-71c3c0382000 rw-p 00000000 00:00 0 
71c3c0382000-71c3c4000000 ---p 00000000 00:00 0 
71c3c4000000-71c3c41db000 rw-p 00000000 00:00 0 
71c3c41db000-71c3c8000000 ---p 00000000 00:00 0 
71c3c8000000-71c3c899d000 rw-p 00000000 00:00 0 
71c3c899d000-71c3cc000000 ---p 00000000 00:00 0 
71c3cc000000-71c3cc415000 rw-p 00000000 00:00 0 
71c3cc415000-71c3d0000000 ---p 00000000 00:00 0 
71c3d0000000-71c3d0021000 rw-p 00000000 00:00 0 
71c3d0021000-71c3d4000000 ---p 00000000 00:00 0 
71c3d4000000-71c3d4021000 rw-p 00000000 00:00 0 
71c3d4021000-71c3d8000000 ---p 00000000 00:00 0 
71c3d8000000-71c3d8021000 rw-p 00000000 00:00 0 
71c3d8021000-71c3dc000000 ---p 00000000 00:00 0 
71c3dc000000-71c3dc021000 rw-p 00000000 00:00 0 
71c3dc021000-71c3e0000000 ---p 00000000 00:00 0 
71c3e0000000-71c3e0021000 rw-p 00000000 00:00 0 
71c3e0021000-71c3e4000000 ---p 00000000 00:00 0 
71c3e4000000-71c3e4021000 rw-p 00000000 00:00 0 
71c3e4021000-71c3e8000000 ---p 00000000 00:00 0 
71c3e8000000-71c3e83f0000 rw-p 00000000 00:00 0 
71c3e83f0000-71c3e8770000 rw-p 00000000 00:00 0 
71c3e8770000-71c3e87f0000 rw-p 00000000 00:00 0 
71c3e87f0000-71c3e8930000 rw-p 00000000 00:00 0 
71c3e8930000-71c3e8970000 rw-p 00000000 00:00 0 
71c3e8970000-71c3e8af0000 rw-p 00000000 00:00 0 
71c3e8af0000-71c3e8bf0000 rw-p 00000000 00:00 0 
71c3e8bf0000-71c3e90f0000 rw-p 00000000 00:00 0 
71c3e90f0000-71c3e91f0000 rw-p 00000000 00:00 0 
71c3e91f0000-71c3e98f0000 rw-p 00000000 00:00 0 
71c3e98f0000-71c3e99f0000 rw-p 00000000 00:00 0 
71c3e99f0000-71c3e9bf0000 rw-p 00000000 00:00 0 
71c3e9bf0000-71c3e9cf0000 rw-p 00000000 00:00 0 
71c3e9cf0000-71c3e9df0000 rw-p 00000000 00:00 0 
71c3e9df0000-71c3e9f20000 rw-p 00000000 00:00 0 
71c3e9f20000-71c3ec000000 ---p 00000000 00:00 0 
71c3ec000000-71c3ec021000 rw-p 00000000 00:00 0 
71c3ec021000-71c3f0000000 ---p 00000000 00:00 0 
71c3f01f4000-71c3f01f5000 ---p 00000000 00:00 0 
71c3f01f5000-71c3f02f5000 rw-p 00000000 00:00 0 
71c3f02f5000-71c3f02f9000 ---p 00000000 00:00 0 
71c3f02f9000-71c3f03f5000 rw-p 00000000 00:00 0 
71c3f03f5000-71c3f03f6000 ---p 00000000 00:00 0 
71c3f03f6000-71c3f04f6000 rw-p 00000000 00:00 0 
71c3f04f6000-71c3f04f7000 ---p 00000000 00:00 0 
71c3f04f7000-71c3f05f7000 rw-p 00000000 00:00 0 
71c3f05f7000-71c3f05fb000 ---p 00000000 00:00 0 
71c3f05fb000-71c3f06f7000 rw-p 00000000 00:00 0 
71c3f06f7000-71c3f06f8000 ---p 00000000 00:00 0 
71c3f06f8000-71c3f07f8000 rw-p 00000000 00:00 0 
71c3f07f8000-71c3f07fc000 ---p 00000000 00:00 0 
71c3f07fc000-71c3f08f8000 rw-p 00000000 00:00 0 
71c3f08f8000-71c3f08fc000 ---p 00000000 00:00 0 
71c3f08fc000-71c3f09f8000 rw-p 00000000 00:00 0 
71c3f09f8000-71c3f09f9000 ---p 00000000 00:00 0 
71c3f09f9000-71c3f0af9000 rw-p 00000000 00:00 0 
71c3f0af9000-71c3f0afa000 ---p 00000000 00:00 0 
71c3f0afa000-71c3f0bfa000 rw-p 00000000 00:00 0 
71c3f0bfa000-71c3f0bfb000 ---p 00000000 00:00 0 
71c3f0bfb000-71c3f0cfb000 rw-p 00000000 00:00 0 
71c3f0cfb000-71c3f0cff000 ---p 00000000 00:00 0 
71c3f0cff000-71c3f0dfb000 rw-p 00000000 00:00 0 
71c3f0dfb000-71c3f0dfc000 ---p 00000000 00:00 0 
71c3f0dfc000-71c3f0efc000 rw-p 00000000 00:00 0 
71c3f0efc000-71c3f0f00000 ---p 00000000 00:00 0 
71c3f0f00000-71c3f0ffc000 rw-p 00000000 00:00 0 
71c3f0ffc000-71c3f1000000 ---p 00000000 00:00 0 
71c3f1000000-71c3f10fc000 rw-p 00000000 00:00 0 
71c3f10fc000-71c3f1100000 ---p 00000000 00:00 0 
71c3f1100000-71c3f11fc000 rw-p 00000000 00:00 0 
71c3f11fc000-71c3f11fd000 ---p 00000000 00:00 0 
71c3f11fd000-71c3f12fd000 rw-p 00000000 00:00 0 
71c3f12fd000-71c3f1301000 ---p 00000000 00:00 0 
71c3f1301000-71c3f13fd000 rw-p 00000000 00:00 0 
71c3f13fd000-71c3f1401000 ---p 00000000 00:00 0 
71c3f1401000-71c3f14fd000 rw-p 00000000 00:00 0 
71c3f14fd000-71c3f14fe000 ---p 00000000 00:00 0 
71c3f14fe000-71c3f15fe000 rw-p 00000000 00:00 0 
71c3f15fe000-71c3f15ff000 ---p 00000000 00:00 0 
71c3f15ff000-71c3f16ff000 rw-p 00000000 00:00 0 
71c3f16ff000-71c3f1700000 ---p 00000000 00:00 0 
71c3f1700000-71c3f1800000 rw-p 00000000 00:00 0 
71c3f1800000-71c3f1804000 ---p 00000000 00:00 0 
71c3f1804000-71c3f1900000 rw-p 00000000 00:00 0 
71c3f1900000-71c3f1904000 ---p 00000000 00:00 0 
71c3f1904000-71c3f1a00000 rw-p 00000000 00:00 0 
71c3f1a00000-71c3f1a04000 ---p 00000000 00:00 0 
71c3f1a04000-71c3f1b00000 rw-p 00000000 00:00 0 
71c3f1b00000-71c3f1b04000 ---p 00000000 00:00 0 
71c3f1b04000-71c3f1c00000 rw-p 00000000 00:00 0 
71c3f1c00000-71c3f1c04000 ---p 00000000 00:00 0 
71c3f1c04000-71c3f1d00000 rw-p 00000000 00:00 0 
71c3f1d00000-71c3f1d04000 ---p 00000000 00:00 0 
71c3f1d04000-71c3f1e00000 rw-p 00000000 00:00 0 
71c3f1e00000-71c3f1e04000 ---p 00000000 00:00 0 
71c3f1e04000-71c3f1f00000 rw-p 00000000 00:00 0 
71c3f1f00000-71c3f1f04000 ---p 00000000 00:00 0 
71c3f1f04000-71c3f2000000 rw-p 00000000 00:00 0 
71c3f2000000-71c3f2004000 ---p 00000000 00:00 0 
71c3f2004000-71c3f2100000 rw-p 00000000 00:00 0 
71c3f2100000-71c3f2104000 ---p 00000000 00:00 0 
71c3f2104000-71c3f2200000 rw-p 00000000 00:00 0 
71c3f2200000-71c3f2204000 ---p 00000000 00:00 0 
71c3f2204000-71c3f2300000 rw-p 00000000 00:00 0 
71c3f2300000-71c3f2304000 ---p 00000000 00:00 0 
71c3f2304000-71c3f2400000 rw-p 00000000 00:00 0 
71c3f2400000-71c3f2404000 ---p 00000000 00:00 0 
71c3f2404000-71c3f2500000 rw-p 00000000 00:00 0 
71c3f2500000-71c3f2504000 ---p 00000000 00:00 0 
71c3f2504000-71c3f2600000 rw-p 00000000 00:00 0 
71c3f2600000-71c3f2b77000 r--p 00000000 103:02 16915718                  /usr/lib/locale/locale-archive
71c3f2bfd000-71c3f2c01000 ---p 00000000 00:00 0 
71c3f2c01000-71c3f2cfd000 rw-p 00000000 00:00 0 
71c3f2cfd000-71c3f2cfe000 ---p 00000000 00:00 0 
71c3f2cfe000-71c3f2dfe000 rw-p 00000000 00:00 0 
71c3f2dfe000-71c3f3000000 rw-p 00000000 00:00 0 
71c3f3000000-71c3f3bbb000 rw-p 00001000 103:02 10503478                  /home/francisco/.vscode/extensions/redhat.java-1.54.0-linux-x64/jre/21.0.10-linux-x86_64/lib/server/classes.jsa
71c3f3bbb000-71c3f4000000 ---p 00000000 00:00 0 
71c3f4000000-71c3f4030000 rw-p 00000000 00:00 0 
71c3f4030000-71c3f40b0000 rw-p 00000000 00:00 0 
71c3f40b0000-71c3f40f0000 rw-p 00000000 00:00 0 
71c3f40f0000-71c3f41f0000 rw-p 00000000 00:00 0 
71c3f41f0000-71c3f4370000 rw-p 00000000 00:00 0 
71c3f4370000-71c3f4380000 ---p 00000000 00:00 0 
71c3f4380000-71c3f43f0000 rw-p 00000000 00:00 0 
71c3f43f0000-71c434000000 ---p 00000000 00:00 0 
71c434000000-71c438021000 rw-p 00000000 00:00 0 
71c438021000-71c43c000000 ---p 00000000 00:00 0 
71c43c0e3000-71c43de00000 rw-p 00000000 00:00 0 
71c43de00000-71c43e800000 rwxp 00000000 00:00 0 
71c43e800000-71c44525f000 ---p 00000000 00:00 0 
71c44525f000-71c4455cf000 rwxp 00000000 00:00 0 
71c4455cf000-71c4459a0000 ---p 00000000 00:00 0 
71c4459a0000-71c445c10000 rwxp 00000000 00:00 0 
71c445c10000-71c44ce00000 ---p 00000000 00:00 0 
71c44ce00000-71c44ffda000 r--s 00000000 103:02 10503365                  /home/francisco/.vscode/extensions/redhat.java-1.54.0-linux-x64/jre/21.0.10-linux-x86_64/lib/modules
71c450000000-71c4506d2000 rw-p 00000000 00:00 0 
71c4506d2000-71c454000000 ---p 00000000 00:00 0 
71c454020000-71c454026000 r-xp 00000000 103:02 10503377                  /home/francisco/.vscode/extensions/redhat.java-1.54.0-linux-x64/jre/21.0.10-linux-x86_64/lib/libmanagement_ext.so
71c454026000-71c454027000 r--p 00005000 103:02 10503377                  /home/francisco/.vscode/extensions/redhat.java-1.54.0-linux-x64/jre/21.0.10-linux-x86_64/lib/libmanagement_ext.so
71c454027000-71c454028000 rw-p 00006000 103:02 10503377                  /home/francisco/.vscode/extensions/redhat.java-1.54.0-linux-x64/jre/21.0.10-linux-x86_64/lib/libmanagement_ext.so
71c454028000-71c45402c000 r-xp 00000000 103:02 10503379                  /home/francisco/.vscode/extensions/redhat.java-1.54.0-linux-x64/jre/21.0.10-linux-x86_64/lib/libmanagement.so
71c45402c000-71c45402d000 r--p 00003000 103:02 10503379                  /home/francisco/.vscode/extensions/redhat.java-1.54.0-linux-x64/jre/21.0.10-linux-x86_64/lib/libmanagement.so
71c45402d000-71c45402e000 rw-p 00004000 103:02 10503379                  /home/francisco/.vscode/extensions/redhat.java-1.54.0-linux-x64/jre/21.0.10-linux-x86_64/lib/libmanagement.so
71c45402e000-71c454032000 r--p 00000000 103:02 10789161                  /home/francisco/.config/Code/User/globalStorage/redhat.java/1.54.0/config_linux/org.eclipse.equinox.launcher/org.eclipse.equinox.launcher.gtk.linux.x86_64_1.2.1500.v20250801-0854/eclipse_11916.so
71c454032000-71c45403c000 r-xp 00004000 103:02 10789161                  /home/francisco/.config/Code/User/globalStorage/redhat.java/1.54.0/config_linux/org.eclipse.equinox.launcher/org.eclipse.equinox.launcher.gtk.linux.x86_64_1.2.1500.v20250801-0854/eclipse_11916.so
71c45403c000-71c45403f000 r--p 0000e000 103:02 10789161                  /home/francisco/.config/Code/User/globalStorage/redhat.java/1.54.0/config_linux/org.eclipse.equinox.launcher/org.eclipse.equinox.launcher.gtk.linux.x86_64_1.2.1500.v20250801-0854/eclipse_11916.so
71c45403f000-71c454040000 r--p 00010000 103:02 10789161                  /home/francisco/.config/Code/User/globalStorage/redhat.java/1.54.0/config_linux/org.eclipse.equinox.launcher/org.eclipse.equinox.launcher.gtk.linux.x86_64_1.2.1500.v20250801-0854/eclipse_11916.so
71c454040000-71c454041000 rw-p 00011000 103:02 10789161                  /home/francisco/.config/Code/User/globalStorage/redhat.java/1.54.0/config_linux/org.eclipse.equinox.launcher/org.eclipse.equinox.launcher.gtk.linux.x86_64_1.2.1500.v20250801-0854/eclipse_11916.so
71c454041000-71c454042000 rw-p 00000000 00:00 0 
71c454042000-71c454066000 r--p 00000000 103:02 18227194                  /usr/share/locale-langpack/pt_BR/LC_MESSAGES/libc.mo
71c454066000-71c454073000 r-xp 00000000 103:02 10503367                  /home/francisco/.vscode/extensions/redhat.java-1.54.0-linux-x64/jre/21.0.10-linux-x86_64/lib/libverify.so
71c454073000-71c454075000 r--p 0000c000 103:02 10503367                  /home/francisco/.vscode/extensions/redhat.java-1.54.0-linux-x64/jre/21.0.10-linux-x86_64/lib/libverify.so
71c454075000-71c454076000 rw-p 0000e000 103:02 10503367                  /home/francisco/.vscode/extensions/redhat.java-1.54.0-linux-x64/jre/21.0.10-linux-x86_64/lib/libverify.so
71c454076000-71c45487e000 rw-p 00000000 00:00 0 
71c45487e000-71c45487f000 ---p 00000000 00:00 0 
71c45487f000-71c45497f000 rw-p 00000000 00:00 0 
71c45497f000-71c454e00000 rw-p 00000000 00:00 0 
71c454e03000-71c454e0a000 r--s 00000000 103:02 16911104                  /usr/lib/x86_64-linux-gnu/gconv/gconv-modules.cache
71c454e0a000-71c454e1e000 r-xp 00000000 103:02 10503374                  /home/francisco/.vscode/extensions/redhat.java-1.54.0-linux-x64/jre/21.0.10-linux-x86_64/lib/libnio.so
71c454e1e000-71c454e1f000 r--p 00013000 103:02 10503374                  /home/francisco/.vscode/extensions/redhat.java-1.54.0-linux-x64/jre/21.0.10-linux-x86_64/lib/libnio.so
71c454e1f000-71c454e20000 rw-p 00014000 103:02 10503374                  /home/francisco/.vscode/extensions/redhat.java-1.54.0-linux-x64/jre/21.0.10-linux-x86_64/lib/libnio.so
71c454e20000-71c454e3b000 r-xp 00000000 103:02 10503366                  /home/francisco/.vscode/extensions/redhat.java-1.54.0-linux-x64/jre/21.0.10-linux-x86_64/lib/libzip.so
71c454e3b000-71c454e3c000 r--p 0001a000 103:02 10503366                  /home/francisco/.vscode/extensions/redhat.java-1.54.0-linux-x64/jre/21.0.10-linux-x86_64/lib/libzip.so
71c454e3c000-71c454e3d000 rw-p 0001b000 103:02 10503366                  /home/francisco/.vscode/extensions/redhat.java-1.54.0-linux-x64/jre/21.0.10-linux-x86_64/lib/libzip.so
71c454e3d000-71c454eba000 rw-p 00000000 00:00 0 
71c454eba000-71c455143000 ---p 00000000 00:00 0 
71c455143000-71c455144000 ---p 00000000 00:00 0 
71c455144000-71c455244000 rw-p 00000000 00:00 0 
71c455244000-71c455266000 rw-p 00000000 00:00 0 
71c455266000-71c4554ee000 ---p 00000000 00:00 0 
71c4554ee000-71c4554fd000 rw-p 00000000 00:00 0 
71c4554fd000-71c455645000 ---p 00000000 00:00 0 
71c455645000-71c45564a000 rw-p 00000000 00:00 0 
71c45564a000-71c45572e000 ---p 00000000 00:00 0 
71c45572e000-71c455742000 rw-p 00000000 00:00 0 
71c455742000-71c455817000 ---p 00000000 00:00 0 
71c455817000-71c45581b000 ---p 00000000 00:00 0 
71c45581b000-71c455917000 rw-p 00000000 00:00 0 
71c455917000-71c455927000 r--p 00000000 103:02 16911117                  /usr/lib/x86_64-linux-gnu/libm.so.6
71c455927000-71c4559a6000 r-xp 00010000 103:02 16911117                  /usr/lib/x86_64-linux-gnu/libm.so.6
71c4559a6000-71c4559fe000 r--p 0008f000 103:02 16911117                  /usr/lib/x86_64-linux-gnu/libm.so.6
71c4559fe000-71c4559ff000 r--p 000e7000 103:02 16911117                  /usr/lib/x86_64-linux-gnu/libm.so.6
71c4559ff000-71c455a00000 rw-p 000e8000 103:02 16911117                  /usr/lib/x86_64-linux-gnu/libm.so.6
71c455a00000-71c456e1d000 r-xp 00000000 103:02 10503475                  /home/francisco/.vscode/extensions/redhat.java-1.54.0-linux-x64/jre/21.0.10-linux-x86_64/lib/server/libjvm.so
71c456e1d000-71c456ef2000 r--p 0141c000 103:02 10503475                  /home/francisco/.vscode/extensions/redhat.java-1.54.0-linux-x64/jre/21.0.10-linux-x86_64/lib/server/libjvm.so
71c456ef2000-71c456f22000 rw-p 014f1000 103:02 10503475                  /home/francisco/.vscode/extensions/redhat.java-1.54.0-linux-x64/jre/21.0.10-linux-x86_64/lib/server/libjvm.so
71c456f22000-71c456f88000 rw-p 00000000 00:00 0 
71c456f89000-71c456f95000 r-xp 00000000 103:02 10503375                  /home/francisco/.vscode/extensions/redhat.java-1.54.0-linux-x64/jre/21.0.10-linux-x86_64/lib/libnet.so
71c456f95000-71c456f96000 r--p 0000b000 103:02 10503375                  /home/francisco/.vscode/extensions/redhat.java-1.54.0-linux-x64/jre/21.0.10-linux-x86_64/lib/libnet.so
71c456f96000-71c456f97000 rw-p 0000c000 103:02 10503375                  /home/francisco/.vscode/extensions/redhat.java-1.54.0-linux-x64/jre/21.0.10-linux-x86_64/lib/libnet.so
71c456f97000-71c457000000 rw-p 00000000 00:00 0 
71c457000000-71c457028000 r--p 00000000 103:02 16911114                  /usr/lib/x86_64-linux-gnu/libc.so.6
71c457028000-71c4571b0000 r-xp 00028000 103:02 16911114                  /usr/lib/x86_64-linux-gnu/libc.so.6
71c4571b0000-71c4571ff000 r--p 001b0000 103:02 16911114                  /usr/lib/x86_64-linux-gnu/libc.so.6
71c4571ff000-71c457203000 r--p 001fe000 103:02 16911114                  /usr/lib/x86_64-linux-gnu/libc.so.6
71c457203000-71c457205000 rw-p 00202000 103:02 16911114                  /usr/lib/x86_64-linux-gnu/libc.so.6
71c457205000-71c457212000 rw-p 00000000 00:00 0 
71c457216000-71c45721d000 rw-p 00000000 00:00 0 
71c45721d000-71c457225000 ---p 00000000 00:00 0 
71c457225000-71c45722d000 rw-s 00000000 103:02 3145772                   /tmp/hsperfdata_francisco/8975
71c45722d000-71c45724e000 r-xp 00000000 103:02 10503389                  /home/francisco/.vscode/extensions/redhat.java-1.54.0-linux-x64/jre/21.0.10-linux-x86_64/lib/libjava.so
71c45724e000-71c45724f000 r--p 00020000 103:02 10503389                  /home/francisco/.vscode/extensions/redhat.java-1.54.0-linux-x64/jre/21.0.10-linux-x86_64/lib/libjava.so
71c45724f000-71c457250000 rw-p 00021000 103:02 10503389                  /home/francisco/.vscode/extensions/redhat.java-1.54.0-linux-x64/jre/21.0.10-linux-x86_64/lib/libjava.so
71c457250000-71c457251000 rw-p 00000000 00:00 0 
71c457251000-71c45726c000 r-xp 00000000 103:02 10503385                  /home/francisco/.vscode/extensions/redhat.java-1.54.0-linux-x64/jre/21.0.10-linux-x86_64/lib/libjimage.so
71c45726c000-71c45726d000 ---p 0001b000 103:02 10503385                  /home/francisco/.vscode/extensions/redhat.java-1.54.0-linux-x64/jre/21.0.10-linux-x86_64/lib/libjimage.so
71c45726d000-71c45726f000 r--p 0001b000 103:02 10503385                  /home/francisco/.vscode/extensions/redhat.java-1.54.0-linux-x64/jre/21.0.10-linux-x86_64/lib/libjimage.so
71c45726f000-71c457270000 rw-p 0001d000 103:02 10503385                  /home/francisco/.vscode/extensions/redhat.java-1.54.0-linux-x64/jre/21.0.10-linux-x86_64/lib/libjimage.so
71c457270000-71c457271000 r--p 00000000 103:02 16911128                  /usr/lib/x86_64-linux-gnu/librt.so.1
71c457271000-71c457272000 r-xp 00001000 103:02 16911128                  /usr/lib/x86_64-linux-gnu/librt.so.1
71c457272000-71c457273000 r--p 00002000 103:02 16911128                  /usr/lib/x86_64-linux-gnu/librt.so.1
71c457273000-71c457274000 r--p 00002000 103:02 16911128                  /usr/lib/x86_64-linux-gnu/librt.so.1
71c457274000-71c457275000 rw-p 00003000 103:02 16911128                  /usr/lib/x86_64-linux-gnu/librt.so.1
71c457275000-71c457277000 rw-p 00000000 00:00 0 
71c457277000-71c457278000 r--p 00000000 103:02 16911116                  /usr/lib/x86_64-linux-gnu/libdl.so.2
71c457278000-71c457279000 r-xp 00001000 103:02 16911116                  /usr/lib/x86_64-linux-gnu/libdl.so.2
71c457279000-71c45727a000 r--p 00002000 103:02 16911116                  /usr/lib/x86_64-linux-gnu/libdl.so.2
71c45727a000-71c45727b000 r--p 00002000 103:02 16911116                  /usr/lib/x86_64-linux-gnu/libdl.so.2
71c45727b000-71c45727c000 rw-p 00003000 103:02 16911116                  /usr/lib/x86_64-linux-gnu/libdl.so.2
71c45727c000-71c45727d000 r--p 00000000 103:02 16911126                  /usr/lib/x86_64-linux-gnu/libpthread.so.0
71c45727d000-71c45727e000 r-xp 00001000 103:02 16911126                  /usr/lib/x86_64-linux-gnu/libpthread.so.0
71c45727e000-71c45727f000 r--p 00002000 103:02 16911126                  /usr/lib/x86_64-linux-gnu/libpthread.so.0
71c45727f000-71c457280000 r--p 00002000 103:02 16911126                  /usr/lib/x86_64-linux-gnu/libpthread.so.0
71c457280000-71c457281000 rw-p 00003000 103:02 16911126                  /usr/lib/x86_64-linux-gnu/libpthread.so.0
71c457285000-71c45728f000 r-xp 00000000 103:02 10503394                  /home/francisco/.vscode/extensions/redhat.java-1.54.0-linux-x64/jre/21.0.10-linux-x86_64/lib/libinstrument.so
71c45728f000-71c457290000 ---p 0000a000 103:02 10503394                  /home/francisco/.vscode/extensions/redhat.java-1.54.0-linux-x64/jre/21.0.10-linux-x86_64/lib/libinstrument.so
71c457290000-71c457291000 r--p 0000a000 103:02 10503394                  /home/francisco/.vscode/extensions/redhat.java-1.54.0-linux-x64/jre/21.0.10-linux-x86_64/lib/libinstrument.so
71c457291000-71c457292000 rw-p 0000b000 103:02 10503394                  /home/francisco/.vscode/extensions/redhat.java-1.54.0-linux-x64/jre/21.0.10-linux-x86_64/lib/libinstrument.so
71c457292000-71c457293000 ---p 00000000 00:00 0 
71c457293000-71c457294000 r--p 00000000 00:00 0 
71c457294000-71c457295000 ---p 00000000 00:00 0 
71c457295000-71c4572ae000 r-xp 00000000 103:02 10503384                  /home/francisco/.vscode/extensions/redhat.java-1.54.0-linux-x64/jre/21.0.10-linux-x86_64/lib/libjli.so
71c4572ae000-71c4572af000 r--p 00018000 103:02 10503384                  /home/francisco/.vscode/extensions/redhat.java-1.54.0-linux-x64/jre/21.0.10-linux-x86_64/lib/libjli.so
71c4572af000-71c4572b0000 rw-p 00019000 103:02 10503384                  /home/francisco/.vscode/extensions/redhat.java-1.54.0-linux-x64/jre/21.0.10-linux-x86_64/lib/libjli.so
71c4572b0000-71c4572b2000 rw-p 00000000 00:00 0 
71c4572b2000-71c4572b3000 r--p 00000000 103:02 16911111                  /usr/lib/x86_64-linux-gnu/ld-linux-x86-64.so.2
71c4572b3000-71c4572de000 r-xp 00001000 103:02 16911111                  /usr/lib/x86_64-linux-gnu/ld-linux-x86-64.so.2
71c4572de000-71c4572e8000 r--p 0002c000 103:02 16911111                  /usr/lib/x86_64-linux-gnu/ld-linux-x86-64.so.2
71c4572e8000-71c4572ea000 r--p 00036000 103:02 16911111                  /usr/lib/x86_64-linux-gnu/ld-linux-x86-64.so.2
71c4572ea000-71c4572ec000 rw-p 00038000 103:02 16911111                  /usr/lib/x86_64-linux-gnu/ld-linux-x86-64.so.2
7ffea0f8c000-7ffea0fae000 rw-p 00000000 00:00 0                          [stack]
7ffea0fc4000-7ffea0fc8000 r--p 00000000 00:00 0                          [vvar]
7ffea0fc8000-7ffea0fca000 r-xp 00000000 00:00 0                          [vdso]
ffffffffff600000-ffffffffff601000 --xp 00000000 00:00 0                  [vsyscall]
Total number of mappings: 326

JVMTI agents:
/home/francisco/.vscode/extensions/redhat.java-1.54.0-linux-x64/lombok/lombok-1.18.39-4050.jar path:none, loaded, initialized, instrumentlib options:none


VM Arguments:
jvm_args: --add-modules=ALL-SYSTEM --add-opens=java.base/java.util=ALL-UNNAMED --add-opens=java.base/java.lang=ALL-UNNAMED --add-opens=java.base/sun.nio.fs=ALL-UNNAMED -Declipse.application=org.eclipse.jdt.ls.core.id1 -Dosgi.bundles.defaultStartLevel=4 -Declipse.product=org.eclipse.jdt.ls.core.product -Djava.import.generatesMetadataFilesAtProjectRoot=false -DDetectVMInstallationsJob.disabled=true -Dfile.encoding=utf8 -XX:+UseParallelGC -XX:GCTimeRatio=4 -XX:AdaptiveSizePolicyWeight=90 -Dsun.zip.disableMemoryMapping=true -Xmx2G -Xms100m -Xlog:disable -javaagent:/home/francisco/.vscode/extensions/redhat.java-1.54.0-linux-x64/lombok/lombok-1.18.39-4050.jar -XX:+HeapDumpOnOutOfMemoryError -XX:HeapDumpPath=/home/francisco/.config/Code/User/workspaceStorage/b6c7c1c42739e20c705c47e220ad72d4/redhat.java -Daether.dependencyCollector.impl=bf 
java_command: /home/francisco/.vscode/extensions/redhat.java-1.54.0-linux-x64/server/plugins/org.eclipse.equinox.launcher_1.7.100.v20251111-0406.jar -configuration /home/francisco/.config/Code/User/globalStorage/redhat.java/1.54.0/config_linux -data /home/francisco/.config/Code/User/workspaceStorage/b6c7c1c42739e20c705c47e220ad72d4/redhat.java/jdt_ws --pipe=/run/user/1000/lsp-d4c7d2230760b33015f7e7bbfb1f9d41.sock
java_class_path (initial): /home/francisco/.vscode/extensions/redhat.java-1.54.0-linux-x64/server/plugins/org.eclipse.equinox.launcher_1.7.100.v20251111-0406.jar
Launcher Type: SUN_STANDARD

[Global flags]
    uintx AdaptiveSizePolicyWeight                 = 90                                        {product} {command line}
     intx CICompilerCount                          = 12                                        {product} {ergonomic}
    uintx GCTimeRatio                              = 4                                         {product} {command line}
     bool HeapDumpOnOutOfMemoryError               = true                                   {manageable} {command line}
    ccstr HeapDumpPath                             = /home/francisco/.config/Code/User/workspaceStorage/b6c7c1c42739e20c705c47e220ad72d4/redhat.java         {manageable} {command line}
   size_t InitialHeapSize                          = 104857600                                 {product} {command line}
   size_t MaxHeapSize                              = 2147483648                                {product} {command line}
   size_t MaxNewSize                               = 715653120                                 {product} {ergonomic}
   size_t MinHeapDeltaBytes                        = 524288                                    {product} {ergonomic}
   size_t MinHeapSize                              = 104857600                                 {product} {command line}
   size_t NewSize                                  = 34603008                                  {product} {ergonomic}
    uintx NonNMethodCodeHeapSize                   = 7602480                                {pd product} {ergonomic}
    uintx NonProfiledCodeHeapSize                  = 122027880                              {pd product} {ergonomic}
   size_t OldSize                                  = 70254592                                  {product} {ergonomic}
    uintx ProfiledCodeHeapSize                     = 122027880                              {pd product} {ergonomic}
    uintx ReservedCodeCacheSize                    = 251658240                              {pd product} {ergonomic}
     bool SegmentedCodeCache                       = true                                      {product} {ergonomic}
   size_t SoftMaxHeapSize                          = 2147483648                             {manageable} {ergonomic}
     bool UseCompressedOops                        = true                           {product lp64_product} {ergonomic}
     bool UseParallelGC                            = true                                      {product} {command line}

Logging:
Log output configuration:
 #0: stdout all=off uptime,level,tags foldmultilines=false
 #1: stderr all=off uptime,level,tags foldmultilines=false

Release file:
JAVA_VERSION="21.0.10"
MODULES="java.base java.compiler java.datatransfer java.xml java.prefs java.desktop java.instrument java.logging java.management java.security.sasl java.naming java.rmi java.management.rmi java.net.http java.scripting java.security.jgss java.transaction.xa java.sql java.sql.rowset java.xml.crypto java.se java.smartcardio jdk.accessibility jdk.internal.jvmstat jdk.attach jdk.charsets jdk.internal.opt jdk.zipfs jdk.compiler jdk.crypto.ec jdk.crypto.cryptoki jdk.dynalink jdk.internal.ed jdk.editpad jdk.hotspot.agent jdk.httpserver jdk.internal.le jdk.internal.vm.ci jdk.internal.vm.compiler jdk.internal.vm.compiler.management jdk.jartool jdk.javadoc jdk.jcmd jdk.management jdk.management.agent jdk.jconsole jdk.jdeps jdk.jdwp.agent jdk.jdi jdk.jfr jdk.jshell jdk.jsobject jdk.jstatd jdk.localedata jdk.management.jfr jdk.naming.dns jdk.naming.rmi jdk.net jdk.nio.mapmode jdk.random jdk.sctp jdk.security.auth jdk.security.jgss jdk.unsupported jdk.unsupported.desktop jdk.xml.dom"

Environment Variables:
PATH=/home/francisco/.nvm/versions/node/v24.11.0/bin:/usr/local/sbin:/usr/local/bin:/usr/sbin:/usr/bin:/sbin:/bin:/usr/games:/usr/local/games:/snap/bin:/home/francisco/development/flutter/bin:/home/francisco/Android/Sdk/emulator:/home/francisco/Android/Sdk/platform-tools
SHELL=/bin/bash
DISPLAY=:0
LANG=pt_BR.UTF-8

Active Locale:
LC_ALL=pt_BR.UTF-8
LC_COLLATE=pt_BR.UTF-8
LC_CTYPE=pt_BR.UTF-8
LC_MESSAGES=pt_BR.UTF-8
LC_MONETARY=pt_BR.UTF-8
LC_NUMERIC=pt_BR.UTF-8
LC_TIME=pt_BR.UTF-8

Signal Handlers:
   SIGSEGV: crash_handler in libjvm.so, mask=11100100010111111101111111111110, flags=SA_RESTART|SA_SIGINFO, unblocked
    SIGBUS: crash_handler in libjvm.so, mask=11100100010111111101111111111110, flags=SA_RESTART|SA_SIGINFO, unblocked
    SIGFPE: crash_handler in libjvm.so, mask=11100100010111111101111111111110, flags=SA_RESTART|SA_SIGINFO, unblocked
   SIGPIPE: javaSignalHandler in libjvm.so, mask=11100100010111111101111111111110, flags=SA_RESTART|SA_SIGINFO, blocked
   SIGXFSZ: javaSignalHandler in libjvm.so, mask=11100100010111111101111111111110, flags=SA_RESTART|SA_SIGINFO, blocked
    SIGILL: crash_handler in libjvm.so, mask=11100100010111111101111111111110, flags=SA_RESTART|SA_SIGINFO, unblocked
   SIGUSR2: SR_handler in libjvm.so, mask=00000000000000000000000000000000, flags=SA_RESTART|SA_SIGINFO, blocked
    SIGHUP: UserHandler in libjvm.so, mask=11100100010111111101111111111110, flags=SA_RESTART|SA_SIGINFO, blocked
    SIGINT: UserHandler in libjvm.so, mask=11100100010111111101111111111110, flags=SA_RESTART|SA_SIGINFO, blocked
   SIGTERM: UserHandler in libjvm.so, mask=11100100010111111101111111111110, flags=SA_RESTART|SA_SIGINFO, blocked
   SIGQUIT: UserHandler in libjvm.so, mask=11100100010111111101111111111110, flags=SA_RESTART|SA_SIGINFO, blocked
   SIGTRAP: crash_handler in libjvm.so, mask=11100100010111111101111111111110, flags=SA_RESTART|SA_SIGINFO, unblocked


Periodic native trim disabled

---------------  S Y S T E M  ---------------

OS:
DISTRIB_ID=LinuxMint
DISTRIB_RELEASE=22.1
DISTRIB_CODENAME=xia
DISTRIB_DESCRIPTION="Linux Mint 22.1 Xia"
uname: Linux 6.8.0-101-generic #101-Ubuntu SMP PREEMPT_DYNAMIC Mon Feb  9 10:15:05 UTC 2026 x86_64
OS uptime: 0 days 0:55 hours
libc: glibc 2.39 NPTL 2.39 
rlimit (soft/hard): STACK 8192k/infinity , CORE 0k/infinity , NPROC 61195/61195 , NOFILE 1048576/1048576 , AS infinity/infinity , CPU infinity/infinity , DATA infinity/infinity , FSIZE infinity/infinity , MEMLOCK 1969428k/1969428k
load average: 1,63 0,71 0,48

/proc/meminfo:
MemTotal:       15755424 kB
MemFree:         6575604 kB
MemAvailable:    9991228 kB
Buffers:          203964 kB
Cached:          3468940 kB
SwapCached:            0 kB
Active:          6215468 kB
Inactive:        1821984 kB
Active(anon):    4478024 kB
Inactive(anon):        0 kB
Active(file):    1737444 kB
Inactive(file):  1821984 kB
Unevictable:          64 kB
Mlocked:              64 kB
SwapTotal:       2097148 kB
SwapFree:        2097148 kB
Zswap:                 0 kB
Zswapped:              0 kB
Dirty:            124348 kB
Writeback:             0 kB
AnonPages:       4365024 kB
Mapped:          1073992 kB
Shmem:            113484 kB
KReclaimable:     191784 kB
Slab:             407760 kB
SReclaimable:     191784 kB
SUnreclaim:       215976 kB
KernelStack:       25056 kB
PageTables:        60664 kB
SecPageTables:         0 kB
NFS_Unstable:          0 kB
Bounce:                0 kB
WritebackTmp:          0 kB
CommitLimit:     9974860 kB
Committed_AS:   25969240 kB
VmallocTotal:   34359738367 kB
VmallocUsed:       75944 kB
VmallocChunk:          0 kB
Percpu:            14208 kB
HardwareCorrupted:     0 kB
AnonHugePages:         0 kB
ShmemHugePages:        0 kB
ShmemPmdMapped:        0 kB
FileHugePages:         0 kB
FilePmdMapped:         0 kB
Unaccepted:            0 kB
HugePages_Total:       0
HugePages_Free:        0
HugePages_Rsvd:        0
HugePages_Surp:        0
Hugepagesize:       2048 kB
Hugetlb:               0 kB
DirectMap4k:      548024 kB
DirectMap2M:    11409408 kB
DirectMap1G:     5242880 kB

/sys/kernel/mm/transparent_hugepage/enabled: always [madvise] never
/sys/kernel/mm/transparent_hugepage/hpage_pmd_size: 2097152
/sys/kernel/mm/transparent_hugepage/defrag (defrag/compaction efforts parameter): always defer defer+madvise [madvise] never

Process Memory:
Virtual Size: 6675032K (peak: 6739376K)
Resident Set Size: 228440K (peak: 228440K) (anon: 191848K, file: 36592K, shmem: 0K)
Swapped out: 0K
C-Heap outstanding allocations: 104807K, retained: 18428K
glibc malloc tunables: (default)

/proc/sys/kernel/threads-max (system-wide limit on the number of threads): 122391
/proc/sys/vm/max_map_count (maximum number of memory map areas a process may have): 1048576
/proc/sys/vm/swappiness (control to define how aggressively the kernel swaps out anonymous memory): 60
/proc/sys/kernel/pid_max (system-wide limit on number of process identifiers): 4194304

container information not found.
Steal ticks since vm start: 0
Steal ticks percentage since vm start:  0,000

CPU: total 16 (initial active 16) (16 cores per cpu, 2 threads per core) family 25 model 80 stepping 0 microcode 0xa500011, cx8, cmov, fxsr, ht, mmx, 3dnowpref, sse, sse2, sse3, ssse3, sse4a, sse4.1, sse4.2, popcnt, lzcnt, tsc, tscinvbit, avx, avx2, aes, erms, clmul, bmi1, bmi2, adx, sha, fma, vzeroupper, clflush, clflushopt, rdtscp, rdpid, fsrm, f16c, pku, ospke, cet_ss
CPU Model and flags from /proc/cpuinfo:
model name	: AMD Ryzen 7 5825U with Radeon Graphics
flags		: fpu vme de pse tsc msr pae mce cx8 apic sep mtrr pge mca cmov pat pse36 clflush mmx fxsr sse sse2 ht syscall nx mmxext fxsr_opt pdpe1gb rdtscp lm constant_tsc rep_good nopl nonstop_tsc cpuid extd_apicid aperfmperf rapl pni pclmulqdq monitor ssse3 fma cx16 sse4_1 sse4_2 movbe popcnt aes xsave avx f16c rdrand lahf_lm cmp_legacy svm extapic cr8_legacy abm sse4a misalignsse 3dnowprefetch osvw ibs skinit wdt tce topoext perfctr_core perfctr_nb bpext perfctr_llc mwaitx cpb cat_l3 cdp_l3 hw_pstate ssbd mba ibrs ibpb stibp vmmcall fsgsbase bmi1 avx2 smep bmi2 erms invpcid cqm rdt_a rdseed adx smap clflushopt clwb sha_ni xsaveopt xsavec xgetbv1 xsaves cqm_llc cqm_occup_llc cqm_mbm_total cqm_mbm_local user_shstk clzero irperf xsaveerptr rdpru wbnoinvd cppc arat npt lbrv svm_lock nrip_save tsc_scale vmcb_clean flushbyasid decodeassists pausefilter pfthreshold avic v_vmsave_vmload vgif v_spec_ctrl umip pku ospke vaes vpclmulqdq rdpid overflow_recov succor smca fsrm debug_swap ibpb_exit_to_user

Online cpus: 0-15
Offline cpus: 
BIOS frequency limitation: <Not Available>
Frequency switch latency (ns): 0
Available cpu frequencies: <Not Available>
Current governor: powersave
Core performance/turbo boost: <Not Available>

Memory: 4k page, physical 15755424k(9991228k free), swap 2097148k(2097148k free)
Page Sizes: 4k

vm_info: OpenJDK 64-Bit Server VM (21.0.10+7-LTS) for linux-amd64 JRE (21.0.10+7-LTS), built on 2026-01-20T00:00:00Z by "admin" with gcc 11.3.0

END.
